DEBUG 2020-12-11 17:13:47,467 [5] WebAPI.Models.Organization getOrganization - Getting all organizations. {"SessionID":"a9870d04-f031-42b4-824a-b8276a75df91","Params":{"OrganizationID":"null","KeyStroke":"null"},"RequestedUser":"admin","Result":""}
DEBUG 2020-12-11 17:13:47,573 [5] WebAPI.Models.Organization getOrganization - Retreived Organization List {"SessionID":"a9870d04-f031-42b4-824a-b8276a75df91","Params":{"OrganizationID":"null","KeyStroke":"null"},"RequestedUser":"admin","Result":[{"Operation":0,"OrganizationID":79,"OrganizationName":"New Organisation","ShapeType":"","OrganizationAddress":"","GeocodedLocation":"","RGBValue":"","LatLong":"","Note":"","CreatedDate":"2020-09-27T12:10:42","UpdatedDate":"2020-09-27T12:10:42","CreatedBy":"admin","UpdatedBy":"admin"},{"Operation":0,"OrganizationID":75,"OrganizationName":"Birdi Systems Inc.","ShapeType":"","OrganizationAddress":"723 E. Green Street, Pasadena, CA","GeocodedLocation":"","RGBValue":"","LatLong":"34.144975224064495,-118.13570469617844 34.14497836340614,-118.13549816608429 34.14462675641512,-118.13550218939781 34.144623617060404,-118.1356979906559","Note":"From Solutions to Service.","CreatedDate":"0001-01-01T00:00:00","UpdatedDate":"2019-12-11T19:47:39","CreatedBy":null,"UpdatedBy":"admin"}]}
DEBUG 2020-12-11 17:13:47,778 [6] WebAPI.Models.Organization getOrganization - Getting organization details for OrganizationID {"SessionID":"3a1ab7f3-0b1b-49c3-aa53-1daf8121e09a","Params":{"OrganizationID":"75","KeyStroke":null},"RequestedUser":"admin","Result":""}
DEBUG 2020-12-11 17:13:47,793 [6] WebAPI.Models.Organization getOrganization - Retreived Organization List {"SessionID":"3a1ab7f3-0b1b-49c3-aa53-1daf8121e09a","Params":{"OrganizationID":"75","KeyStroke":null},"RequestedUser":"admin","Result":[{"Operation":0,"OrganizationID":75,"OrganizationName":"Birdi Systems Inc.","ShapeType":"","OrganizationAddress":"723 E. Green Street, Pasadena, CA","GeocodedLocation":"","RGBValue":"","LatLong":"34.144975224064495,-118.13570469617844 34.14497836340614,-118.13549816608429 34.14462675641512,-118.13550218939781 34.144623617060404,-118.1356979906559","Note":"From Solutions to Service.","CreatedDate":"0001-01-01T00:00:00","UpdatedDate":"2019-12-11T19:47:39","CreatedBy":null,"UpdatedBy":"admin"}]}
INFO  2020-12-11 17:26:23,600 [17] WebAPI.Controllers.ExportToMPPController GetFile - start of mpp export function
INFO  2020-12-11 17:26:23,953 [17] WebAPI.Controllers.ExportToMPPController GetFile - Before open application
INFO  2020-12-11 17:26:23,953 [17] WebAPI.Controllers.ExportToMPPController GetFile - Before filenew
INFO  2020-12-11 17:26:24,049 [17] WebAPI.Controllers.ExportToMPPController GetFile - ATTEMPT: 0
INFO  2020-12-11 17:26:24,051 [17] WebAPI.Controllers.ExportToMPPController GetFile - System.Runtime.InteropServices.COMException (0x80010001): Call was rejected by callee. (Exception from HRESULT: 0x80010001 (RPC_E_CALL_REJECTED))
   at System.RuntimeType.ForwardCallToInvokeMember(String memberName, BindingFlags flags, Object target, Int32[] aWrapperTypes, MessageData& msgData)
   at Microsoft.Office.Interop.MSProject.ApplicationClass.FileNew(Object SummaryInfo, Object Template, Object FileNewDialog, Object FileNewWorkpane)
   at WebAPI.Controllers.ExportToMPPController.GetFile(Int32 projectId, Int32 trendNumber, String granularity, Int32 phaseId) in C:\Manasi\Live Projects\CPP\CPPv3\WebAPI\CPPWebService\WebAPI\Controllers\ExportToMPPController.cs:line 102
INFO  2020-12-11 17:26:27,059 [17] WebAPI.Controllers.ExportToMPPController GetFile - start of mpp export function
INFO  2020-12-11 17:26:27,203 [17] WebAPI.Controllers.ExportToMPPController GetFile - Before open application
INFO  2020-12-11 17:26:27,204 [17] WebAPI.Controllers.ExportToMPPController GetFile - Before filenew
INFO  2020-12-11 17:26:27,669 [17] WebAPI.Controllers.ExportToMPPController GetFile - After filenew
INFO  2020-12-11 17:26:27,670 [17] WebAPI.Controllers.ExportToMPPController GetFile - C:\Manasi\Live Projects\CPP\CPPv3\WebAPI\CPPWebService\WebAPI\Uploads\IK04_Baseline_week_12112020_17-26-27.mpp Started parallel checkProcess
INFO  2020-12-11 17:26:29,715 [17] WebAPI.Controllers.ExportToMPPController GetFile - C:\Manasi\Live Projects\CPP\CPPv3\WebAPI\CPPWebService\WebAPI\Uploads\IK04_Baseline_week_12112020_17-26-27.mpp before saving
INFO  2020-12-11 17:26:29,934 [17] WebAPI.Controllers.ExportToMPPController GetFile - C:\Manasi\Live Projects\CPP\CPPv3\WebAPI\CPPWebService\WebAPI\Uploads\IK04_Baseline_week_12112020_17-26-27.mpp Saved successfully
INFO  2020-12-11 17:26:30,055 [17] WebAPI.Controllers.ExportToMPPController GetFile - Before Process Kill
INFO  2020-12-11 17:26:30,057 [17] WebAPI.Controllers.ExportToMPPController GetFile - After Process Kill
INFO  2020-12-11 17:26:30,058 [17] WebAPI.Controllers.ExportToMPPController GetFile - C:\Manasi\Live Projects\CPP\CPPv3\WebAPI\CPPWebService\WebAPI\Uploads\IK04_Baseline_week_12112020_17-26-27.mpp before GetBinaryFile
INFO  2020-12-11 17:26:30,112 [17] WebAPI.Controllers.ExportToMPPController GetFile - C:\Manasi\Live Projects\CPP\CPPv3\WebAPI\CPPWebService\WebAPI\Uploads\IK04_Baseline_week_12112020_17-26-27.mpp after GetBinaryFile
INFO  2020-12-11 17:26:30,116 [17] WebAPI.Controllers.ExportToMPPController GetFile - C:\Manasi\Live Projects\CPP\CPPv3\WebAPI\CPPWebService\WebAPI\Uploads\IK04_Baseline_week_12112020_17-26-27.mpp before DeleteFile
INFO  2020-12-11 17:26:30,156 [17] WebAPI.Controllers.ExportToMPPController GetFile - C:\Manasi\Live Projects\CPP\CPPv3\WebAPI\CPPWebService\WebAPI\Uploads\IK04_Baseline_week_12112020_17-26-27.mpp after DeleteFile
INFO  2020-12-11 17:32:21,979 [7] WebAPI.Controllers.ExportToMPPController GetFile - start of mpp export function
INFO  2020-12-11 17:32:25,391 [7] WebAPI.Controllers.ExportToMPPController GetFile - Before open application
INFO  2020-12-11 17:32:25,392 [7] WebAPI.Controllers.ExportToMPPController GetFile - Before filenew
INFO  2020-12-11 17:32:25,947 [7] WebAPI.Controllers.ExportToMPPController GetFile - After filenew
INFO  2020-12-11 17:32:25,954 [7] WebAPI.Controllers.ExportToMPPController GetFile - C:\Manasi\Live Projects\CPP\CPPv3\WebAPI\CPPWebService\WebAPI\Uploads\IK04_Baseline_week_12112020_17-32-25.mpp Started parallel checkProcess
INFO  2020-12-11 17:32:25,956 [5] WebAPI.Controllers.ExportToMPPController <checkProcess>b__6_0 - Inside parallel task - before sleep
INFO  2020-12-11 17:32:29,337 [7] WebAPI.Controllers.ExportToMPPController GetFile - C:\Manasi\Live Projects\CPP\CPPv3\WebAPI\CPPWebService\WebAPI\Uploads\IK04_Baseline_week_12112020_17-32-25.mpp before saving
INFO  2020-12-11 17:32:29,440 [7] WebAPI.Controllers.ExportToMPPController GetFile - C:\Manasi\Live Projects\CPP\CPPv3\WebAPI\CPPWebService\WebAPI\Uploads\IK04_Baseline_week_12112020_17-32-25.mpp Saved successfully
INFO  2020-12-11 17:32:29,927 [7] WebAPI.Controllers.ExportToMPPController GetFile - Before Process Kill
INFO  2020-12-11 17:32:29,933 [7] WebAPI.Controllers.ExportToMPPController GetFile - After Process Kill
INFO  2020-12-11 17:32:29,935 [7] WebAPI.Controllers.ExportToMPPController GetFile - C:\Manasi\Live Projects\CPP\CPPv3\WebAPI\CPPWebService\WebAPI\Uploads\IK04_Baseline_week_12112020_17-32-25.mpp before GetBinaryFile
INFO  2020-12-11 17:32:30,022 [7] WebAPI.Controllers.ExportToMPPController GetFile - C:\Manasi\Live Projects\CPP\CPPv3\WebAPI\CPPWebService\WebAPI\Uploads\IK04_Baseline_week_12112020_17-32-25.mpp after GetBinaryFile
INFO  2020-12-11 17:32:30,025 [7] WebAPI.Controllers.ExportToMPPController GetFile - C:\Manasi\Live Projects\CPP\CPPv3\WebAPI\CPPWebService\WebAPI\Uploads\IK04_Baseline_week_12112020_17-32-25.mpp before DeleteFile
INFO  2020-12-11 17:32:30,225 [7] WebAPI.Controllers.ExportToMPPController GetFile - C:\Manasi\Live Projects\CPP\CPPv3\WebAPI\CPPWebService\WebAPI\Uploads\IK04_Baseline_week_12112020_17-32-25.mpp after DeleteFile
INFO  2020-12-11 17:32:31,159 [5] WebAPI.Controllers.ExportToMPPController <checkProcess>b__6_0 - Inside parallel task - after sleep
INFO  2020-12-11 17:32:31,163 [5] WebAPI.Controllers.ExportToMPPController <checkProcess>b__6_0 - Number of DWWIN 0
INFO  2020-12-11 17:32:31,168 [5] WebAPI.Controllers.ExportToMPPController <checkProcess>b__6_0 - Number of WerFault 0
INFO  2020-12-11 17:32:31,174 [5] WebAPI.Controllers.ExportToMPPController <checkProcess>b__6_0 - Number of WINPROJ 0
INFO  2020-12-11 17:35:45,258 [8] WebAPI.Controllers.ExportToMPPController GetFile - start of mpp export function
INFO  2020-12-11 17:35:48,465 [8] WebAPI.Controllers.ExportToMPPController GetFile - Before open application
INFO  2020-12-11 17:35:48,466 [8] WebAPI.Controllers.ExportToMPPController GetFile - Before filenew
INFO  2020-12-11 17:35:48,911 [8] WebAPI.Controllers.ExportToMPPController GetFile - After filenew
INFO  2020-12-11 17:35:48,912 [8] WebAPI.Controllers.ExportToMPPController GetFile - C:\Manasi\Live Projects\CPP\CPPv3\WebAPI\CPPWebService\WebAPI\Uploads\IK04_Baseline_week_12112020_17-35-48.mpp Started parallel checkProcess
INFO  2020-12-11 17:35:48,915 [5] WebAPI.Controllers.ExportToMPPController <checkProcess>b__6_0 - Inside parallel task - before sleep
INFO  2020-12-11 17:35:50,767 [8] WebAPI.Controllers.ExportToMPPController GetFile - C:\Manasi\Live Projects\CPP\CPPv3\WebAPI\CPPWebService\WebAPI\Uploads\IK04_Baseline_week_12112020_17-35-48.mpp before saving
INFO  2020-12-11 17:35:50,994 [8] WebAPI.Controllers.ExportToMPPController GetFile - C:\Manasi\Live Projects\CPP\CPPv3\WebAPI\CPPWebService\WebAPI\Uploads\IK04_Baseline_week_12112020_17-35-48.mpp Saved successfully
INFO  2020-12-11 17:35:51,108 [8] WebAPI.Controllers.ExportToMPPController GetFile - Before Process Kill
INFO  2020-12-11 17:35:51,110 [8] WebAPI.Controllers.ExportToMPPController GetFile - After Process Kill
INFO  2020-12-11 17:35:51,112 [8] WebAPI.Controllers.ExportToMPPController GetFile - C:\Manasi\Live Projects\CPP\CPPv3\WebAPI\CPPWebService\WebAPI\Uploads\IK04_Baseline_week_12112020_17-35-48.mpp before GetBinaryFile
INFO  2020-12-11 17:35:51,205 [8] WebAPI.Controllers.ExportToMPPController GetFile - C:\Manasi\Live Projects\CPP\CPPv3\WebAPI\CPPWebService\WebAPI\Uploads\IK04_Baseline_week_12112020_17-35-48.mpp after GetBinaryFile
INFO  2020-12-11 17:35:51,207 [8] WebAPI.Controllers.ExportToMPPController GetFile - C:\Manasi\Live Projects\CPP\CPPv3\WebAPI\CPPWebService\WebAPI\Uploads\IK04_Baseline_week_12112020_17-35-48.mpp before DeleteFile
INFO  2020-12-11 17:35:51,226 [8] WebAPI.Controllers.ExportToMPPController GetFile - C:\Manasi\Live Projects\CPP\CPPv3\WebAPI\CPPWebService\WebAPI\Uploads\IK04_Baseline_week_12112020_17-35-48.mpp after DeleteFile
INFO  2020-12-11 17:35:53,979 [5] WebAPI.Controllers.ExportToMPPController <checkProcess>b__6_0 - Inside parallel task - after sleep
INFO  2020-12-11 17:35:53,985 [5] WebAPI.Controllers.ExportToMPPController <checkProcess>b__6_0 - Number of DWWIN 0
INFO  2020-12-11 17:35:53,989 [5] WebAPI.Controllers.ExportToMPPController <checkProcess>b__6_0 - Number of WerFault 0
INFO  2020-12-11 17:35:53,995 [5] WebAPI.Controllers.ExportToMPPController <checkProcess>b__6_0 - Number of WINPROJ 0
INFO  2020-12-11 18:08:04,166 [7] WebAPI.Controllers.ExportToMPPController GetFile - start of mpp export function
INFO  2020-12-11 18:08:07,862 [7] WebAPI.Controllers.ExportToMPPController GetFile - Before open application
INFO  2020-12-11 18:08:07,863 [7] WebAPI.Controllers.ExportToMPPController GetFile - Before filenew
INFO  2020-12-11 18:08:08,331 [7] WebAPI.Controllers.ExportToMPPController GetFile - After filenew
INFO  2020-12-11 18:08:08,333 [7] WebAPI.Controllers.ExportToMPPController GetFile - C:\Manasi\Live Projects\CPP\CPPv3\WebAPI\CPPWebService\WebAPI\Uploads\IK04_Baseline_week_12112020_18-08-07.mpp Started parallel checkProcess
INFO  2020-12-11 18:08:08,334 [5] WebAPI.Controllers.ExportToMPPController <checkProcess>b__6_0 - Inside parallel task - before sleep
INFO  2020-12-11 18:08:10,520 [7] WebAPI.Controllers.ExportToMPPController GetFile - C:\Manasi\Live Projects\CPP\CPPv3\WebAPI\CPPWebService\WebAPI\Uploads\IK04_Baseline_week_12112020_18-08-07.mpp before saving
INFO  2020-12-11 18:08:10,755 [7] WebAPI.Controllers.ExportToMPPController GetFile - C:\Manasi\Live Projects\CPP\CPPv3\WebAPI\CPPWebService\WebAPI\Uploads\IK04_Baseline_week_12112020_18-08-07.mpp Saved successfully
INFO  2020-12-11 18:08:10,896 [7] WebAPI.Controllers.ExportToMPPController GetFile - Before Process Kill
INFO  2020-12-11 18:08:10,901 [7] WebAPI.Controllers.ExportToMPPController GetFile - After Process Kill
INFO  2020-12-11 18:08:10,908 [7] WebAPI.Controllers.ExportToMPPController GetFile - C:\Manasi\Live Projects\CPP\CPPv3\WebAPI\CPPWebService\WebAPI\Uploads\IK04_Baseline_week_12112020_18-08-07.mpp before GetBinaryFile
INFO  2020-12-11 18:08:10,986 [7] WebAPI.Controllers.ExportToMPPController GetFile - C:\Manasi\Live Projects\CPP\CPPv3\WebAPI\CPPWebService\WebAPI\Uploads\IK04_Baseline_week_12112020_18-08-07.mpp after GetBinaryFile
INFO  2020-12-11 18:08:10,988 [7] WebAPI.Controllers.ExportToMPPController GetFile - C:\Manasi\Live Projects\CPP\CPPv3\WebAPI\CPPWebService\WebAPI\Uploads\IK04_Baseline_week_12112020_18-08-07.mpp before DeleteFile
INFO  2020-12-11 18:08:11,046 [7] WebAPI.Controllers.ExportToMPPController GetFile - C:\Manasi\Live Projects\CPP\CPPv3\WebAPI\CPPWebService\WebAPI\Uploads\IK04_Baseline_week_12112020_18-08-07.mpp after DeleteFile
INFO  2020-12-11 18:08:13,385 [5] WebAPI.Controllers.ExportToMPPController <checkProcess>b__6_0 - Inside parallel task - after sleep
INFO  2020-12-11 18:08:13,396 [5] WebAPI.Controllers.ExportToMPPController <checkProcess>b__6_0 - Number of DWWIN 0
INFO  2020-12-11 18:08:13,409 [5] WebAPI.Controllers.ExportToMPPController <checkProcess>b__6_0 - Number of WerFault 0
INFO  2020-12-11 18:08:13,421 [5] WebAPI.Controllers.ExportToMPPController <checkProcess>b__6_0 - Number of WINPROJ 0
DEBUG 2020-12-11 18:55:43,001 [16] WebAPI.Models.Organization getOrganization - Getting all organizations. {"SessionID":"e3a76b52-ed55-4290-808a-031293cef283","Params":{"OrganizationID":"null","KeyStroke":"null"},"RequestedUser":"admin","Result":""}
DEBUG 2020-12-11 18:55:43,109 [16] WebAPI.Models.Organization getOrganization - Retreived Organization List {"SessionID":"e3a76b52-ed55-4290-808a-031293cef283","Params":{"OrganizationID":"null","KeyStroke":"null"},"RequestedUser":"admin","Result":[{"Operation":0,"OrganizationID":79,"OrganizationName":"New Organisation","ShapeType":"","OrganizationAddress":"","GeocodedLocation":"","RGBValue":"","LatLong":"","Note":"","CreatedDate":"2020-09-27T12:10:42","UpdatedDate":"2020-09-27T12:10:42","CreatedBy":"admin","UpdatedBy":"admin"},{"Operation":0,"OrganizationID":75,"OrganizationName":"Birdi Systems Inc.","ShapeType":"","OrganizationAddress":"723 E. Green Street, Pasadena, CA","GeocodedLocation":"","RGBValue":"","LatLong":"34.144975224064495,-118.13570469617844 34.14497836340614,-118.13549816608429 34.14462675641512,-118.13550218939781 34.144623617060404,-118.1356979906559","Note":"From Solutions to Service.","CreatedDate":"0001-01-01T00:00:00","UpdatedDate":"2019-12-11T19:47:39","CreatedBy":null,"UpdatedBy":"admin"}]}
DEBUG 2020-12-11 18:55:43,253 [7] WebAPI.Models.Organization getOrganization - Getting organization details for OrganizationID {"SessionID":"e98c49d1-4737-416d-933e-d7169a55a8e1","Params":{"OrganizationID":"75","KeyStroke":null},"RequestedUser":"admin","Result":""}
DEBUG 2020-12-11 18:55:43,300 [7] WebAPI.Models.Organization getOrganization - Retreived Organization List {"SessionID":"e98c49d1-4737-416d-933e-d7169a55a8e1","Params":{"OrganizationID":"75","KeyStroke":null},"RequestedUser":"admin","Result":[{"Operation":0,"OrganizationID":75,"OrganizationName":"Birdi Systems Inc.","ShapeType":"","OrganizationAddress":"723 E. Green Street, Pasadena, CA","GeocodedLocation":"","RGBValue":"","LatLong":"34.144975224064495,-118.13570469617844 34.14497836340614,-118.13549816608429 34.14462675641512,-118.13550218939781 34.144623617060404,-118.1356979906559","Note":"From Solutions to Service.","CreatedDate":"0001-01-01T00:00:00","UpdatedDate":"2019-12-11T19:47:39","CreatedBy":null,"UpdatedBy":"admin"}]}
DEBUG 2020-12-11 18:57:43,343 [17] WebAPI.Models.Organization getOrganization - Getting all organizations. {"SessionID":"751c7e14-1567-4a85-966e-ae4b7c19d7f8","Params":{"OrganizationID":"null","KeyStroke":"null"},"RequestedUser":"admin","Result":""}
DEBUG 2020-12-11 18:57:43,348 [17] WebAPI.Models.Organization getOrganization - Retreived Organization List {"SessionID":"751c7e14-1567-4a85-966e-ae4b7c19d7f8","Params":{"OrganizationID":"null","KeyStroke":"null"},"RequestedUser":"admin","Result":[{"Operation":0,"OrganizationID":79,"OrganizationName":"New Organisation","ShapeType":"","OrganizationAddress":"","GeocodedLocation":"","RGBValue":"","LatLong":"","Note":"","CreatedDate":"2020-09-27T12:10:42","UpdatedDate":"2020-09-27T12:10:42","CreatedBy":"admin","UpdatedBy":"admin"},{"Operation":0,"OrganizationID":75,"OrganizationName":"Birdi Systems Inc.","ShapeType":"","OrganizationAddress":"723 E. Green Street, Pasadena, CA","GeocodedLocation":"","RGBValue":"","LatLong":"34.144975224064495,-118.13570469617844 34.14497836340614,-118.13549816608429 34.14462675641512,-118.13550218939781 34.144623617060404,-118.1356979906559","Note":"From Solutions to Service.","CreatedDate":"0001-01-01T00:00:00","UpdatedDate":"2019-12-11T19:47:39","CreatedBy":null,"UpdatedBy":"admin"}]}
DEBUG 2020-12-11 18:57:43,400 [15] WebAPI.Models.Organization getOrganization - Getting organization details for OrganizationID {"SessionID":"edcc4b8a-6655-41ec-a01f-73420776c5b4","Params":{"OrganizationID":"75","KeyStroke":null},"RequestedUser":"admin","Result":""}
DEBUG 2020-12-11 18:57:43,408 [15] WebAPI.Models.Organization getOrganization - Retreived Organization List {"SessionID":"edcc4b8a-6655-41ec-a01f-73420776c5b4","Params":{"OrganizationID":"75","KeyStroke":null},"RequestedUser":"admin","Result":[{"Operation":0,"OrganizationID":75,"OrganizationName":"Birdi Systems Inc.","ShapeType":"","OrganizationAddress":"723 E. Green Street, Pasadena, CA","GeocodedLocation":"","RGBValue":"","LatLong":"34.144975224064495,-118.13570469617844 34.14497836340614,-118.13549816608429 34.14462675641512,-118.13550218939781 34.144623617060404,-118.1356979906559","Note":"From Solutions to Service.","CreatedDate":"0001-01-01T00:00:00","UpdatedDate":"2019-12-11T19:47:39","CreatedBy":null,"UpdatedBy":"admin"}]}
DEBUG 2020-12-11 19:03:44,683 [18] WebAPI.Models.Organization getOrganization - Getting all organizations. {"SessionID":"34e8b7c7-d4e2-470b-ac90-46a5ae999b3d","Params":{"OrganizationID":"null","KeyStroke":"null"},"RequestedUser":"admin","Result":""}
DEBUG 2020-12-11 19:03:44,689 [18] WebAPI.Models.Organization getOrganization - Retreived Organization List {"SessionID":"34e8b7c7-d4e2-470b-ac90-46a5ae999b3d","Params":{"OrganizationID":"null","KeyStroke":"null"},"RequestedUser":"admin","Result":[{"Operation":0,"OrganizationID":79,"OrganizationName":"New Organisation","ShapeType":"","OrganizationAddress":"","GeocodedLocation":"","RGBValue":"","LatLong":"","Note":"","CreatedDate":"2020-09-27T12:10:42","UpdatedDate":"2020-09-27T12:10:42","CreatedBy":"admin","UpdatedBy":"admin"},{"Operation":0,"OrganizationID":75,"OrganizationName":"Birdi Systems Inc.","ShapeType":"","OrganizationAddress":"723 E. Green Street, Pasadena, CA","GeocodedLocation":"","RGBValue":"","LatLong":"34.144975224064495,-118.13570469617844 34.14497836340614,-118.13549816608429 34.14462675641512,-118.13550218939781 34.144623617060404,-118.1356979906559","Note":"From Solutions to Service.","CreatedDate":"0001-01-01T00:00:00","UpdatedDate":"2019-12-11T19:47:39","CreatedBy":null,"UpdatedBy":"admin"}]}
DEBUG 2020-12-11 19:03:44,782 [20] WebAPI.Models.Organization getOrganization - Getting organization details for OrganizationID {"SessionID":"321e3d95-2e61-488e-a01d-d004d9910c66","Params":{"OrganizationID":"75","KeyStroke":null},"RequestedUser":"admin","Result":""}
DEBUG 2020-12-11 19:03:44,792 [20] WebAPI.Models.Organization getOrganization - Retreived Organization List {"SessionID":"321e3d95-2e61-488e-a01d-d004d9910c66","Params":{"OrganizationID":"75","KeyStroke":null},"RequestedUser":"admin","Result":[{"Operation":0,"OrganizationID":75,"OrganizationName":"Birdi Systems Inc.","ShapeType":"","OrganizationAddress":"723 E. Green Street, Pasadena, CA","GeocodedLocation":"","RGBValue":"","LatLong":"34.144975224064495,-118.13570469617844 34.14497836340614,-118.13549816608429 34.14462675641512,-118.13550218939781 34.144623617060404,-118.1356979906559","Note":"From Solutions to Service.","CreatedDate":"0001-01-01T00:00:00","UpdatedDate":"2019-12-11T19:47:39","CreatedBy":null,"UpdatedBy":"admin"}]}
DEBUG 2020-12-11 19:04:01,166 [28] WebAPI.Models.Organization getOrganization - Getting all organizations. {"SessionID":"cb20248f-ab95-4aca-a457-bd8e267a24ce","Params":{"OrganizationID":"null","KeyStroke":"null"},"RequestedUser":"admin","Result":""}
DEBUG 2020-12-11 19:04:01,173 [28] WebAPI.Models.Organization getOrganization - Retreived Organization List {"SessionID":"cb20248f-ab95-4aca-a457-bd8e267a24ce","Params":{"OrganizationID":"null","KeyStroke":"null"},"RequestedUser":"admin","Result":[{"Operation":0,"OrganizationID":79,"OrganizationName":"New Organisation","ShapeType":"","OrganizationAddress":"","GeocodedLocation":"","RGBValue":"","LatLong":"","Note":"","CreatedDate":"2020-09-27T12:10:42","UpdatedDate":"2020-09-27T12:10:42","CreatedBy":"admin","UpdatedBy":"admin"},{"Operation":0,"OrganizationID":75,"OrganizationName":"Birdi Systems Inc.","ShapeType":"","OrganizationAddress":"723 E. Green Street, Pasadena, CA","GeocodedLocation":"","RGBValue":"","LatLong":"34.144975224064495,-118.13570469617844 34.14497836340614,-118.13549816608429 34.14462675641512,-118.13550218939781 34.144623617060404,-118.1356979906559","Note":"From Solutions to Service.","CreatedDate":"0001-01-01T00:00:00","UpdatedDate":"2019-12-11T19:47:39","CreatedBy":null,"UpdatedBy":"admin"}]}
DEBUG 2020-12-11 19:04:01,953 [15] WebAPI.Models.Organization getOrganization - Getting organization details for OrganizationID {"SessionID":"190ce2f3-4e58-4d3b-862f-53b07404422e","Params":{"OrganizationID":"75","KeyStroke":null},"RequestedUser":"admin","Result":""}
DEBUG 2020-12-11 19:04:01,961 [15] WebAPI.Models.Organization getOrganization - Retreived Organization List {"SessionID":"190ce2f3-4e58-4d3b-862f-53b07404422e","Params":{"OrganizationID":"75","KeyStroke":null},"RequestedUser":"admin","Result":[{"Operation":0,"OrganizationID":75,"OrganizationName":"Birdi Systems Inc.","ShapeType":"","OrganizationAddress":"723 E. Green Street, Pasadena, CA","GeocodedLocation":"","RGBValue":"","LatLong":"34.144975224064495,-118.13570469617844 34.14497836340614,-118.13549816608429 34.14462675641512,-118.13550218939781 34.144623617060404,-118.1356979906559","Note":"From Solutions to Service.","CreatedDate":"0001-01-01T00:00:00","UpdatedDate":"2019-12-11T19:47:39","CreatedBy":null,"UpdatedBy":"admin"}]}
DEBUG 2020-12-11 19:06:08,145 [13] WebAPI.Models.Organization getOrganization - Getting all organizations. {"SessionID":"bf527f9c-2dc3-4341-9de9-cd85edbd1711","Params":{"OrganizationID":"null","KeyStroke":"null"},"RequestedUser":"admin","Result":""}
DEBUG 2020-12-11 19:06:08,150 [13] WebAPI.Models.Organization getOrganization - Retreived Organization List {"SessionID":"bf527f9c-2dc3-4341-9de9-cd85edbd1711","Params":{"OrganizationID":"null","KeyStroke":"null"},"RequestedUser":"admin","Result":[{"Operation":0,"OrganizationID":79,"OrganizationName":"New Organisation","ShapeType":"","OrganizationAddress":"","GeocodedLocation":"","RGBValue":"","LatLong":"","Note":"","CreatedDate":"2020-09-27T12:10:42","UpdatedDate":"2020-09-27T12:10:42","CreatedBy":"admin","UpdatedBy":"admin"},{"Operation":0,"OrganizationID":75,"OrganizationName":"Birdi Systems Inc.","ShapeType":"","OrganizationAddress":"723 E. Green Street, Pasadena, CA","GeocodedLocation":"","RGBValue":"","LatLong":"34.144975224064495,-118.13570469617844 34.14497836340614,-118.13549816608429 34.14462675641512,-118.13550218939781 34.144623617060404,-118.1356979906559","Note":"From Solutions to Service.","CreatedDate":"0001-01-01T00:00:00","UpdatedDate":"2019-12-11T19:47:39","CreatedBy":null,"UpdatedBy":"admin"}]}
DEBUG 2020-12-11 19:06:08,250 [14] WebAPI.Models.Organization getOrganization - Getting organization details for OrganizationID {"SessionID":"f0e6f634-7b95-43e8-8b33-ab94486e420b","Params":{"OrganizationID":"75","KeyStroke":null},"RequestedUser":"admin","Result":""}
DEBUG 2020-12-11 19:06:08,258 [14] WebAPI.Models.Organization getOrganization - Retreived Organization List {"SessionID":"f0e6f634-7b95-43e8-8b33-ab94486e420b","Params":{"OrganizationID":"75","KeyStroke":null},"RequestedUser":"admin","Result":[{"Operation":0,"OrganizationID":75,"OrganizationName":"Birdi Systems Inc.","ShapeType":"","OrganizationAddress":"723 E. Green Street, Pasadena, CA","GeocodedLocation":"","RGBValue":"","LatLong":"34.144975224064495,-118.13570469617844 34.14497836340614,-118.13549816608429 34.14462675641512,-118.13550218939781 34.144623617060404,-118.1356979906559","Note":"From Solutions to Service.","CreatedDate":"0001-01-01T00:00:00","UpdatedDate":"2019-12-11T19:47:39","CreatedBy":null,"UpdatedBy":"admin"}]}
DEBUG 2020-12-11 19:06:42,447 [6] WebAPI.Models.Organization getOrganization - Getting all organizations. {"SessionID":"600f60d9-147b-4966-abda-c7d0e53cc0ef","Params":{"OrganizationID":"null","KeyStroke":"null"},"RequestedUser":"admin","Result":""}
DEBUG 2020-12-11 19:06:42,450 [6] WebAPI.Models.Organization getOrganization - Retreived Organization List {"SessionID":"600f60d9-147b-4966-abda-c7d0e53cc0ef","Params":{"OrganizationID":"null","KeyStroke":"null"},"RequestedUser":"admin","Result":[{"Operation":0,"OrganizationID":79,"OrganizationName":"New Organisation","ShapeType":"","OrganizationAddress":"","GeocodedLocation":"","RGBValue":"","LatLong":"","Note":"","CreatedDate":"2020-09-27T12:10:42","UpdatedDate":"2020-09-27T12:10:42","CreatedBy":"admin","UpdatedBy":"admin"},{"Operation":0,"OrganizationID":75,"OrganizationName":"Birdi Systems Inc.","ShapeType":"","OrganizationAddress":"723 E. Green Street, Pasadena, CA","GeocodedLocation":"","RGBValue":"","LatLong":"34.144975224064495,-118.13570469617844 34.14497836340614,-118.13549816608429 34.14462675641512,-118.13550218939781 34.144623617060404,-118.1356979906559","Note":"From Solutions to Service.","CreatedDate":"0001-01-01T00:00:00","UpdatedDate":"2019-12-11T19:47:39","CreatedBy":null,"UpdatedBy":"admin"}]}
DEBUG 2020-12-11 19:06:42,549 [13] WebAPI.Models.Organization getOrganization - Getting organization details for OrganizationID {"SessionID":"fdb169b4-7206-48d0-a98b-8e049402d2a0","Params":{"OrganizationID":"75","KeyStroke":null},"RequestedUser":"admin","Result":""}
DEBUG 2020-12-11 19:06:42,555 [13] WebAPI.Models.Organization getOrganization - Retreived Organization List {"SessionID":"fdb169b4-7206-48d0-a98b-8e049402d2a0","Params":{"OrganizationID":"75","KeyStroke":null},"RequestedUser":"admin","Result":[{"Operation":0,"OrganizationID":75,"OrganizationName":"Birdi Systems Inc.","ShapeType":"","OrganizationAddress":"723 E. Green Street, Pasadena, CA","GeocodedLocation":"","RGBValue":"","LatLong":"34.144975224064495,-118.13570469617844 34.14497836340614,-118.13549816608429 34.14462675641512,-118.13550218939781 34.144623617060404,-118.1356979906559","Note":"From Solutions to Service.","CreatedDate":"0001-01-01T00:00:00","UpdatedDate":"2019-12-11T19:47:39","CreatedBy":null,"UpdatedBy":"admin"}]}
INFO  2020-12-11 19:07:40,084 [17] WebAPI.Controllers.ExportToMPPController GetFile - start of mpp export function
INFO  2020-12-11 19:07:40,249 [17] WebAPI.Controllers.ExportToMPPController GetFile - Before open application
INFO  2020-12-11 19:07:40,250 [17] WebAPI.Controllers.ExportToMPPController GetFile - Before filenew
INFO  2020-12-11 19:07:40,776 [17] WebAPI.Controllers.ExportToMPPController GetFile - After filenew
INFO  2020-12-11 19:07:40,777 [17] WebAPI.Controllers.ExportToMPPController GetFile - C:\Manasi\Live Projects\CPP\CPPv3\WebAPI\CPPWebService\WebAPI\Uploads\PE2_Baseline_week_12112020_19-07-40.mpp Started parallel checkProcess
INFO  2020-12-11 19:07:40,779 [21] WebAPI.Controllers.ExportToMPPController <checkProcess>b__6_0 - Inside parallel task - before sleep
INFO  2020-12-11 19:07:44,252 [17] WebAPI.Controllers.ExportToMPPController GetFile - C:\Manasi\Live Projects\CPP\CPPv3\WebAPI\CPPWebService\WebAPI\Uploads\PE2_Baseline_week_12112020_19-07-40.mpp before saving
INFO  2020-12-11 19:07:44,382 [17] WebAPI.Controllers.ExportToMPPController GetFile - C:\Manasi\Live Projects\CPP\CPPv3\WebAPI\CPPWebService\WebAPI\Uploads\PE2_Baseline_week_12112020_19-07-40.mpp Saved successfully
INFO  2020-12-11 19:07:44,899 [17] WebAPI.Controllers.ExportToMPPController GetFile - Before Process Kill
INFO  2020-12-11 19:07:44,900 [17] WebAPI.Controllers.ExportToMPPController GetFile - After Process Kill
INFO  2020-12-11 19:07:44,901 [17] WebAPI.Controllers.ExportToMPPController GetFile - C:\Manasi\Live Projects\CPP\CPPv3\WebAPI\CPPWebService\WebAPI\Uploads\PE2_Baseline_week_12112020_19-07-40.mpp before GetBinaryFile
INFO  2020-12-11 19:07:45,003 [17] WebAPI.Controllers.ExportToMPPController GetFile - C:\Manasi\Live Projects\CPP\CPPv3\WebAPI\CPPWebService\WebAPI\Uploads\PE2_Baseline_week_12112020_19-07-40.mpp after GetBinaryFile
INFO  2020-12-11 19:07:45,019 [17] WebAPI.Controllers.ExportToMPPController GetFile - C:\Manasi\Live Projects\CPP\CPPv3\WebAPI\CPPWebService\WebAPI\Uploads\PE2_Baseline_week_12112020_19-07-40.mpp before DeleteFile
INFO  2020-12-11 19:07:45,031 [17] WebAPI.Controllers.ExportToMPPController GetFile - C:\Manasi\Live Projects\CPP\CPPv3\WebAPI\CPPWebService\WebAPI\Uploads\PE2_Baseline_week_12112020_19-07-40.mpp after DeleteFile
INFO  2020-12-11 19:07:45,782 [21] WebAPI.Controllers.ExportToMPPController <checkProcess>b__6_0 - Inside parallel task - after sleep
INFO  2020-12-11 19:07:45,787 [21] WebAPI.Controllers.ExportToMPPController <checkProcess>b__6_0 - Number of DWWIN 0
INFO  2020-12-11 19:07:45,793 [21] WebAPI.Controllers.ExportToMPPController <checkProcess>b__6_0 - Number of WerFault 0
INFO  2020-12-11 19:07:45,798 [21] WebAPI.Controllers.ExportToMPPController <checkProcess>b__6_0 - Number of WINPROJ 0
INFO  2020-12-11 19:50:35,877 [69] WebAPI.Controllers.ExportToMPPController GetFile - start of mpp export function
INFO  2020-12-11 19:50:36,328 [69] WebAPI.Controllers.ExportToMPPController GetFile - Before open application
INFO  2020-12-11 19:50:36,329 [69] WebAPI.Controllers.ExportToMPPController GetFile - Before filenew
INFO  2020-12-11 19:50:36,981 [69] WebAPI.Controllers.ExportToMPPController GetFile - After filenew
INFO  2020-12-11 19:50:36,982 [69] WebAPI.Controllers.ExportToMPPController GetFile - C:\Manasi\Live Projects\CPP\CPPv3\WebAPI\CPPWebService\WebAPI\Uploads\PE2_Baseline_week_12112020_19-50-36.mpp Started parallel checkProcess
INFO  2020-12-11 19:50:36,982 [71] WebAPI.Controllers.ExportToMPPController <checkProcess>b__6_0 - Inside parallel task - before sleep
INFO  2020-12-11 19:50:38,601 [69] WebAPI.Controllers.ExportToMPPController GetFile - C:\Manasi\Live Projects\CPP\CPPv3\WebAPI\CPPWebService\WebAPI\Uploads\PE2_Baseline_week_12112020_19-50-36.mpp before saving
INFO  2020-12-11 19:50:38,854 [69] WebAPI.Controllers.ExportToMPPController GetFile - C:\Manasi\Live Projects\CPP\CPPv3\WebAPI\CPPWebService\WebAPI\Uploads\PE2_Baseline_week_12112020_19-50-36.mpp Saved successfully
INFO  2020-12-11 19:50:39,011 [69] WebAPI.Controllers.ExportToMPPController GetFile - Before Process Kill
INFO  2020-12-11 19:50:39,013 [69] WebAPI.Controllers.ExportToMPPController GetFile - After Process Kill
INFO  2020-12-11 19:50:39,014 [69] WebAPI.Controllers.ExportToMPPController GetFile - C:\Manasi\Live Projects\CPP\CPPv3\WebAPI\CPPWebService\WebAPI\Uploads\PE2_Baseline_week_12112020_19-50-36.mpp before GetBinaryFile
INFO  2020-12-11 19:50:39,040 [69] WebAPI.Controllers.ExportToMPPController GetFile - C:\Manasi\Live Projects\CPP\CPPv3\WebAPI\CPPWebService\WebAPI\Uploads\PE2_Baseline_week_12112020_19-50-36.mpp after GetBinaryFile
INFO  2020-12-11 19:50:39,042 [69] WebAPI.Controllers.ExportToMPPController GetFile - C:\Manasi\Live Projects\CPP\CPPv3\WebAPI\CPPWebService\WebAPI\Uploads\PE2_Baseline_week_12112020_19-50-36.mpp before DeleteFile
INFO  2020-12-11 19:50:39,044 [69] WebAPI.Controllers.ExportToMPPController GetFile - C:\Manasi\Live Projects\CPP\CPPv3\WebAPI\CPPWebService\WebAPI\Uploads\PE2_Baseline_week_12112020_19-50-36.mpp after DeleteFile
INFO  2020-12-11 19:50:42,041 [71] WebAPI.Controllers.ExportToMPPController <checkProcess>b__6_0 - Inside parallel task - after sleep
INFO  2020-12-11 19:50:42,046 [71] WebAPI.Controllers.ExportToMPPController <checkProcess>b__6_0 - Number of DWWIN 0
INFO  2020-12-11 19:50:42,051 [71] WebAPI.Controllers.ExportToMPPController <checkProcess>b__6_0 - Number of WerFault 0
INFO  2020-12-11 19:50:42,058 [71] WebAPI.Controllers.ExportToMPPController <checkProcess>b__6_0 - Number of WINPROJ 0
