INFO  2020-11-14 00:25:18,198 [22] WebAPI.Controllers.ExportToMPPController GetFile - ATTEMPT: 0
INFO  2020-11-14 00:25:18,246 [22] WebAPI.Controllers.ExportToMPPController GetFile - System.Runtime.InteropServices.COMException (0x80080005): Retrieving the COM class factory for component with CLSID {36D27C48-A1E8-11D3-BA55-00C04F72F325} failed due to the following error: 80080005 Server execution failed (Exception from HRESULT: 0x80080005 (CO_E_SERVER_EXEC_FAILURE)).
   at System.Runtime.Remoting.RemotingServices.AllocateUninitializedObject(RuntimeType objectType)
   at System.Runtime.Remoting.Activation.ActivationServices.CreateInstance(RuntimeType serverType)
   at System.Runtime.Remoting.Activation.ActivationServices.IsCurrentContextOK(RuntimeType serverType, Object[] props, Boolean bNewObj)
   at System.RuntimeTypeHandle.CreateInstance(RuntimeType type, Boolean publicOnly, Boolean noCheck, Boolean& canBeCached, RuntimeMethodHandleInternal& ctor, Boolean& bNeedSecurityCheck)
   at System.RuntimeType.CreateInstanceSlow(Boolean publicOnly, Boolean skipCheckThis, Boolean fillCache, StackCrawlMark& stackMark)
   at System.RuntimeType.CreateInstanceDefaultCtor(Boolean publicOnly, Boolean skipCheckThis, Boolean fillCache, StackCrawlMark& stackMark)
   at System.Activator.CreateInstance(Type type, Boolean nonPublic)
   at System.Activator.CreateInstance(Type type)
   at WebAPI.Controllers.ExportToMPPController.GetFile(Int32 projectId, Int32 trendNumber, String granularity, Int32 phaseId) in C:\Manasi\Live Projects\CPP\CPPv3\WebAPI\CPPWebService\WebAPI\Controllers\ExportToMPPController.cs:line 41
INFO  2020-11-14 00:25:48,743 [22] WebAPI.Controllers.ExportToMPPController GetFile - ATTEMPT: 1
INFO  2020-11-14 00:25:48,744 [22] WebAPI.Controllers.ExportToMPPController GetFile - System.Runtime.InteropServices.COMException (0x80080005): Retrieving the COM class factory for component with CLSID {36D27C48-A1E8-11D3-BA55-00C04F72F325} failed due to the following error: 80080005 Server execution failed (Exception from HRESULT: 0x80080005 (CO_E_SERVER_EXEC_FAILURE)).
   at System.Runtime.Remoting.RemotingServices.AllocateUninitializedObject(RuntimeType objectType)
   at System.Runtime.Remoting.Activation.ActivationServices.CreateInstance(RuntimeType serverType)
   at System.Runtime.Remoting.Activation.ActivationServices.IsCurrentContextOK(RuntimeType serverType, Object[] props, Boolean bNewObj)
   at System.RuntimeTypeHandle.CreateInstance(RuntimeType type, Boolean publicOnly, Boolean noCheck, Boolean& canBeCached, RuntimeMethodHandleInternal& ctor, Boolean& bNeedSecurityCheck)
   at System.RuntimeType.CreateInstanceSlow(Boolean publicOnly, Boolean skipCheckThis, Boolean fillCache, StackCrawlMark& stackMark)
   at System.RuntimeType.CreateInstanceDefaultCtor(Boolean publicOnly, Boolean skipCheckThis, Boolean fillCache, StackCrawlMark& stackMark)
   at System.Activator.CreateInstance(Type type, Boolean nonPublic)
   at System.Activator.CreateInstance(Type type)
   at WebAPI.Controllers.ExportToMPPController.GetFile(Int32 projectId, Int32 trendNumber, String granularity, Int32 phaseId) in C:\Manasi\Live Projects\CPP\CPPv3\WebAPI\CPPWebService\WebAPI\Controllers\ExportToMPPController.cs:line 41
INFO  2020-11-14 00:26:18,929 [22] WebAPI.Controllers.ExportToMPPController GetFile - ATTEMPT: 2
INFO  2020-11-14 00:26:18,930 [22] WebAPI.Controllers.ExportToMPPController GetFile - System.Runtime.InteropServices.COMException (0x80080005): Retrieving the COM class factory for component with CLSID {36D27C48-A1E8-11D3-BA55-00C04F72F325} failed due to the following error: 80080005 Server execution failed (Exception from HRESULT: 0x80080005 (CO_E_SERVER_EXEC_FAILURE)).
   at System.Runtime.Remoting.RemotingServices.AllocateUninitializedObject(RuntimeType objectType)
   at System.Runtime.Remoting.Activation.ActivationServices.CreateInstance(RuntimeType serverType)
   at System.Runtime.Remoting.Activation.ActivationServices.IsCurrentContextOK(RuntimeType serverType, Object[] props, Boolean bNewObj)
   at System.RuntimeTypeHandle.CreateInstance(RuntimeType type, Boolean publicOnly, Boolean noCheck, Boolean& canBeCached, RuntimeMethodHandleInternal& ctor, Boolean& bNeedSecurityCheck)
   at System.RuntimeType.CreateInstanceSlow(Boolean publicOnly, Boolean skipCheckThis, Boolean fillCache, StackCrawlMark& stackMark)
   at System.RuntimeType.CreateInstanceDefaultCtor(Boolean publicOnly, Boolean skipCheckThis, Boolean fillCache, StackCrawlMark& stackMark)
   at System.Activator.CreateInstance(Type type, Boolean nonPublic)
   at System.Activator.CreateInstance(Type type)
   at WebAPI.Controllers.ExportToMPPController.GetFile(Int32 projectId, Int32 trendNumber, String granularity, Int32 phaseId) in C:\Manasi\Live Projects\CPP\CPPv3\WebAPI\CPPWebService\WebAPI\Controllers\ExportToMPPController.cs:line 41
INFO  2020-11-14 00:26:20,185 [22] WebAPI.Controllers.ExportToMPPController GetFile - start of mpp export function
INFO  2020-11-14 00:26:20,276 [22] WebAPI.Controllers.ExportToMPPController GetFile - Before open application
INFO  2020-11-14 00:26:20,276 [22] WebAPI.Controllers.ExportToMPPController GetFile - Before filenew
INFO  2020-11-14 00:26:20,700 [22] WebAPI.Controllers.ExportToMPPController GetFile - After filenew
INFO  2020-11-14 00:26:20,701 [22] WebAPI.Controllers.ExportToMPPController GetFile - C:\Manasi\Live Projects\CPP\CPPv3\WebAPI\CPPWebService\WebAPI\Uploads\PE1_Baseline_week_11142020_00-26-20.mpp Started parallel checkProcess
INFO  2020-11-14 00:26:22,230 [22] WebAPI.Controllers.ExportToMPPController GetFile - ATTEMPT: 3
INFO  2020-11-14 00:26:22,232 [22] WebAPI.Controllers.ExportToMPPController GetFile - System.Runtime.InteropServices.COMException (0x80010001): Call was rejected by callee. (Exception from HRESULT: 0x80010001 (RPC_E_CALL_REJECTED))
   at Microsoft.Office.Interop.MSProject.Task.set_Number1(Double retval)
   at WebAPI.Controllers.ExportToMPPController.GetFile(Int32 projectId, Int32 trendNumber, String granularity, Int32 phaseId) in C:\Manasi\Live Projects\CPP\CPPv3\WebAPI\CPPWebService\WebAPI\Controllers\ExportToMPPController.cs:line 241
INFO  2020-11-14 00:26:25,247 [22] WebAPI.Controllers.ExportToMPPController GetFile - start of mpp export function
INFO  2020-11-14 00:26:25,287 [22] WebAPI.Controllers.ExportToMPPController GetFile - Before open application
INFO  2020-11-14 00:26:25,288 [22] WebAPI.Controllers.ExportToMPPController GetFile - Before filenew
INFO  2020-11-14 00:26:25,963 [22] WebAPI.Controllers.ExportToMPPController GetFile - After filenew
INFO  2020-11-14 00:26:25,964 [22] WebAPI.Controllers.ExportToMPPController GetFile - C:\Manasi\Live Projects\CPP\CPPv3\WebAPI\CPPWebService\WebAPI\Uploads\PE1_Baseline_week_11142020_00-26-25.mpp Started parallel checkProcess
INFO  2020-11-14 00:26:28,703 [22] WebAPI.Controllers.ExportToMPPController GetFile - C:\Manasi\Live Projects\CPP\CPPv3\WebAPI\CPPWebService\WebAPI\Uploads\PE1_Baseline_week_11142020_00-26-25.mpp before saving
INFO  2020-11-14 00:26:28,941 [22] WebAPI.Controllers.ExportToMPPController GetFile - C:\Manasi\Live Projects\CPP\CPPv3\WebAPI\CPPWebService\WebAPI\Uploads\PE1_Baseline_week_11142020_00-26-25.mpp Saved successfully
INFO  2020-11-14 00:26:29,313 [22] WebAPI.Controllers.ExportToMPPController GetFile - Before Process Kill
INFO  2020-11-14 00:26:29,316 [22] WebAPI.Controllers.ExportToMPPController GetFile - After Process Kill
INFO  2020-11-14 00:26:29,317 [22] WebAPI.Controllers.ExportToMPPController GetFile - C:\Manasi\Live Projects\CPP\CPPv3\WebAPI\CPPWebService\WebAPI\Uploads\PE1_Baseline_week_11142020_00-26-25.mpp before GetBinaryFile
INFO  2020-11-14 00:26:29,379 [22] WebAPI.Controllers.ExportToMPPController GetFile - C:\Manasi\Live Projects\CPP\CPPv3\WebAPI\CPPWebService\WebAPI\Uploads\PE1_Baseline_week_11142020_00-26-25.mpp after GetBinaryFile
INFO  2020-11-14 00:26:29,392 [22] WebAPI.Controllers.ExportToMPPController GetFile - C:\Manasi\Live Projects\CPP\CPPv3\WebAPI\CPPWebService\WebAPI\Uploads\PE1_Baseline_week_11142020_00-26-25.mpp before DeleteFile
INFO  2020-11-14 00:26:29,398 [22] WebAPI.Controllers.ExportToMPPController GetFile - C:\Manasi\Live Projects\CPP\CPPv3\WebAPI\CPPWebService\WebAPI\Uploads\PE1_Baseline_week_11142020_00-26-25.mpp after DeleteFile
INFO  2020-11-14 00:30:06,716 [45] WebAPI.Controllers.ExportToMPPController GetFile - start of mpp export function
INFO  2020-11-14 00:30:06,843 [45] WebAPI.Controllers.ExportToMPPController GetFile - Before open application
INFO  2020-11-14 00:30:06,844 [45] WebAPI.Controllers.ExportToMPPController GetFile - Before filenew
INFO  2020-11-14 00:30:07,815 [45] WebAPI.Controllers.ExportToMPPController GetFile - After filenew
INFO  2020-11-14 00:30:07,817 [45] WebAPI.Controllers.ExportToMPPController GetFile - C:\Manasi\Live Projects\CPP\CPPv3\WebAPI\CPPWebService\WebAPI\Uploads\PE1_Current_week_11142020_00-30-06.mpp Started parallel checkProcess
INFO  2020-11-14 00:30:07,818 [8] WebAPI.Controllers.ExportToMPPController <checkProcess>b__6_0 - Inside parallel task - before sleep
INFO  2020-11-14 00:30:09,779 [45] WebAPI.Controllers.ExportToMPPController GetFile - C:\Manasi\Live Projects\CPP\CPPv3\WebAPI\CPPWebService\WebAPI\Uploads\PE1_Current_week_11142020_00-30-06.mpp before saving
INFO  2020-11-14 00:30:09,909 [45] WebAPI.Controllers.ExportToMPPController GetFile - C:\Manasi\Live Projects\CPP\CPPv3\WebAPI\CPPWebService\WebAPI\Uploads\PE1_Current_week_11142020_00-30-06.mpp Saved successfully
INFO  2020-11-14 00:30:10,424 [45] WebAPI.Controllers.ExportToMPPController GetFile - Before Process Kill
INFO  2020-11-14 00:30:10,425 [45] WebAPI.Controllers.ExportToMPPController GetFile - After Process Kill
INFO  2020-11-14 00:30:10,427 [45] WebAPI.Controllers.ExportToMPPController GetFile - C:\Manasi\Live Projects\CPP\CPPv3\WebAPI\CPPWebService\WebAPI\Uploads\PE1_Current_week_11142020_00-30-06.mpp before GetBinaryFile
INFO  2020-11-14 00:30:10,468 [45] WebAPI.Controllers.ExportToMPPController GetFile - C:\Manasi\Live Projects\CPP\CPPv3\WebAPI\CPPWebService\WebAPI\Uploads\PE1_Current_week_11142020_00-30-06.mpp after GetBinaryFile
INFO  2020-11-14 00:30:10,488 [45] WebAPI.Controllers.ExportToMPPController GetFile - C:\Manasi\Live Projects\CPP\CPPv3\WebAPI\CPPWebService\WebAPI\Uploads\PE1_Current_week_11142020_00-30-06.mpp before DeleteFile
INFO  2020-11-14 00:30:10,490 [45] WebAPI.Controllers.ExportToMPPController GetFile - C:\Manasi\Live Projects\CPP\CPPv3\WebAPI\CPPWebService\WebAPI\Uploads\PE1_Current_week_11142020_00-30-06.mpp after DeleteFile
INFO  2020-11-14 00:30:12,848 [8] WebAPI.Controllers.ExportToMPPController <checkProcess>b__6_0 - Inside parallel task - after sleep
INFO  2020-11-14 00:30:12,856 [8] WebAPI.Controllers.ExportToMPPController <checkProcess>b__6_0 - Number of DWWIN 0
INFO  2020-11-14 00:30:12,862 [8] WebAPI.Controllers.ExportToMPPController <checkProcess>b__6_0 - Number of WerFault 0
INFO  2020-11-14 00:30:12,871 [8] WebAPI.Controllers.ExportToMPPController <checkProcess>b__6_0 - Number of WINPROJ 0
INFO  2020-11-14 00:32:18,368 [22] WebAPI.Controllers.ExportToMPPController GetFile - start of mpp export function
INFO  2020-11-14 00:32:18,475 [22] WebAPI.Controllers.ExportToMPPController GetFile - Before open application
INFO  2020-11-14 00:32:18,476 [22] WebAPI.Controllers.ExportToMPPController GetFile - Before filenew
INFO  2020-11-14 00:32:19,233 [22] WebAPI.Controllers.ExportToMPPController GetFile - After filenew
INFO  2020-11-14 00:32:19,234 [22] WebAPI.Controllers.ExportToMPPController GetFile - C:\Manasi\Live Projects\CPP\CPPv3\WebAPI\CPPWebService\WebAPI\Uploads\PE1__week_11142020_00-32-18.mpp Started parallel checkProcess
INFO  2020-11-14 00:32:19,234 [35] WebAPI.Controllers.ExportToMPPController <checkProcess>b__6_0 - Inside parallel task - before sleep
INFO  2020-11-14 00:32:21,891 [22] WebAPI.Controllers.ExportToMPPController GetFile - ATTEMPT: 0
INFO  2020-11-14 00:32:21,892 [22] WebAPI.Controllers.ExportToMPPController GetFile - System.NullReferenceException: Object reference not set to an instance of an object.
   at WebAPI.Controllers.ExportToMPPController.GetFile(Int32 projectId, Int32 trendNumber, String granularity, Int32 phaseId) in C:\Manasi\Live Projects\CPP\CPPv3\WebAPI\CPPWebService\WebAPI\Controllers\ExportToMPPController.cs:line 747
INFO  2020-11-14 00:32:21,895 [22] WebAPI.Controllers.ExportToMPPController GetFile - start of mpp export function
INFO  2020-11-14 00:32:21,956 [22] WebAPI.Controllers.ExportToMPPController GetFile - Before open application
INFO  2020-11-14 00:32:21,983 [22] WebAPI.Controllers.ExportToMPPController GetFile - Before filenew
INFO  2020-11-14 00:32:22,927 [22] WebAPI.Controllers.ExportToMPPController GetFile - After filenew
INFO  2020-11-14 00:32:22,928 [22] WebAPI.Controllers.ExportToMPPController GetFile - C:\Manasi\Live Projects\CPP\CPPv3\WebAPI\CPPWebService\WebAPI\Uploads\PE1__week_11142020_00-32-21.mpp Started parallel checkProcess
INFO  2020-11-14 00:32:24,241 [35] WebAPI.Controllers.ExportToMPPController <checkProcess>b__6_0 - Inside parallel task - after sleep
INFO  2020-11-14 00:32:24,256 [35] WebAPI.Controllers.ExportToMPPController <checkProcess>b__6_0 - Number of DWWIN 0
INFO  2020-11-14 00:32:24,263 [35] WebAPI.Controllers.ExportToMPPController <checkProcess>b__6_0 - Number of WerFault 0
INFO  2020-11-14 00:32:24,271 [35] WebAPI.Controllers.ExportToMPPController <checkProcess>b__6_0 - Number of WINPROJ 1
INFO  2020-11-14 00:32:24,296 [35] WebAPI.Controllers.ExportToMPPController <checkProcess>b__6_0 - Before WINPROJ - auto kill after 5000 ms
INFO  2020-11-14 00:32:24,297 [35] WebAPI.Controllers.ExportToMPPController <checkProcess>b__6_0 - After WINPROJ - auto kill after 5000 ms
INFO  2020-11-14 00:32:24,559 [22] WebAPI.Controllers.ExportToMPPController GetFile - ATTEMPT: 1
INFO  2020-11-14 00:32:24,565 [22] WebAPI.Controllers.ExportToMPPController GetFile - System.Runtime.InteropServices.COMException (0x800706BE): The remote procedure call failed. (Exception from HRESULT: 0x800706BE)
   at System.RuntimeType.ForwardCallToInvokeMember(String memberName, BindingFlags flags, Object target, Int32[] aWrapperTypes, MessageData& msgData)
   at Microsoft.Office.Interop.MSProject.ApplicationClass.ViewApply(Object Name, Object SinglePane, Object Toggle)
   at WebAPI.Controllers.ExportToMPPController.GetFile(Int32 projectId, Int32 trendNumber, String granularity, Int32 phaseId) in C:\Manasi\Live Projects\CPP\CPPv3\WebAPI\CPPWebService\WebAPI\Controllers\ExportToMPPController.cs:line 176
INFO  2020-11-14 00:32:26,498 [22] WebAPI.Controllers.ExportToMPPController GetFile - start of mpp export function
INFO  2020-11-14 00:32:26,672 [22] WebAPI.Controllers.ExportToMPPController GetFile - Before open application
INFO  2020-11-14 00:32:26,674 [22] WebAPI.Controllers.ExportToMPPController GetFile - Before filenew
INFO  2020-11-14 00:32:27,248 [22] WebAPI.Controllers.ExportToMPPController GetFile - After filenew
INFO  2020-11-14 00:32:27,249 [22] WebAPI.Controllers.ExportToMPPController GetFile - C:\Manasi\Live Projects\CPP\CPPv3\WebAPI\CPPWebService\WebAPI\Uploads\PE1__week_11142020_00-32-26.mpp Started parallel checkProcess
INFO  2020-11-14 00:32:28,332 [22] WebAPI.Controllers.ExportToMPPController GetFile - ATTEMPT: 2
INFO  2020-11-14 00:32:28,340 [22] WebAPI.Controllers.ExportToMPPController GetFile - System.Runtime.InteropServices.COMException (0x80010001): Call was rejected by callee. (Exception from HRESULT: 0x80010001 (RPC_E_CALL_REJECTED))
   at System.RuntimeType.ForwardCallToInvokeMember(String memberName, BindingFlags flags, Object target, Int32[] aWrapperTypes, MessageData& msgData)
   at Microsoft.Office.Interop.MSProject.ApplicationClass.TableEditEx(String Name, Boolean TaskTable, Object Create, Object OverwriteExisting, Object NewName, Object FieldName, Object NewFieldName, Object Title, Object Width, Object Align, Object ShowInMenu, Object LockFirstColumn, Object DateFormat, Object RowHeight, Object ColumnPosition, Object AlignTitle, Object HeaderAutoRowHeightAdjustment, Object HeaderTextWrap, Object WrapText, Object ShowAddNewColumn)
   at WebAPI.Controllers.ExportToMPPController.GetFile(Int32 projectId, Int32 trendNumber, String granularity, Int32 phaseId) in C:\Manasi\Live Projects\CPP\CPPv3\WebAPI\CPPWebService\WebAPI\Controllers\ExportToMPPController.cs:line 228
INFO  2020-11-14 00:32:41,861 [22] WebAPI.Controllers.ExportToMPPController GetFile - start of mpp export function
INFO  2020-11-14 00:32:41,974 [22] WebAPI.Controllers.ExportToMPPController GetFile - Before open application
INFO  2020-11-14 00:32:41,975 [22] WebAPI.Controllers.ExportToMPPController GetFile - Before filenew
INFO  2020-11-14 00:32:42,547 [22] WebAPI.Controllers.ExportToMPPController GetFile - After filenew
INFO  2020-11-14 00:32:42,549 [22] WebAPI.Controllers.ExportToMPPController GetFile - C:\Manasi\Live Projects\CPP\CPPv3\WebAPI\CPPWebService\WebAPI\Uploads\PE1__week_11142020_00-32-41.mpp Started parallel checkProcess
INFO  2020-11-14 00:32:43,757 [22] WebAPI.Controllers.ExportToMPPController GetFile - ATTEMPT: 3
INFO  2020-11-14 00:32:43,758 [22] WebAPI.Controllers.ExportToMPPController GetFile - System.NullReferenceException: Object reference not set to an instance of an object.
   at WebAPI.Controllers.ExportToMPPController.GetFile(Int32 projectId, Int32 trendNumber, String granularity, Int32 phaseId) in C:\Manasi\Live Projects\CPP\CPPv3\WebAPI\CPPWebService\WebAPI\Controllers\ExportToMPPController.cs:line 747
INFO  2020-11-14 00:32:43,770 [22] WebAPI.Controllers.ExportToMPPController GetFile - start of mpp export function
INFO  2020-11-14 00:32:43,897 [22] WebAPI.Controllers.ExportToMPPController GetFile - Before open application
INFO  2020-11-14 00:32:43,899 [22] WebAPI.Controllers.ExportToMPPController GetFile - Before filenew
INFO  2020-11-14 00:32:44,530 [22] WebAPI.Controllers.ExportToMPPController GetFile - After filenew
INFO  2020-11-14 00:32:44,532 [22] WebAPI.Controllers.ExportToMPPController GetFile - C:\Manasi\Live Projects\CPP\CPPv3\WebAPI\CPPWebService\WebAPI\Uploads\PE1__week_11142020_00-32-43.mpp Started parallel checkProcess
INFO  2020-11-14 00:32:45,788 [22] WebAPI.Controllers.ExportToMPPController GetFile - ATTEMPT: 4
INFO  2020-11-14 00:32:45,789 [22] WebAPI.Controllers.ExportToMPPController GetFile - System.NullReferenceException: Object reference not set to an instance of an object.
   at WebAPI.Controllers.ExportToMPPController.GetFile(Int32 projectId, Int32 trendNumber, String granularity, Int32 phaseId) in C:\Manasi\Live Projects\CPP\CPPv3\WebAPI\CPPWebService\WebAPI\Controllers\ExportToMPPController.cs:line 747
INFO  2020-11-14 00:32:52,105 [22] WebAPI.Controllers.ExportToMPPController GetFile - start of mpp export function
INFO  2020-11-14 00:32:52,238 [22] WebAPI.Controllers.ExportToMPPController GetFile - Before open application
INFO  2020-11-14 00:32:52,239 [22] WebAPI.Controllers.ExportToMPPController GetFile - Before filenew
INFO  2020-11-14 00:32:53,046 [22] WebAPI.Controllers.ExportToMPPController GetFile - After filenew
INFO  2020-11-14 00:32:53,048 [22] WebAPI.Controllers.ExportToMPPController GetFile - C:\Manasi\Live Projects\CPP\CPPv3\WebAPI\CPPWebService\WebAPI\Uploads\PE1__week_11142020_00-32-52.mpp Started parallel checkProcess
INFO  2020-11-14 00:32:53,048 [50] WebAPI.Controllers.ExportToMPPController <checkProcess>b__6_0 - Inside parallel task - before sleep
INFO  2020-11-14 00:32:57,378 [22] WebAPI.Controllers.ExportToMPPController GetFile - ATTEMPT: 0
INFO  2020-11-14 00:32:57,379 [22] WebAPI.Controllers.ExportToMPPController GetFile - System.NullReferenceException: Object reference not set to an instance of an object.
   at WebAPI.Controllers.ExportToMPPController.GetFile(Int32 projectId, Int32 trendNumber, String granularity, Int32 phaseId) in C:\Manasi\Live Projects\CPP\CPPv3\WebAPI\CPPWebService\WebAPI\Controllers\ExportToMPPController.cs:line 747
INFO  2020-11-14 00:32:57,385 [22] WebAPI.Controllers.ExportToMPPController GetFile - start of mpp export function
INFO  2020-11-14 00:32:57,452 [22] WebAPI.Controllers.ExportToMPPController GetFile - Before open application
INFO  2020-11-14 00:32:57,452 [22] WebAPI.Controllers.ExportToMPPController GetFile - Before filenew
INFO  2020-11-14 00:32:58,057 [50] WebAPI.Controllers.ExportToMPPController <checkProcess>b__6_0 - Inside parallel task - after sleep
INFO  2020-11-14 00:32:58,080 [50] WebAPI.Controllers.ExportToMPPController <checkProcess>b__6_0 - Number of DWWIN 0
INFO  2020-11-14 00:32:58,093 [50] WebAPI.Controllers.ExportToMPPController <checkProcess>b__6_0 - Number of WerFault 0
INFO  2020-11-14 00:32:58,099 [50] WebAPI.Controllers.ExportToMPPController <checkProcess>b__6_0 - Number of WINPROJ 1
INFO  2020-11-14 00:32:58,128 [50] WebAPI.Controllers.ExportToMPPController <checkProcess>b__6_0 - Before WINPROJ - auto kill after 5000 ms
INFO  2020-11-14 00:32:58,131 [50] WebAPI.Controllers.ExportToMPPController <checkProcess>b__6_0 - After WINPROJ - auto kill after 5000 ms
INFO  2020-11-14 00:32:58,334 [22] WebAPI.Controllers.ExportToMPPController GetFile - ATTEMPT: 1
INFO  2020-11-14 00:32:58,336 [22] WebAPI.Controllers.ExportToMPPController GetFile - System.Runtime.InteropServices.COMException (0x800706BE): The remote procedure call failed. (Exception from HRESULT: 0x800706BE)
   at System.RuntimeType.ForwardCallToInvokeMember(String memberName, BindingFlags flags, Object target, Int32[] aWrapperTypes, MessageData& msgData)
   at Microsoft.Office.Interop.MSProject.ApplicationClass.FileNew(Object SummaryInfo, Object Template, Object FileNewDialog, Object FileNewWorkpane)
   at WebAPI.Controllers.ExportToMPPController.GetFile(Int32 projectId, Int32 trendNumber, String granularity, Int32 phaseId) in C:\Manasi\Live Projects\CPP\CPPv3\WebAPI\CPPWebService\WebAPI\Controllers\ExportToMPPController.cs:line 102
INFO  2020-11-14 00:32:59,894 [22] WebAPI.Controllers.ExportToMPPController GetFile - start of mpp export function
INFO  2020-11-14 00:33:00,002 [22] WebAPI.Controllers.ExportToMPPController GetFile - Before open application
INFO  2020-11-14 00:33:00,003 [22] WebAPI.Controllers.ExportToMPPController GetFile - Before filenew
INFO  2020-11-14 00:33:00,513 [22] WebAPI.Controllers.ExportToMPPController GetFile - After filenew
INFO  2020-11-14 00:33:00,514 [22] WebAPI.Controllers.ExportToMPPController GetFile - C:\Manasi\Live Projects\CPP\CPPv3\WebAPI\CPPWebService\WebAPI\Uploads\PE1__week_11142020_00-33-00.mpp Started parallel checkProcess
INFO  2020-11-14 00:33:05,639 [22] WebAPI.Controllers.ExportToMPPController GetFile - ATTEMPT: 2
INFO  2020-11-14 00:33:05,640 [22] WebAPI.Controllers.ExportToMPPController GetFile - System.Runtime.InteropServices.COMException (0x80010001): Call was rejected by callee. (Exception from HRESULT: 0x80010001 (RPC_E_CALL_REJECTED))
   at System.RuntimeType.ForwardCallToInvokeMember(String memberName, BindingFlags flags, Object target, Int32[] aWrapperTypes, MessageData& msgData)
   at Microsoft.Office.Interop.MSProject.ApplicationClass.TableEditEx(String Name, Boolean TaskTable, Object Create, Object OverwriteExisting, Object NewName, Object FieldName, Object NewFieldName, Object Title, Object Width, Object Align, Object ShowInMenu, Object LockFirstColumn, Object DateFormat, Object RowHeight, Object ColumnPosition, Object AlignTitle, Object HeaderAutoRowHeightAdjustment, Object HeaderTextWrap, Object WrapText, Object ShowAddNewColumn)
   at WebAPI.Controllers.ExportToMPPController.GetFile(Int32 projectId, Int32 trendNumber, String granularity, Int32 phaseId) in C:\Manasi\Live Projects\CPP\CPPv3\WebAPI\CPPWebService\WebAPI\Controllers\ExportToMPPController.cs:line 226
INFO  2020-11-14 00:34:17,313 [22] WebAPI.Controllers.ExportToMPPController GetFile - start of mpp export function
INFO  2020-11-14 00:34:17,452 [22] WebAPI.Controllers.ExportToMPPController GetFile - Before open application
INFO  2020-11-14 00:34:17,453 [22] WebAPI.Controllers.ExportToMPPController GetFile - Before filenew
INFO  2020-11-14 00:34:18,052 [22] WebAPI.Controllers.ExportToMPPController GetFile - After filenew
INFO  2020-11-14 00:34:18,054 [22] WebAPI.Controllers.ExportToMPPController GetFile - C:\Manasi\Live Projects\CPP\CPPv3\WebAPI\CPPWebService\WebAPI\Uploads\PE1__week_11142020_00-34-17.mpp Started parallel checkProcess
INFO  2020-11-14 00:34:19,111 [22] WebAPI.Controllers.ExportToMPPController GetFile - ATTEMPT: 3
INFO  2020-11-14 00:34:19,112 [22] WebAPI.Controllers.ExportToMPPController GetFile - System.NullReferenceException: Object reference not set to an instance of an object.
   at WebAPI.Controllers.ExportToMPPController.GetFile(Int32 projectId, Int32 trendNumber, String granularity, Int32 phaseId) in C:\Manasi\Live Projects\CPP\CPPv3\WebAPI\CPPWebService\WebAPI\Controllers\ExportToMPPController.cs:line 747
INFO  2020-11-14 00:34:19,114 [22] WebAPI.Controllers.ExportToMPPController GetFile - start of mpp export function
INFO  2020-11-14 00:34:19,192 [22] WebAPI.Controllers.ExportToMPPController GetFile - Before open application
INFO  2020-11-14 00:34:19,196 [22] WebAPI.Controllers.ExportToMPPController GetFile - Before filenew
INFO  2020-11-14 00:34:19,724 [22] WebAPI.Controllers.ExportToMPPController GetFile - After filenew
INFO  2020-11-14 00:34:19,727 [22] WebAPI.Controllers.ExportToMPPController GetFile - C:\Manasi\Live Projects\CPP\CPPv3\WebAPI\CPPWebService\WebAPI\Uploads\PE1__week_11142020_00-34-19.mpp Started parallel checkProcess
INFO  2020-11-14 00:34:20,867 [22] WebAPI.Controllers.ExportToMPPController GetFile - ATTEMPT: 4
INFO  2020-11-14 00:34:20,868 [22] WebAPI.Controllers.ExportToMPPController GetFile - System.NullReferenceException: Object reference not set to an instance of an object.
   at WebAPI.Controllers.ExportToMPPController.GetFile(Int32 projectId, Int32 trendNumber, String granularity, Int32 phaseId) in C:\Manasi\Live Projects\CPP\CPPv3\WebAPI\CPPWebService\WebAPI\Controllers\ExportToMPPController.cs:line 747
INFO  2020-11-14 00:34:43,402 [22] WebAPI.Controllers.ExportToMPPController GetFile - start of mpp export function
INFO  2020-11-14 00:34:43,510 [22] WebAPI.Controllers.ExportToMPPController GetFile - Before open application
INFO  2020-11-14 00:34:43,511 [22] WebAPI.Controllers.ExportToMPPController GetFile - Before filenew
INFO  2020-11-14 00:34:44,521 [22] WebAPI.Controllers.ExportToMPPController GetFile - After filenew
INFO  2020-11-14 00:34:44,522 [22] WebAPI.Controllers.ExportToMPPController GetFile - C:\Manasi\Live Projects\CPP\CPPv3\WebAPI\CPPWebService\WebAPI\Uploads\PE1__week_11142020_00-34-43.mpp Started parallel checkProcess
INFO  2020-11-14 00:34:44,551 [34] WebAPI.Controllers.ExportToMPPController <checkProcess>b__6_0 - Inside parallel task - before sleep
INFO  2020-11-14 00:34:49,784 [34] WebAPI.Controllers.ExportToMPPController <checkProcess>b__6_0 - Inside parallel task - after sleep
INFO  2020-11-14 00:34:50,773 [34] WebAPI.Controllers.ExportToMPPController <checkProcess>b__6_0 - Number of DWWIN 0
INFO  2020-11-14 00:34:50,778 [34] WebAPI.Controllers.ExportToMPPController <checkProcess>b__6_0 - Number of WerFault 0
INFO  2020-11-14 00:34:50,783 [34] WebAPI.Controllers.ExportToMPPController <checkProcess>b__6_0 - Number of WINPROJ 1
INFO  2020-11-14 00:34:51,704 [34] WebAPI.Controllers.ExportToMPPController <checkProcess>b__6_0 - Before WINPROJ - auto kill after 5000 ms
INFO  2020-11-14 00:34:51,705 [34] WebAPI.Controllers.ExportToMPPController <checkProcess>b__6_0 - After WINPROJ - auto kill after 5000 ms
INFO  2020-11-14 00:36:26,153 [22] WebAPI.Controllers.ExportToMPPController GetFile - ATTEMPT: 0
INFO  2020-11-14 00:36:26,157 [22] WebAPI.Controllers.ExportToMPPController GetFile - System.Runtime.InteropServices.COMException (0x800706BA): The RPC server is unavailable. (Exception from HRESULT: 0x800706BA)
   at System.RuntimeType.ForwardCallToInvokeMember(String memberName, BindingFlags flags, Object target, Int32[] aWrapperTypes, MessageData& msgData)
   at Microsoft.Office.Interop.MSProject.ProjectClass.get_Tasks()
   at WebAPI.Controllers.ExportToMPPController.GetFile(Int32 projectId, Int32 trendNumber, String granularity, Int32 phaseId) in C:\Manasi\Live Projects\CPP\CPPv3\WebAPI\CPPWebService\WebAPI\Controllers\ExportToMPPController.cs:line 844
INFO  2020-11-14 00:36:27,416 [22] WebAPI.Controllers.ExportToMPPController GetFile - start of mpp export function
INFO  2020-11-14 00:36:27,515 [22] WebAPI.Controllers.ExportToMPPController GetFile - Before open application
INFO  2020-11-14 00:36:27,517 [22] WebAPI.Controllers.ExportToMPPController GetFile - Before filenew
INFO  2020-11-14 00:36:27,902 [22] WebAPI.Controllers.ExportToMPPController GetFile - After filenew
INFO  2020-11-14 00:36:27,903 [22] WebAPI.Controllers.ExportToMPPController GetFile - C:\Manasi\Live Projects\CPP\CPPv3\WebAPI\CPPWebService\WebAPI\Uploads\PE1__week_11142020_00-36-27.mpp Started parallel checkProcess
INFO  2020-11-14 00:36:32,832 [22] WebAPI.Controllers.ExportToMPPController GetFile - ATTEMPT: 1
INFO  2020-11-14 00:36:32,833 [22] WebAPI.Controllers.ExportToMPPController GetFile - System.NullReferenceException: Object reference not set to an instance of an object.
   at WebAPI.Controllers.ExportToMPPController.GetFile(Int32 projectId, Int32 trendNumber, String granularity, Int32 phaseId) in C:\Manasi\Live Projects\CPP\CPPv3\WebAPI\CPPWebService\WebAPI\Controllers\ExportToMPPController.cs:line 747
INFO  2020-11-14 00:36:32,839 [22] WebAPI.Controllers.ExportToMPPController GetFile - start of mpp export function
INFO  2020-11-14 00:36:32,897 [22] WebAPI.Controllers.ExportToMPPController GetFile - Before open application
INFO  2020-11-14 00:36:32,898 [22] WebAPI.Controllers.ExportToMPPController GetFile - Before filenew
INFO  2020-11-14 00:36:33,439 [22] WebAPI.Controllers.ExportToMPPController GetFile - After filenew
INFO  2020-11-14 00:36:33,443 [22] WebAPI.Controllers.ExportToMPPController GetFile - C:\Manasi\Live Projects\CPP\CPPv3\WebAPI\CPPWebService\WebAPI\Uploads\PE1__week_11142020_00-36-32.mpp Started parallel checkProcess
INFO  2020-11-14 00:41:29,358 [9] WebAPI.Controllers.ExportToMPPController GetFile - start of mpp export function
INFO  2020-11-14 00:41:33,096 [9] WebAPI.Controllers.ExportToMPPController GetFile - Before open application
INFO  2020-11-14 00:41:33,119 [9] WebAPI.Controllers.ExportToMPPController GetFile - Before filenew
INFO  2020-11-14 00:41:33,722 [9] WebAPI.Controllers.ExportToMPPController GetFile - After filenew
INFO  2020-11-14 00:41:33,724 [9] WebAPI.Controllers.ExportToMPPController GetFile - C:\Manasi\Live Projects\CPP\CPPv3\WebAPI\CPPWebService\WebAPI\Uploads\PE1__week_11142020_00-41-33.mpp Started parallel checkProcess
INFO  2020-11-14 00:41:33,725 [11] WebAPI.Controllers.ExportToMPPController <checkProcess>b__6_0 - Inside parallel task - before sleep
INFO  2020-11-14 00:41:41,613 [11] WebAPI.Controllers.ExportToMPPController <checkProcess>b__6_0 - Inside parallel task - after sleep
INFO  2020-11-14 00:41:41,639 [11] WebAPI.Controllers.ExportToMPPController <checkProcess>b__6_0 - Number of DWWIN 0
INFO  2020-11-14 00:41:42,320 [11] WebAPI.Controllers.ExportToMPPController <checkProcess>b__6_0 - Number of WerFault 0
INFO  2020-11-14 00:41:42,333 [11] WebAPI.Controllers.ExportToMPPController <checkProcess>b__6_0 - Number of WINPROJ 1
INFO  2020-11-14 00:41:42,392 [11] WebAPI.Controllers.ExportToMPPController <checkProcess>b__6_0 - Before WINPROJ - auto kill after 5000 ms
INFO  2020-11-14 00:41:42,394 [11] WebAPI.Controllers.ExportToMPPController <checkProcess>b__6_0 - After WINPROJ - auto kill after 5000 ms
INFO  2020-11-14 00:42:00,316 [9] WebAPI.Controllers.ExportToMPPController GetFile - ATTEMPT: 0
INFO  2020-11-14 00:42:00,321 [9] WebAPI.Controllers.ExportToMPPController GetFile - System.Runtime.InteropServices.COMException (0x800706BA): The RPC server is unavailable. (Exception from HRESULT: 0x800706BA)
   at System.RuntimeType.ForwardCallToInvokeMember(String memberName, BindingFlags flags, Object target, Int32[] aWrapperTypes, MessageData& msgData)
   at Microsoft.Office.Interop.MSProject.ProjectClass.get_Tasks()
   at WebAPI.Controllers.ExportToMPPController.GetFile(Int32 projectId, Int32 trendNumber, String granularity, Int32 phaseId) in C:\Manasi\Live Projects\CPP\CPPv3\WebAPI\CPPWebService\WebAPI\Controllers\ExportToMPPController.cs:line 846
INFO  2020-11-14 00:42:06,354 [9] WebAPI.Controllers.ExportToMPPController GetFile - start of mpp export function
INFO  2020-11-14 00:42:06,466 [9] WebAPI.Controllers.ExportToMPPController GetFile - Before open application
INFO  2020-11-14 00:42:06,466 [9] WebAPI.Controllers.ExportToMPPController GetFile - Before filenew
INFO  2020-11-14 00:42:07,472 [9] WebAPI.Controllers.ExportToMPPController GetFile - After filenew
INFO  2020-11-14 00:42:07,473 [9] WebAPI.Controllers.ExportToMPPController GetFile - C:\Manasi\Live Projects\CPP\CPPv3\WebAPI\CPPWebService\WebAPI\Uploads\PE1__week_11142020_00-42-06.mpp Started parallel checkProcess
INFO  2020-11-14 00:42:36,212 [9] WebAPI.Controllers.ExportToMPPController GetFile - ATTEMPT: 1
INFO  2020-11-14 00:42:36,212 [9] WebAPI.Controllers.ExportToMPPController GetFile - System.Runtime.InteropServices.COMException (0x80010001): Call was rejected by callee. (Exception from HRESULT: 0x80010001 (RPC_E_CALL_REJECTED))
   at System.RuntimeType.ForwardCallToInvokeMember(String memberName, BindingFlags flags, Object target, Int32[] aWrapperTypes, MessageData& msgData)
   at Microsoft.Office.Interop.MSProject.ProjectClass.set_CurrencySymbol(String )
   at WebAPI.Controllers.ExportToMPPController.GetFile(Int32 projectId, Int32 trendNumber, String granularity, Int32 phaseId) in C:\Manasi\Live Projects\CPP\CPPv3\WebAPI\CPPWebService\WebAPI\Controllers\ExportToMPPController.cs:line 180
INFO  2020-11-14 00:43:18,492 [9] WebAPI.Controllers.ExportToMPPController GetFile - start of mpp export function
INFO  2020-11-14 00:43:18,518 [8] WebAPI.Controllers.ExportToMPPController GetFile - start of mpp export function
INFO  2020-11-14 00:43:18,598 [9] WebAPI.Controllers.ExportToMPPController GetFile - Before open application
INFO  2020-11-14 00:43:18,600 [9] WebAPI.Controllers.ExportToMPPController GetFile - Before filenew
INFO  2020-11-14 00:43:18,660 [8] WebAPI.Controllers.ExportToMPPController GetFile - Before open application
INFO  2020-11-14 00:43:18,677 [8] WebAPI.Controllers.ExportToMPPController GetFile - Before filenew
INFO  2020-11-14 00:43:19,378 [9] WebAPI.Controllers.ExportToMPPController GetFile - After filenew
INFO  2020-11-14 00:43:19,382 [9] WebAPI.Controllers.ExportToMPPController GetFile - C:\Manasi\Live Projects\CPP\CPPv3\WebAPI\CPPWebService\WebAPI\Uploads\PE1__week_11142020_00-43-18.mpp Started parallel checkProcess
INFO  2020-11-14 00:43:20,223 [8] WebAPI.Controllers.ExportToMPPController GetFile - After filenew
INFO  2020-11-14 00:43:20,232 [8] WebAPI.Controllers.ExportToMPPController GetFile - C:\Manasi\Live Projects\CPP\CPPv3\WebAPI\CPPWebService\WebAPI\Uploads\PE1__week_11142020_00-43-18.mpp Started parallel checkProcess
INFO  2020-11-14 00:43:20,233 [5] WebAPI.Controllers.ExportToMPPController <checkProcess>b__6_0 - Inside parallel task - before sleep
INFO  2020-11-14 00:43:26,288 [5] WebAPI.Controllers.ExportToMPPController <checkProcess>b__6_0 - Inside parallel task - after sleep
INFO  2020-11-14 00:43:26,346 [5] WebAPI.Controllers.ExportToMPPController <checkProcess>b__6_0 - Number of DWWIN 0
INFO  2020-11-14 00:43:26,352 [5] WebAPI.Controllers.ExportToMPPController <checkProcess>b__6_0 - Number of WerFault 0
INFO  2020-11-14 00:43:26,357 [5] WebAPI.Controllers.ExportToMPPController <checkProcess>b__6_0 - Number of WINPROJ 1
INFO  2020-11-14 00:43:26,379 [5] WebAPI.Controllers.ExportToMPPController <checkProcess>b__6_0 - Before WINPROJ - auto kill after 5000 ms
INFO  2020-11-14 00:43:26,382 [5] WebAPI.Controllers.ExportToMPPController <checkProcess>b__6_0 - After WINPROJ - auto kill after 5000 ms
INFO  2020-11-14 00:43:33,489 [8] WebAPI.Controllers.ExportToMPPController GetFile - ATTEMPT: 0
INFO  2020-11-14 00:43:33,503 [8] WebAPI.Controllers.ExportToMPPController GetFile - System.Runtime.InteropServices.COMException (0x800706BE): The remote procedure call failed. (Exception from HRESULT: 0x800706BE)
   at Microsoft.Office.Interop.MSProject.Tasks.Add(Object Name, Object Before)
   at WebAPI.Controllers.ExportToMPPController.GetFile(Int32 projectId, Int32 trendNumber, String granularity, Int32 phaseId) in C:\Manasi\Live Projects\CPP\CPPv3\WebAPI\CPPWebService\WebAPI\Controllers\ExportToMPPController.cs:line 846
INFO  2020-11-14 00:43:34,297 [9] WebAPI.Controllers.ExportToMPPController GetFile - ATTEMPT: 2
INFO  2020-11-14 00:43:34,302 [9] WebAPI.Controllers.ExportToMPPController GetFile - System.Runtime.InteropServices.COMException (0x800706BE): The remote procedure call failed. (Exception from HRESULT: 0x800706BE)
   at System.RuntimeType.ForwardCallToInvokeMember(String memberName, BindingFlags flags, Object target, Int32[] aWrapperTypes, MessageData& msgData)
   at Microsoft.Office.Interop.MSProject.ProjectClass.get_Tasks()
   at WebAPI.Controllers.ExportToMPPController.GetFile(Int32 projectId, Int32 trendNumber, String granularity, Int32 phaseId) in C:\Manasi\Live Projects\CPP\CPPv3\WebAPI\CPPWebService\WebAPI\Controllers\ExportToMPPController.cs:line 846
INFO  2020-11-14 00:43:34,899 [8] WebAPI.Controllers.ExportToMPPController GetFile - start of mpp export function
INFO  2020-11-14 00:43:34,899 [9] WebAPI.Controllers.ExportToMPPController GetFile - start of mpp export function
INFO  2020-11-14 00:43:35,048 [8] WebAPI.Controllers.ExportToMPPController GetFile - Before open application
INFO  2020-11-14 00:43:35,051 [8] WebAPI.Controllers.ExportToMPPController GetFile - Before filenew
INFO  2020-11-14 00:43:35,083 [9] WebAPI.Controllers.ExportToMPPController GetFile - Before open application
INFO  2020-11-14 00:43:35,087 [9] WebAPI.Controllers.ExportToMPPController GetFile - Before filenew
INFO  2020-11-14 00:43:35,445 [8] WebAPI.Controllers.ExportToMPPController GetFile - After filenew
INFO  2020-11-14 00:43:35,446 [8] WebAPI.Controllers.ExportToMPPController GetFile - C:\Manasi\Live Projects\CPP\CPPv3\WebAPI\CPPWebService\WebAPI\Uploads\PE1__week_11142020_00-43-35.mpp Started parallel checkProcess
INFO  2020-11-14 00:43:35,965 [9] WebAPI.Controllers.ExportToMPPController GetFile - After filenew
INFO  2020-11-14 00:43:35,966 [9] WebAPI.Controllers.ExportToMPPController GetFile - C:\Manasi\Live Projects\CPP\CPPv3\WebAPI\CPPWebService\WebAPI\Uploads\PE1__week_11142020_00-43-35.mpp Started parallel checkProcess
INFO  2020-11-14 00:43:37,640 [8] WebAPI.Controllers.ExportToMPPController GetFile - ATTEMPT: 1
INFO  2020-11-14 00:43:37,659 [8] WebAPI.Controllers.ExportToMPPController GetFile - System.Runtime.InteropServices.COMException (0x80010001): Call was rejected by callee. (Exception from HRESULT: 0x80010001 (RPC_E_CALL_REJECTED))
   at Microsoft.Office.Interop.MSProject.Resource.SetField(PjField FieldID, String Value)
   at WebAPI.Controllers.ExportToMPPController.GetFile(Int32 projectId, Int32 trendNumber, String granularity, Int32 phaseId) in C:\Manasi\Live Projects\CPP\CPPv3\WebAPI\CPPWebService\WebAPI\Controllers\ExportToMPPController.cs:line 152
INFO  2020-11-14 00:43:40,815 [9] WebAPI.Controllers.ExportToMPPController GetFile - ATTEMPT: 3
INFO  2020-11-14 00:43:40,816 [9] WebAPI.Controllers.ExportToMPPController GetFile - System.Runtime.InteropServices.COMException (0x80010001): Call was rejected by callee. (Exception from HRESULT: 0x80010001 (RPC_E_CALL_REJECTED))
   at Microsoft.Office.Interop.MSProject.Resource.SetField(PjField FieldID, String Value)
   at WebAPI.Controllers.ExportToMPPController.GetFile(Int32 projectId, Int32 trendNumber, String granularity, Int32 phaseId) in C:\Manasi\Live Projects\CPP\CPPv3\WebAPI\CPPWebService\WebAPI\Controllers\ExportToMPPController.cs:line 152
DEBUG 2020-11-14 01:48:09,156 [10] WebAPI.Models.Organization getOrganization - Getting all organizations. {"SessionID":"278baf5d-40d1-40db-b7d3-6bddf83926df","Params":{"OrganizationID":"null","KeyStroke":"null"},"RequestedUser":"admin","Result":""}
DEBUG 2020-11-14 01:48:09,281 [10] WebAPI.Models.Organization getOrganization - Retreived Organization List {"SessionID":"278baf5d-40d1-40db-b7d3-6bddf83926df","Params":{"OrganizationID":"null","KeyStroke":"null"},"RequestedUser":"admin","Result":[{"Operation":0,"OrganizationID":76,"OrganizationName":"Test Organization","ShapeType":"","OrganizationAddress":"123 st","GeocodedLocation":"","RGBValue":"","LatLong":"","Note":"notes","CreatedDate":"2020-05-20T21:14:28","UpdatedDate":"2020-05-20T21:14:28","CreatedBy":"admin","UpdatedBy":"admin"},{"Operation":0,"OrganizationID":75,"OrganizationName":"Birdi Systems Inc.","ShapeType":"","OrganizationAddress":"723 E. Green Street, Pasadena, CA","GeocodedLocation":"","RGBValue":"","LatLong":"34.144975224064495,-118.13570469617844 34.14497836340614,-118.13549816608429 34.14462675641512,-118.13550218939781 34.144623617060404,-118.1356979906559","Note":"From Solutions to Service.","CreatedDate":"0001-01-01T00:00:00","UpdatedDate":"2019-12-11T19:47:39","CreatedBy":null,"UpdatedBy":"admin"}]}
DEBUG 2020-11-14 01:49:28,822 [10] WebAPI.Models.Organization getOrganization - Getting organization details for OrganizationID {"SessionID":"fba0b744-6b09-468a-932b-73c393cfca29","Params":{"OrganizationID":"75","KeyStroke":null},"RequestedUser":"admin","Result":""}
DEBUG 2020-11-14 01:49:28,837 [10] WebAPI.Models.Organization getOrganization - Retreived Organization List {"SessionID":"fba0b744-6b09-468a-932b-73c393cfca29","Params":{"OrganizationID":"75","KeyStroke":null},"RequestedUser":"admin","Result":[{"Operation":0,"OrganizationID":75,"OrganizationName":"Birdi Systems Inc.","ShapeType":"","OrganizationAddress":"723 E. Green Street, Pasadena, CA","GeocodedLocation":"","RGBValue":"","LatLong":"34.144975224064495,-118.13570469617844 34.14497836340614,-118.13549816608429 34.14462675641512,-118.13550218939781 34.144623617060404,-118.1356979906559","Note":"From Solutions to Service.","CreatedDate":"0001-01-01T00:00:00","UpdatedDate":"2019-12-11T19:47:39","CreatedBy":null,"UpdatedBy":"admin"}]}
DEBUG 2020-11-14 01:50:27,754 [21] WebAPI.Models.Organization getOrganization - Getting all organizations. {"SessionID":"2467c4c5-4b58-4379-9cd3-2ad9e7e98681","Params":{"OrganizationID":"null","KeyStroke":"null"},"RequestedUser":"admin","Result":""}
DEBUG 2020-11-14 01:50:27,764 [21] WebAPI.Models.Organization getOrganization - Retreived Organization List {"SessionID":"2467c4c5-4b58-4379-9cd3-2ad9e7e98681","Params":{"OrganizationID":"null","KeyStroke":"null"},"RequestedUser":"admin","Result":[{"Operation":0,"OrganizationID":76,"OrganizationName":"Test Organization","ShapeType":"","OrganizationAddress":"123 st","GeocodedLocation":"","RGBValue":"","LatLong":"","Note":"notes","CreatedDate":"2020-05-20T21:14:28","UpdatedDate":"2020-05-20T21:14:28","CreatedBy":"admin","UpdatedBy":"admin"},{"Operation":0,"OrganizationID":75,"OrganizationName":"Birdi Systems Inc.","ShapeType":"","OrganizationAddress":"723 E. Green Street, Pasadena, CA","GeocodedLocation":"","RGBValue":"","LatLong":"34.144975224064495,-118.13570469617844 34.14497836340614,-118.13549816608429 34.14462675641512,-118.13550218939781 34.144623617060404,-118.1356979906559","Note":"From Solutions to Service.","CreatedDate":"0001-01-01T00:00:00","UpdatedDate":"2019-12-11T19:47:39","CreatedBy":null,"UpdatedBy":"admin"}]}
DEBUG 2020-11-14 01:50:30,058 [10] WebAPI.Models.Organization getOrganization - Getting organization details for OrganizationID {"SessionID":"18feabed-39bb-42ae-95d0-3550fb1ce6c1","Params":{"OrganizationID":"75","KeyStroke":null},"RequestedUser":"admin","Result":""}
DEBUG 2020-11-14 01:50:30,064 [10] WebAPI.Models.Organization getOrganization - Retreived Organization List {"SessionID":"18feabed-39bb-42ae-95d0-3550fb1ce6c1","Params":{"OrganizationID":"75","KeyStroke":null},"RequestedUser":"admin","Result":[{"Operation":0,"OrganizationID":75,"OrganizationName":"Birdi Systems Inc.","ShapeType":"","OrganizationAddress":"723 E. Green Street, Pasadena, CA","GeocodedLocation":"","RGBValue":"","LatLong":"34.144975224064495,-118.13570469617844 34.14497836340614,-118.13549816608429 34.14462675641512,-118.13550218939781 34.144623617060404,-118.1356979906559","Note":"From Solutions to Service.","CreatedDate":"0001-01-01T00:00:00","UpdatedDate":"2019-12-11T19:47:39","CreatedBy":null,"UpdatedBy":"admin"}]}
DEBUG 2020-11-14 02:14:06,577 [7] WebAPI.Models.Organization getOrganization - Getting all organizations. {"SessionID":"9718124c-0363-42db-9157-d5f1edca43ec","Params":{"OrganizationID":"null","KeyStroke":"null"},"RequestedUser":"admin","Result":""}
DEBUG 2020-11-14 02:14:06,739 [7] WebAPI.Models.Organization getOrganization - Retreived Organization List {"SessionID":"9718124c-0363-42db-9157-d5f1edca43ec","Params":{"OrganizationID":"null","KeyStroke":"null"},"RequestedUser":"admin","Result":[{"Operation":0,"OrganizationID":76,"OrganizationName":"Test Organization","ShapeType":"","OrganizationAddress":"123 st","GeocodedLocation":"","RGBValue":"","LatLong":"","Note":"notes","CreatedDate":"2020-05-20T21:14:28","UpdatedDate":"2020-05-20T21:14:28","CreatedBy":"admin","UpdatedBy":"admin"},{"Operation":0,"OrganizationID":75,"OrganizationName":"Birdi Systems Inc.","ShapeType":"","OrganizationAddress":"723 E. Green Street, Pasadena, CA","GeocodedLocation":"","RGBValue":"","LatLong":"34.144975224064495,-118.13570469617844 34.14497836340614,-118.13549816608429 34.14462675641512,-118.13550218939781 34.144623617060404,-118.1356979906559","Note":"From Solutions to Service.","CreatedDate":"0001-01-01T00:00:00","UpdatedDate":"2019-12-11T19:47:39","CreatedBy":null,"UpdatedBy":"admin"}]}
DEBUG 2020-11-14 02:14:09,009 [9] WebAPI.Models.Organization getOrganization - Getting organization details for OrganizationID {"SessionID":"7f406d61-a7bc-4d5d-885b-4a7702e3ef11","Params":{"OrganizationID":"75","KeyStroke":null},"RequestedUser":"admin","Result":""}
DEBUG 2020-11-14 02:14:26,303 [9] WebAPI.Models.Organization getOrganization - Retreived Organization List {"SessionID":"7f406d61-a7bc-4d5d-885b-4a7702e3ef11","Params":{"OrganizationID":"75","KeyStroke":null},"RequestedUser":"admin","Result":[{"Operation":0,"OrganizationID":75,"OrganizationName":"Birdi Systems Inc.","ShapeType":"","OrganizationAddress":"723 E. Green Street, Pasadena, CA","GeocodedLocation":"","RGBValue":"","LatLong":"34.144975224064495,-118.13570469617844 34.14497836340614,-118.13549816608429 34.14462675641512,-118.13550218939781 34.144623617060404,-118.1356979906559","Note":"From Solutions to Service.","CreatedDate":"0001-01-01T00:00:00","UpdatedDate":"2019-12-11T19:47:39","CreatedBy":null,"UpdatedBy":"admin"}]}
DEBUG 2020-11-14 02:16:28,787 [24] WebAPI.Models.Organization getOrganization - Getting all organizations. {"SessionID":"bb809f78-258e-4611-86c9-98b5c4245a43","Params":{"OrganizationID":"null","KeyStroke":"null"},"RequestedUser":"admin","Result":""}
DEBUG 2020-11-14 02:16:28,795 [24] WebAPI.Models.Organization getOrganization - Retreived Organization List {"SessionID":"bb809f78-258e-4611-86c9-98b5c4245a43","Params":{"OrganizationID":"null","KeyStroke":"null"},"RequestedUser":"admin","Result":[{"Operation":0,"OrganizationID":76,"OrganizationName":"Test Organization","ShapeType":"","OrganizationAddress":"123 st","GeocodedLocation":"","RGBValue":"","LatLong":"","Note":"notes","CreatedDate":"2020-05-20T21:14:28","UpdatedDate":"2020-05-20T21:14:28","CreatedBy":"admin","UpdatedBy":"admin"},{"Operation":0,"OrganizationID":75,"OrganizationName":"Birdi Systems Inc.","ShapeType":"","OrganizationAddress":"723 E. Green Street, Pasadena, CA","GeocodedLocation":"","RGBValue":"","LatLong":"34.144975224064495,-118.13570469617844 34.14497836340614,-118.13549816608429 34.14462675641512,-118.13550218939781 34.144623617060404,-118.1356979906559","Note":"From Solutions to Service.","CreatedDate":"0001-01-01T00:00:00","UpdatedDate":"2019-12-11T19:47:39","CreatedBy":null,"UpdatedBy":"admin"}]}
DEBUG 2020-11-14 02:16:28,924 [6] WebAPI.Models.Organization getOrganization - Getting organization details for OrganizationID {"SessionID":"75cafb44-6e2c-450e-9157-2a491f29db18","Params":{"OrganizationID":"75","KeyStroke":null},"RequestedUser":"admin","Result":""}
DEBUG 2020-11-14 02:16:31,269 [6] WebAPI.Models.Organization getOrganization - Retreived Organization List {"SessionID":"75cafb44-6e2c-450e-9157-2a491f29db18","Params":{"OrganizationID":"75","KeyStroke":null},"RequestedUser":"admin","Result":[{"Operation":0,"OrganizationID":75,"OrganizationName":"Birdi Systems Inc.","ShapeType":"","OrganizationAddress":"723 E. Green Street, Pasadena, CA","GeocodedLocation":"","RGBValue":"","LatLong":"34.144975224064495,-118.13570469617844 34.14497836340614,-118.13549816608429 34.14462675641512,-118.13550218939781 34.144623617060404,-118.1356979906559","Note":"From Solutions to Service.","CreatedDate":"0001-01-01T00:00:00","UpdatedDate":"2019-12-11T19:47:39","CreatedBy":null,"UpdatedBy":"admin"}]}
DEBUG 2020-11-14 02:21:15,510 [7] WebAPI.Models.Organization getOrganization - Getting all organizations. {"SessionID":"481e68ee-2f11-4219-8971-cac892763d3a","Params":{"OrganizationID":"null","KeyStroke":"null"},"RequestedUser":"admin","Result":""}
DEBUG 2020-11-14 02:21:15,660 [7] WebAPI.Models.Organization getOrganization - Retreived Organization List {"SessionID":"481e68ee-2f11-4219-8971-cac892763d3a","Params":{"OrganizationID":"null","KeyStroke":"null"},"RequestedUser":"admin","Result":[{"Operation":0,"OrganizationID":76,"OrganizationName":"Test Organization","ShapeType":"","OrganizationAddress":"123 st","GeocodedLocation":"","RGBValue":"","LatLong":"","Note":"notes","CreatedDate":"2020-05-20T21:14:28","UpdatedDate":"2020-05-20T21:14:28","CreatedBy":"admin","UpdatedBy":"admin"},{"Operation":0,"OrganizationID":75,"OrganizationName":"Birdi Systems Inc.","ShapeType":"","OrganizationAddress":"723 E. Green Street, Pasadena, CA","GeocodedLocation":"","RGBValue":"","LatLong":"34.144975224064495,-118.13570469617844 34.14497836340614,-118.13549816608429 34.14462675641512,-118.13550218939781 34.144623617060404,-118.1356979906559","Note":"From Solutions to Service.","CreatedDate":"0001-01-01T00:00:00","UpdatedDate":"2019-12-11T19:47:39","CreatedBy":null,"UpdatedBy":"admin"}]}
DEBUG 2020-11-14 02:21:18,468 [8] WebAPI.Models.Organization getOrganization - Getting organization details for OrganizationID {"SessionID":"25b62be5-36c3-425c-94ec-40336a95baae","Params":{"OrganizationID":"75","KeyStroke":null},"RequestedUser":"admin","Result":""}
DEBUG 2020-11-14 02:21:19,365 [8] WebAPI.Models.Organization getOrganization - Retreived Organization List {"SessionID":"25b62be5-36c3-425c-94ec-40336a95baae","Params":{"OrganizationID":"75","KeyStroke":null},"RequestedUser":"admin","Result":[{"Operation":0,"OrganizationID":75,"OrganizationName":"Birdi Systems Inc.","ShapeType":"","OrganizationAddress":"723 E. Green Street, Pasadena, CA","GeocodedLocation":"","RGBValue":"","LatLong":"34.144975224064495,-118.13570469617844 34.14497836340614,-118.13549816608429 34.14462675641512,-118.13550218939781 34.144623617060404,-118.1356979906559","Note":"From Solutions to Service.","CreatedDate":"0001-01-01T00:00:00","UpdatedDate":"2019-12-11T19:47:39","CreatedBy":null,"UpdatedBy":"admin"}]}
DEBUG 2020-11-14 02:21:38,536 [10] WebAPI.Models.Organization getOrganization - Getting all organizations. {"SessionID":"170423f0-dbc8-4390-9849-9c55334bab80","Params":{"OrganizationID":"null","KeyStroke":"null"},"RequestedUser":"admin","Result":""}
DEBUG 2020-11-14 02:21:38,548 [10] WebAPI.Models.Organization getOrganization - Retreived Organization List {"SessionID":"170423f0-dbc8-4390-9849-9c55334bab80","Params":{"OrganizationID":"null","KeyStroke":"null"},"RequestedUser":"admin","Result":[{"Operation":0,"OrganizationID":76,"OrganizationName":"Test Organization","ShapeType":"","OrganizationAddress":"123 st","GeocodedLocation":"","RGBValue":"","LatLong":"","Note":"notes","CreatedDate":"2020-05-20T21:14:28","UpdatedDate":"2020-05-20T21:14:28","CreatedBy":"admin","UpdatedBy":"admin"},{"Operation":0,"OrganizationID":75,"OrganizationName":"Birdi Systems Inc.","ShapeType":"","OrganizationAddress":"723 E. Green Street, Pasadena, CA","GeocodedLocation":"","RGBValue":"","LatLong":"34.144975224064495,-118.13570469617844 34.14497836340614,-118.13549816608429 34.14462675641512,-118.13550218939781 34.144623617060404,-118.1356979906559","Note":"From Solutions to Service.","CreatedDate":"0001-01-01T00:00:00","UpdatedDate":"2019-12-11T19:47:39","CreatedBy":null,"UpdatedBy":"admin"}]}
DEBUG 2020-11-14 02:21:42,731 [6] WebAPI.Models.Organization getOrganization - Getting organization details for OrganizationID {"SessionID":"a7e2e3fc-d94c-4b8c-81c1-e30643dbd81f","Params":{"OrganizationID":"75","KeyStroke":null},"RequestedUser":"admin","Result":""}
DEBUG 2020-11-14 02:21:43,184 [6] WebAPI.Models.Organization getOrganization - Retreived Organization List {"SessionID":"a7e2e3fc-d94c-4b8c-81c1-e30643dbd81f","Params":{"OrganizationID":"75","KeyStroke":null},"RequestedUser":"admin","Result":[{"Operation":0,"OrganizationID":75,"OrganizationName":"Birdi Systems Inc.","ShapeType":"","OrganizationAddress":"723 E. Green Street, Pasadena, CA","GeocodedLocation":"","RGBValue":"","LatLong":"34.144975224064495,-118.13570469617844 34.14497836340614,-118.13549816608429 34.14462675641512,-118.13550218939781 34.144623617060404,-118.1356979906559","Note":"From Solutions to Service.","CreatedDate":"0001-01-01T00:00:00","UpdatedDate":"2019-12-11T19:47:39","CreatedBy":null,"UpdatedBy":"admin"}]}
DEBUG 2020-11-14 02:41:15,207 [10] WebAPI.Models.Organization getOrganization - Getting all organizations. {"SessionID":"4b83f07b-4119-4fc5-89b5-74ad20376825","Params":{"OrganizationID":"null","KeyStroke":"null"},"RequestedUser":"admin","Result":""}
DEBUG 2020-11-14 02:41:15,384 [10] WebAPI.Models.Organization getOrganization - Retreived Organization List {"SessionID":"4b83f07b-4119-4fc5-89b5-74ad20376825","Params":{"OrganizationID":"null","KeyStroke":"null"},"RequestedUser":"admin","Result":[{"Operation":0,"OrganizationID":76,"OrganizationName":"Test Organization","ShapeType":"","OrganizationAddress":"123 st","GeocodedLocation":"","RGBValue":"","LatLong":"","Note":"notes","CreatedDate":"2020-05-20T21:14:28","UpdatedDate":"2020-05-20T21:14:28","CreatedBy":"admin","UpdatedBy":"admin"},{"Operation":0,"OrganizationID":75,"OrganizationName":"Birdi Systems Inc.","ShapeType":"","OrganizationAddress":"723 E. Green Street, Pasadena, CA","GeocodedLocation":"","RGBValue":"","LatLong":"34.144975224064495,-118.13570469617844 34.14497836340614,-118.13549816608429 34.14462675641512,-118.13550218939781 34.144623617060404,-118.1356979906559","Note":"From Solutions to Service.","CreatedDate":"0001-01-01T00:00:00","UpdatedDate":"2019-12-11T19:47:39","CreatedBy":null,"UpdatedBy":"admin"}]}
DEBUG 2020-11-14 02:41:15,614 [10] WebAPI.Models.Organization getOrganization - Getting organization details for OrganizationID {"SessionID":"ab491618-aed7-4d4f-ac20-7116a4656a35","Params":{"OrganizationID":"75","KeyStroke":null},"RequestedUser":"admin","Result":""}
DEBUG 2020-11-14 02:41:15,624 [10] WebAPI.Models.Organization getOrganization - Retreived Organization List {"SessionID":"ab491618-aed7-4d4f-ac20-7116a4656a35","Params":{"OrganizationID":"75","KeyStroke":null},"RequestedUser":"admin","Result":[{"Operation":0,"OrganizationID":75,"OrganizationName":"Birdi Systems Inc.","ShapeType":"","OrganizationAddress":"723 E. Green Street, Pasadena, CA","GeocodedLocation":"","RGBValue":"","LatLong":"34.144975224064495,-118.13570469617844 34.14497836340614,-118.13549816608429 34.14462675641512,-118.13550218939781 34.144623617060404,-118.1356979906559","Note":"From Solutions to Service.","CreatedDate":"0001-01-01T00:00:00","UpdatedDate":"2019-12-11T19:47:39","CreatedBy":null,"UpdatedBy":"admin"}]}
DEBUG 2020-11-14 02:42:34,303 [8] WebAPI.Models.Organization getOrganization - Getting all organizations. {"SessionID":"a55ae664-9f5d-420c-84fb-d693f559aab6","Params":{"OrganizationID":"null","KeyStroke":"null"},"RequestedUser":"admin","Result":""}
DEBUG 2020-11-14 02:42:34,406 [8] WebAPI.Models.Organization getOrganization - Retreived Organization List {"SessionID":"a55ae664-9f5d-420c-84fb-d693f559aab6","Params":{"OrganizationID":"null","KeyStroke":"null"},"RequestedUser":"admin","Result":[{"Operation":0,"OrganizationID":76,"OrganizationName":"Test Organization","ShapeType":"","OrganizationAddress":"123 st","GeocodedLocation":"","RGBValue":"","LatLong":"","Note":"notes","CreatedDate":"2020-05-20T21:14:28","UpdatedDate":"2020-05-20T21:14:28","CreatedBy":"admin","UpdatedBy":"admin"},{"Operation":0,"OrganizationID":75,"OrganizationName":"Birdi Systems Inc.","ShapeType":"","OrganizationAddress":"723 E. Green Street, Pasadena, CA","GeocodedLocation":"","RGBValue":"","LatLong":"34.144975224064495,-118.13570469617844 34.14497836340614,-118.13549816608429 34.14462675641512,-118.13550218939781 34.144623617060404,-118.1356979906559","Note":"From Solutions to Service.","CreatedDate":"0001-01-01T00:00:00","UpdatedDate":"2019-12-11T19:47:39","CreatedBy":null,"UpdatedBy":"admin"}]}
DEBUG 2020-11-14 02:42:39,593 [10] WebAPI.Models.Organization getOrganization - Getting organization details for OrganizationID {"SessionID":"6e57e54a-9e34-4d36-b95c-c08385780291","Params":{"OrganizationID":"75","KeyStroke":null},"RequestedUser":"admin","Result":""}
DEBUG 2020-11-14 02:42:39,649 [10] WebAPI.Models.Organization getOrganization - Retreived Organization List {"SessionID":"6e57e54a-9e34-4d36-b95c-c08385780291","Params":{"OrganizationID":"75","KeyStroke":null},"RequestedUser":"admin","Result":[{"Operation":0,"OrganizationID":75,"OrganizationName":"Birdi Systems Inc.","ShapeType":"","OrganizationAddress":"723 E. Green Street, Pasadena, CA","GeocodedLocation":"","RGBValue":"","LatLong":"34.144975224064495,-118.13570469617844 34.14497836340614,-118.13549816608429 34.14462675641512,-118.13550218939781 34.144623617060404,-118.1356979906559","Note":"From Solutions to Service.","CreatedDate":"0001-01-01T00:00:00","UpdatedDate":"2019-12-11T19:47:39","CreatedBy":null,"UpdatedBy":"admin"}]}
DEBUG 2020-11-14 02:44:40,445 [5] WebAPI.Models.Organization getOrganization - Getting all organizations. {"SessionID":"f82212a9-fcd9-4784-9a2d-b13cdc83127b","Params":{"OrganizationID":"null","KeyStroke":"null"},"RequestedUser":"admin","Result":""}
DEBUG 2020-11-14 02:44:40,572 [5] WebAPI.Models.Organization getOrganization - Retreived Organization List {"SessionID":"f82212a9-fcd9-4784-9a2d-b13cdc83127b","Params":{"OrganizationID":"null","KeyStroke":"null"},"RequestedUser":"admin","Result":[{"Operation":0,"OrganizationID":76,"OrganizationName":"Test Organization","ShapeType":"","OrganizationAddress":"123 st","GeocodedLocation":"","RGBValue":"","LatLong":"","Note":"notes","CreatedDate":"2020-05-20T21:14:28","UpdatedDate":"2020-05-20T21:14:28","CreatedBy":"admin","UpdatedBy":"admin"},{"Operation":0,"OrganizationID":75,"OrganizationName":"Birdi Systems Inc.","ShapeType":"","OrganizationAddress":"723 E. Green Street, Pasadena, CA","GeocodedLocation":"","RGBValue":"","LatLong":"34.144975224064495,-118.13570469617844 34.14497836340614,-118.13549816608429 34.14462675641512,-118.13550218939781 34.144623617060404,-118.1356979906559","Note":"From Solutions to Service.","CreatedDate":"0001-01-01T00:00:00","UpdatedDate":"2019-12-11T19:47:39","CreatedBy":null,"UpdatedBy":"admin"}]}
DEBUG 2020-11-14 02:44:45,696 [10] WebAPI.Models.Organization getOrganization - Getting organization details for OrganizationID {"SessionID":"10e73025-bd73-4fd8-9c2b-656284a032c8","Params":{"OrganizationID":"75","KeyStroke":null},"RequestedUser":"admin","Result":""}
DEBUG 2020-11-14 02:44:45,756 [10] WebAPI.Models.Organization getOrganization - Retreived Organization List {"SessionID":"10e73025-bd73-4fd8-9c2b-656284a032c8","Params":{"OrganizationID":"75","KeyStroke":null},"RequestedUser":"admin","Result":[{"Operation":0,"OrganizationID":75,"OrganizationName":"Birdi Systems Inc.","ShapeType":"","OrganizationAddress":"723 E. Green Street, Pasadena, CA","GeocodedLocation":"","RGBValue":"","LatLong":"34.144975224064495,-118.13570469617844 34.14497836340614,-118.13549816608429 34.14462675641512,-118.13550218939781 34.144623617060404,-118.1356979906559","Note":"From Solutions to Service.","CreatedDate":"0001-01-01T00:00:00","UpdatedDate":"2019-12-11T19:47:39","CreatedBy":null,"UpdatedBy":"admin"}]}
DEBUG 2020-11-14 02:52:34,516 [7] WebAPI.Models.Organization getOrganization - Getting all organizations. {"SessionID":"e0e1568f-38d3-4949-90a1-8b1f0b49eea0","Params":{"OrganizationID":"null","KeyStroke":"null"},"RequestedUser":"admin","Result":""}
DEBUG 2020-11-14 02:52:34,600 [7] WebAPI.Models.Organization getOrganization - Retreived Organization List {"SessionID":"e0e1568f-38d3-4949-90a1-8b1f0b49eea0","Params":{"OrganizationID":"null","KeyStroke":"null"},"RequestedUser":"admin","Result":[{"Operation":0,"OrganizationID":76,"OrganizationName":"Test Organization","ShapeType":"","OrganizationAddress":"123 st","GeocodedLocation":"","RGBValue":"","LatLong":"","Note":"notes","CreatedDate":"2020-05-20T21:14:28","UpdatedDate":"2020-05-20T21:14:28","CreatedBy":"admin","UpdatedBy":"admin"},{"Operation":0,"OrganizationID":75,"OrganizationName":"Birdi Systems Inc.","ShapeType":"","OrganizationAddress":"723 E. Green Street, Pasadena, CA","GeocodedLocation":"","RGBValue":"","LatLong":"34.144975224064495,-118.13570469617844 34.14497836340614,-118.13549816608429 34.14462675641512,-118.13550218939781 34.144623617060404,-118.1356979906559","Note":"From Solutions to Service.","CreatedDate":"0001-01-01T00:00:00","UpdatedDate":"2019-12-11T19:47:39","CreatedBy":null,"UpdatedBy":"admin"}]}
DEBUG 2020-11-14 02:52:37,743 [7] WebAPI.Models.Organization getOrganization - Getting organization details for OrganizationID {"SessionID":"0438790d-83e6-4c0e-b39c-6a982156968f","Params":{"OrganizationID":"75","KeyStroke":null},"RequestedUser":"admin","Result":""}
DEBUG 2020-11-14 02:52:37,829 [7] WebAPI.Models.Organization getOrganization - Retreived Organization List {"SessionID":"0438790d-83e6-4c0e-b39c-6a982156968f","Params":{"OrganizationID":"75","KeyStroke":null},"RequestedUser":"admin","Result":[{"Operation":0,"OrganizationID":75,"OrganizationName":"Birdi Systems Inc.","ShapeType":"","OrganizationAddress":"723 E. Green Street, Pasadena, CA","GeocodedLocation":"","RGBValue":"","LatLong":"34.144975224064495,-118.13570469617844 34.14497836340614,-118.13549816608429 34.14462675641512,-118.13550218939781 34.144623617060404,-118.1356979906559","Note":"From Solutions to Service.","CreatedDate":"0001-01-01T00:00:00","UpdatedDate":"2019-12-11T19:47:39","CreatedBy":null,"UpdatedBy":"admin"}]}
DEBUG 2020-11-14 02:53:22,170 [19] WebAPI.Models.Organization getOrganization - Getting all organizations. {"SessionID":"5eb35715-03b4-4188-8e07-fcad1245b75c","Params":{"OrganizationID":"null","KeyStroke":"null"},"RequestedUser":"admin","Result":""}
DEBUG 2020-11-14 02:53:22,176 [19] WebAPI.Models.Organization getOrganization - Retreived Organization List {"SessionID":"5eb35715-03b4-4188-8e07-fcad1245b75c","Params":{"OrganizationID":"null","KeyStroke":"null"},"RequestedUser":"admin","Result":[{"Operation":0,"OrganizationID":76,"OrganizationName":"Test Organization","ShapeType":"","OrganizationAddress":"123 st","GeocodedLocation":"","RGBValue":"","LatLong":"","Note":"notes","CreatedDate":"2020-05-20T21:14:28","UpdatedDate":"2020-05-20T21:14:28","CreatedBy":"admin","UpdatedBy":"admin"},{"Operation":0,"OrganizationID":75,"OrganizationName":"Birdi Systems Inc.","ShapeType":"","OrganizationAddress":"723 E. Green Street, Pasadena, CA","GeocodedLocation":"","RGBValue":"","LatLong":"34.144975224064495,-118.13570469617844 34.14497836340614,-118.13549816608429 34.14462675641512,-118.13550218939781 34.144623617060404,-118.1356979906559","Note":"From Solutions to Service.","CreatedDate":"0001-01-01T00:00:00","UpdatedDate":"2019-12-11T19:47:39","CreatedBy":null,"UpdatedBy":"admin"}]}
DEBUG 2020-11-14 02:53:22,512 [16] WebAPI.Models.Organization getOrganization - Getting organization details for OrganizationID {"SessionID":"2e5d752e-f098-4579-87fc-51562e291875","Params":{"OrganizationID":"75","KeyStroke":null},"RequestedUser":"admin","Result":""}
DEBUG 2020-11-14 02:53:23,953 [16] WebAPI.Models.Organization getOrganization - Retreived Organization List {"SessionID":"2e5d752e-f098-4579-87fc-51562e291875","Params":{"OrganizationID":"75","KeyStroke":null},"RequestedUser":"admin","Result":[{"Operation":0,"OrganizationID":75,"OrganizationName":"Birdi Systems Inc.","ShapeType":"","OrganizationAddress":"723 E. Green Street, Pasadena, CA","GeocodedLocation":"","RGBValue":"","LatLong":"34.144975224064495,-118.13570469617844 34.14497836340614,-118.13549816608429 34.14462675641512,-118.13550218939781 34.144623617060404,-118.1356979906559","Note":"From Solutions to Service.","CreatedDate":"0001-01-01T00:00:00","UpdatedDate":"2019-12-11T19:47:39","CreatedBy":null,"UpdatedBy":"admin"}]}
DEBUG 2020-11-14 02:54:49,080 [19] WebAPI.Models.Organization getOrganization - Getting all organizations. {"SessionID":"4b40e9ee-fdc7-414d-b06e-966dc655dcba","Params":{"OrganizationID":"null","KeyStroke":"null"},"RequestedUser":"admin","Result":""}
DEBUG 2020-11-14 02:54:49,085 [19] WebAPI.Models.Organization getOrganization - Retreived Organization List {"SessionID":"4b40e9ee-fdc7-414d-b06e-966dc655dcba","Params":{"OrganizationID":"null","KeyStroke":"null"},"RequestedUser":"admin","Result":[{"Operation":0,"OrganizationID":76,"OrganizationName":"Test Organization","ShapeType":"","OrganizationAddress":"123 st","GeocodedLocation":"","RGBValue":"","LatLong":"","Note":"notes","CreatedDate":"2020-05-20T21:14:28","UpdatedDate":"2020-05-20T21:14:28","CreatedBy":"admin","UpdatedBy":"admin"},{"Operation":0,"OrganizationID":75,"OrganizationName":"Birdi Systems Inc.","ShapeType":"","OrganizationAddress":"723 E. Green Street, Pasadena, CA","GeocodedLocation":"","RGBValue":"","LatLong":"34.144975224064495,-118.13570469617844 34.14497836340614,-118.13549816608429 34.14462675641512,-118.13550218939781 34.144623617060404,-118.1356979906559","Note":"From Solutions to Service.","CreatedDate":"0001-01-01T00:00:00","UpdatedDate":"2019-12-11T19:47:39","CreatedBy":null,"UpdatedBy":"admin"}]}
DEBUG 2020-11-14 02:55:58,862 [19] WebAPI.Models.Organization getOrganization - Getting organization details for OrganizationID {"SessionID":"4207371c-2c00-428f-8640-e7d0e87017c7","Params":{"OrganizationID":"75","KeyStroke":null},"RequestedUser":"admin","Result":""}
DEBUG 2020-11-14 02:55:58,884 [19] WebAPI.Models.Organization getOrganization - Retreived Organization List {"SessionID":"4207371c-2c00-428f-8640-e7d0e87017c7","Params":{"OrganizationID":"75","KeyStroke":null},"RequestedUser":"admin","Result":[{"Operation":0,"OrganizationID":75,"OrganizationName":"Birdi Systems Inc.","ShapeType":"","OrganizationAddress":"723 E. Green Street, Pasadena, CA","GeocodedLocation":"","RGBValue":"","LatLong":"34.144975224064495,-118.13570469617844 34.14497836340614,-118.13549816608429 34.14462675641512,-118.13550218939781 34.144623617060404,-118.1356979906559","Note":"From Solutions to Service.","CreatedDate":"0001-01-01T00:00:00","UpdatedDate":"2019-12-11T19:47:39","CreatedBy":null,"UpdatedBy":"admin"}]}
DEBUG 2020-11-14 03:00:15,171 [35] WebAPI.Models.Organization getOrganization - Getting all organizations. {"SessionID":"55a1a5d9-b7f1-4b70-a489-4c154b041a93","Params":{"OrganizationID":"null","KeyStroke":"null"},"RequestedUser":"admin","Result":""}
DEBUG 2020-11-14 03:00:15,174 [35] WebAPI.Models.Organization getOrganization - Retreived Organization List {"SessionID":"55a1a5d9-b7f1-4b70-a489-4c154b041a93","Params":{"OrganizationID":"null","KeyStroke":"null"},"RequestedUser":"admin","Result":[{"Operation":0,"OrganizationID":76,"OrganizationName":"Test Organization","ShapeType":"","OrganizationAddress":"123 st","GeocodedLocation":"","RGBValue":"","LatLong":"","Note":"notes","CreatedDate":"2020-05-20T21:14:28","UpdatedDate":"2020-05-20T21:14:28","CreatedBy":"admin","UpdatedBy":"admin"},{"Operation":0,"OrganizationID":75,"OrganizationName":"Birdi Systems Inc.","ShapeType":"","OrganizationAddress":"723 E. Green Street, Pasadena, CA","GeocodedLocation":"","RGBValue":"","LatLong":"34.144975224064495,-118.13570469617844 34.14497836340614,-118.13549816608429 34.14462675641512,-118.13550218939781 34.144623617060404,-118.1356979906559","Note":"From Solutions to Service.","CreatedDate":"0001-01-01T00:00:00","UpdatedDate":"2019-12-11T19:47:39","CreatedBy":null,"UpdatedBy":"admin"}]}
DEBUG 2020-11-14 03:00:15,240 [16] WebAPI.Models.Organization getOrganization - Getting organization details for OrganizationID {"SessionID":"d2452d0c-40ce-4125-9aa4-0640514d4e0f","Params":{"OrganizationID":"75","KeyStroke":null},"RequestedUser":"admin","Result":""}
DEBUG 2020-11-14 03:00:15,251 [16] WebAPI.Models.Organization getOrganization - Retreived Organization List {"SessionID":"d2452d0c-40ce-4125-9aa4-0640514d4e0f","Params":{"OrganizationID":"75","KeyStroke":null},"RequestedUser":"admin","Result":[{"Operation":0,"OrganizationID":75,"OrganizationName":"Birdi Systems Inc.","ShapeType":"","OrganizationAddress":"723 E. Green Street, Pasadena, CA","GeocodedLocation":"","RGBValue":"","LatLong":"34.144975224064495,-118.13570469617844 34.14497836340614,-118.13549816608429 34.14462675641512,-118.13550218939781 34.144623617060404,-118.1356979906559","Note":"From Solutions to Service.","CreatedDate":"0001-01-01T00:00:00","UpdatedDate":"2019-12-11T19:47:39","CreatedBy":null,"UpdatedBy":"admin"}]}
