DEBUG 2020-10-16 11:20:15,295 [12] WebAPI.Models.Organization getOrganization - Getting all organizations. {"SessionID":"ea5ce431-aace-4c71-a8e6-864c35c5f2a5","Params":{"OrganizationID":"null","KeyStroke":"null"},"RequestedUser":"admin","Result":""}
DEBUG 2020-10-16 11:20:15,378 [12] WebAPI.Models.Organization getOrganization - Retreived Organization List {"SessionID":"ea5ce431-aace-4c71-a8e6-864c35c5f2a5","Params":{"OrganizationID":"null","KeyStroke":"null"},"RequestedUser":"admin","Result":[{"Operation":0,"OrganizationID":76,"OrganizationName":"Test Organization","ShapeType":"","OrganizationAddress":"123 st","GeocodedLocation":"","RGBValue":"","LatLong":"","Note":"notes","CreatedDate":"2020-05-20T21:14:28","UpdatedDate":"2020-05-20T21:14:28","CreatedBy":"admin","UpdatedBy":"admin"},{"Operation":0,"OrganizationID":75,"OrganizationName":"Birdi Systems Inc.","ShapeType":"","OrganizationAddress":"723 E. Green Street, Pasadena, CA","GeocodedLocation":"","RGBValue":"","LatLong":"34.144975224064495,-118.13570469617844 34.14497836340614,-118.13549816608429 34.14462675641512,-118.13550218939781 34.144623617060404,-118.1356979906559","Note":"From Solutions to Service.","CreatedDate":"0001-01-01T00:00:00","UpdatedDate":"2019-12-11T19:47:39","CreatedBy":null,"UpdatedBy":"admin"}]}
DEBUG 2020-10-16 11:20:15,464 [15] WebAPI.Models.Organization getOrganization - Getting organization details for OrganizationID {"SessionID":"42e9c0bf-e008-4f38-9a0a-ac1b4eff60e0","Params":{"OrganizationID":"75","KeyStroke":null},"RequestedUser":"admin","Result":""}
DEBUG 2020-10-16 11:20:15,483 [15] WebAPI.Models.Organization getOrganization - Retreived Organization List {"SessionID":"42e9c0bf-e008-4f38-9a0a-ac1b4eff60e0","Params":{"OrganizationID":"75","KeyStroke":null},"RequestedUser":"admin","Result":[{"Operation":0,"OrganizationID":75,"OrganizationName":"Birdi Systems Inc.","ShapeType":"","OrganizationAddress":"723 E. Green Street, Pasadena, CA","GeocodedLocation":"","RGBValue":"","LatLong":"34.144975224064495,-118.13570469617844 34.14497836340614,-118.13549816608429 34.14462675641512,-118.13550218939781 34.144623617060404,-118.1356979906559","Note":"From Solutions to Service.","CreatedDate":"0001-01-01T00:00:00","UpdatedDate":"2019-12-11T19:47:39","CreatedBy":null,"UpdatedBy":"admin"}]}
DEBUG 2020-10-16 14:58:51,849 [5] WebAPI.Models.Organization getOrganization - Getting all organizations. {"SessionID":"b3c9dc1d-73d6-45f0-ac3e-ae8580778a4b","Params":{"OrganizationID":"null","KeyStroke":"null"},"RequestedUser":"admin","Result":""}
DEBUG 2020-10-16 14:58:51,926 [5] WebAPI.Models.Organization getOrganization - Retreived Organization List {"SessionID":"b3c9dc1d-73d6-45f0-ac3e-ae8580778a4b","Params":{"OrganizationID":"null","KeyStroke":"null"},"RequestedUser":"admin","Result":[{"Operation":0,"OrganizationID":76,"OrganizationName":"Test Organization","ShapeType":"","OrganizationAddress":"123 st","GeocodedLocation":"","RGBValue":"","LatLong":"","Note":"notes","CreatedDate":"2020-05-20T21:14:28","UpdatedDate":"2020-05-20T21:14:28","CreatedBy":"admin","UpdatedBy":"admin"},{"Operation":0,"OrganizationID":75,"OrganizationName":"Birdi Systems Inc.","ShapeType":"","OrganizationAddress":"723 E. Green Street, Pasadena, CA","GeocodedLocation":"","RGBValue":"","LatLong":"34.144975224064495,-118.13570469617844 34.14497836340614,-118.13549816608429 34.14462675641512,-118.13550218939781 34.144623617060404,-118.1356979906559","Note":"From Solutions to Service.","CreatedDate":"0001-01-01T00:00:00","UpdatedDate":"2019-12-11T19:47:39","CreatedBy":null,"UpdatedBy":"admin"}]}
DEBUG 2020-10-16 14:58:52,062 [5] WebAPI.Models.Organization getOrganization - Getting organization details for OrganizationID {"SessionID":"c7110657-7f97-44b3-ab36-5a8df52eabf9","Params":{"OrganizationID":"75","KeyStroke":null},"RequestedUser":"admin","Result":""}
DEBUG 2020-10-16 14:58:52,087 [5] WebAPI.Models.Organization getOrganization - Retreived Organization List {"SessionID":"c7110657-7f97-44b3-ab36-5a8df52eabf9","Params":{"OrganizationID":"75","KeyStroke":null},"RequestedUser":"admin","Result":[{"Operation":0,"OrganizationID":75,"OrganizationName":"Birdi Systems Inc.","ShapeType":"","OrganizationAddress":"723 E. Green Street, Pasadena, CA","GeocodedLocation":"","RGBValue":"","LatLong":"34.144975224064495,-118.13570469617844 34.14497836340614,-118.13549816608429 34.14462675641512,-118.13550218939781 34.144623617060404,-118.1356979906559","Note":"From Solutions to Service.","CreatedDate":"0001-01-01T00:00:00","UpdatedDate":"2019-12-11T19:47:39","CreatedBy":null,"UpdatedBy":"admin"}]}
DEBUG 2020-10-16 17:48:41,633 [14] WebAPI.Models.Organization getOrganization - Getting all organizations. {"SessionID":"138c7301-7f6d-4092-9cb9-f18d58a8b624","Params":{"OrganizationID":"null","KeyStroke":"null"},"RequestedUser":"admin","Result":""}
DEBUG 2020-10-16 17:48:41,786 [14] WebAPI.Models.Organization getOrganization - Retreived Organization List {"SessionID":"138c7301-7f6d-4092-9cb9-f18d58a8b624","Params":{"OrganizationID":"null","KeyStroke":"null"},"RequestedUser":"admin","Result":[{"Operation":0,"OrganizationID":76,"OrganizationName":"Test Organization","ShapeType":"","OrganizationAddress":"123 st","GeocodedLocation":"","RGBValue":"","LatLong":"","Note":"notes","CreatedDate":"2020-05-20T21:14:28","UpdatedDate":"2020-05-20T21:14:28","CreatedBy":"admin","UpdatedBy":"admin"},{"Operation":0,"OrganizationID":75,"OrganizationName":"Birdi Systems Inc.","ShapeType":"","OrganizationAddress":"723 E. Green Street, Pasadena, CA","GeocodedLocation":"","RGBValue":"","LatLong":"34.144975224064495,-118.13570469617844 34.14497836340614,-118.13549816608429 34.14462675641512,-118.13550218939781 34.144623617060404,-118.1356979906559","Note":"From Solutions to Service.","CreatedDate":"0001-01-01T00:00:00","UpdatedDate":"2019-12-11T19:47:39","CreatedBy":null,"UpdatedBy":"admin"}]}
DEBUG 2020-10-16 17:48:41,915 [10] WebAPI.Models.Organization getOrganization - Getting organization details for OrganizationID {"SessionID":"b3267d0e-9ec8-47a4-9c3a-e30502132317","Params":{"OrganizationID":"76","KeyStroke":null},"RequestedUser":"admin","Result":""}
DEBUG 2020-10-16 17:48:41,929 [10] WebAPI.Models.Organization getOrganization - Retreived Organization List {"SessionID":"b3267d0e-9ec8-47a4-9c3a-e30502132317","Params":{"OrganizationID":"76","KeyStroke":null},"RequestedUser":"admin","Result":[{"Operation":0,"OrganizationID":76,"OrganizationName":"Test Organization","ShapeType":"","OrganizationAddress":"123 st","GeocodedLocation":"","RGBValue":"","LatLong":"","Note":"notes","CreatedDate":"2020-05-20T21:14:28","UpdatedDate":"2020-05-20T21:14:28","CreatedBy":"admin","UpdatedBy":"admin"}]}
DEBUG 2020-10-16 17:48:46,544 [14] WebAPI.Models.Organization getOrganization - Getting organization details for OrganizationID {"SessionID":"b5b67aae-3f0e-4991-bddc-9bbfaf13e58f","Params":{"OrganizationID":"75","KeyStroke":null},"RequestedUser":"admin","Result":""}
DEBUG 2020-10-16 17:48:46,558 [14] WebAPI.Models.Organization getOrganization - Retreived Organization List {"SessionID":"b5b67aae-3f0e-4991-bddc-9bbfaf13e58f","Params":{"OrganizationID":"75","KeyStroke":null},"RequestedUser":"admin","Result":[{"Operation":0,"OrganizationID":75,"OrganizationName":"Birdi Systems Inc.","ShapeType":"","OrganizationAddress":"723 E. Green Street, Pasadena, CA","GeocodedLocation":"","RGBValue":"","LatLong":"34.144975224064495,-118.13570469617844 34.14497836340614,-118.13549816608429 34.14462675641512,-118.13550218939781 34.144623617060404,-118.1356979906559","Note":"From Solutions to Service.","CreatedDate":"0001-01-01T00:00:00","UpdatedDate":"2019-12-11T19:47:39","CreatedBy":null,"UpdatedBy":"admin"}]}
DEBUG 2020-10-16 17:48:59,694 [14] WebAPI.Models.Organization getOrganization - Getting all organizations. {"SessionID":"c0095eea-9dfe-4884-8c30-ec04a149619e","Params":{"OrganizationID":"null","KeyStroke":"null"},"RequestedUser":"admin","Result":""}
DEBUG 2020-10-16 17:48:59,702 [14] WebAPI.Models.Organization getOrganization - Retreived Organization List {"SessionID":"c0095eea-9dfe-4884-8c30-ec04a149619e","Params":{"OrganizationID":"null","KeyStroke":"null"},"RequestedUser":"admin","Result":[{"Operation":0,"OrganizationID":76,"OrganizationName":"Test Organization","ShapeType":"","OrganizationAddress":"123 st","GeocodedLocation":"","RGBValue":"","LatLong":"","Note":"notes","CreatedDate":"2020-05-20T21:14:28","UpdatedDate":"2020-05-20T21:14:28","CreatedBy":"admin","UpdatedBy":"admin"},{"Operation":0,"OrganizationID":75,"OrganizationName":"Birdi Systems Inc.","ShapeType":"","OrganizationAddress":"723 E. Green Street, Pasadena, CA","GeocodedLocation":"","RGBValue":"","LatLong":"34.144975224064495,-118.13570469617844 34.14497836340614,-118.13549816608429 34.14462675641512,-118.13550218939781 34.144623617060404,-118.1356979906559","Note":"From Solutions to Service.","CreatedDate":"0001-01-01T00:00:00","UpdatedDate":"2019-12-11T19:47:39","CreatedBy":null,"UpdatedBy":"admin"}]}
DEBUG 2020-10-16 17:48:59,885 [21] WebAPI.Models.Organization getOrganization - Getting organization details for OrganizationID {"SessionID":"df68ec5f-968f-46a4-8452-75d21fbb04b5","Params":{"OrganizationID":"75","KeyStroke":null},"RequestedUser":"admin","Result":""}
DEBUG 2020-10-16 17:48:59,911 [21] WebAPI.Models.Organization getOrganization - Retreived Organization List {"SessionID":"df68ec5f-968f-46a4-8452-75d21fbb04b5","Params":{"OrganizationID":"75","KeyStroke":null},"RequestedUser":"admin","Result":[{"Operation":0,"OrganizationID":75,"OrganizationName":"Birdi Systems Inc.","ShapeType":"","OrganizationAddress":"723 E. Green Street, Pasadena, CA","GeocodedLocation":"","RGBValue":"","LatLong":"34.144975224064495,-118.13570469617844 34.14497836340614,-118.13549816608429 34.14462675641512,-118.13550218939781 34.144623617060404,-118.1356979906559","Note":"From Solutions to Service.","CreatedDate":"0001-01-01T00:00:00","UpdatedDate":"2019-12-11T19:47:39","CreatedBy":null,"UpdatedBy":"admin"}]}
INFO  2020-10-16 17:49:16,076 [9] WebAPI.Controllers.ExportToMPPController GetFile - start of mpp export function
INFO  2020-10-16 17:49:16,532 [9] WebAPI.Controllers.ExportToMPPController GetFile - Before open application
INFO  2020-10-16 17:49:16,533 [9] WebAPI.Controllers.ExportToMPPController GetFile - Before filenew
INFO  2020-10-16 17:49:17,213 [9] WebAPI.Controllers.ExportToMPPController GetFile - After filenew
INFO  2020-10-16 17:49:17,215 [9] WebAPI.Controllers.ExportToMPPController GetFile - C:\Manasi\Live Projects\CPP\CPPv3\WebAPI\CPPWebService\WebAPI\Uploads\APACS Mobile_Real_Baseline_week_10162020_17-49-16.mpp Started parallel checkProcess
INFO  2020-10-16 17:49:17,216 [11] WebAPI.Controllers.ExportToMPPController <checkProcess>b__6_0 - Inside parallel task - before sleep
INFO  2020-10-16 17:49:18,001 [9] WebAPI.Controllers.ExportToMPPController GetFile - ATTEMPT: 0
INFO  2020-10-16 17:49:18,003 [9] WebAPI.Controllers.ExportToMPPController GetFile - System.Runtime.InteropServices.COMException (0x80010001): Call was rejected by callee. (Exception from HRESULT: 0x80010001 (RPC_E_CALL_REJECTED))
   at System.RuntimeType.ForwardCallToInvokeMember(String memberName, BindingFlags flags, Object target, Int32[] aWrapperTypes, MessageData& msgData)
   at Microsoft.Office.Interop.MSProject.ProjectClass.set_LevelEntireProject(Boolean )
   at WebAPI.Controllers.ExportToMPPController.GetFile(Int32 projectId, Int32 trendNumber, String granularity, Int32 phaseId) in C:\Manasi\Live Projects\CPP\CPPv3\WebAPI\CPPWebService\WebAPI\Controllers\ExportToMPPController.cs:line 127
INFO  2020-10-16 17:49:21,014 [9] WebAPI.Controllers.ExportToMPPController GetFile - start of mpp export function
INFO  2020-10-16 17:49:21,163 [9] WebAPI.Controllers.ExportToMPPController GetFile - Before open application
INFO  2020-10-16 17:49:21,164 [9] WebAPI.Controllers.ExportToMPPController GetFile - Before filenew
INFO  2020-10-16 17:49:22,039 [9] WebAPI.Controllers.ExportToMPPController GetFile - After filenew
INFO  2020-10-16 17:49:22,040 [9] WebAPI.Controllers.ExportToMPPController GetFile - C:\Manasi\Live Projects\CPP\CPPv3\WebAPI\CPPWebService\WebAPI\Uploads\APACS Mobile_Real_Baseline_week_10162020_17-49-21.mpp Started parallel checkProcess
INFO  2020-10-16 17:49:22,219 [11] WebAPI.Controllers.ExportToMPPController <checkProcess>b__6_0 - Inside parallel task - after sleep
INFO  2020-10-16 17:49:22,226 [11] WebAPI.Controllers.ExportToMPPController <checkProcess>b__6_0 - Number of DWWIN 0
INFO  2020-10-16 17:49:22,230 [11] WebAPI.Controllers.ExportToMPPController <checkProcess>b__6_0 - Number of WerFault 0
INFO  2020-10-16 17:49:22,235 [11] WebAPI.Controllers.ExportToMPPController <checkProcess>b__6_0 - Number of WINPROJ 1
INFO  2020-10-16 17:49:22,267 [11] WebAPI.Controllers.ExportToMPPController <checkProcess>b__6_0 - Before WINPROJ - auto kill after 5000 ms
INFO  2020-10-16 17:49:22,270 [11] WebAPI.Controllers.ExportToMPPController <checkProcess>b__6_0 - After WINPROJ - auto kill after 5000 ms
INFO  2020-10-16 17:49:22,436 [9] WebAPI.Controllers.ExportToMPPController GetFile - ATTEMPT: 1
INFO  2020-10-16 17:49:22,438 [9] WebAPI.Controllers.ExportToMPPController GetFile - System.Runtime.InteropServices.COMException (0x800706BE): The remote procedure call failed. (Exception from HRESULT: 0x800706BE)
   at System.RuntimeType.ForwardCallToInvokeMember(String memberName, BindingFlags flags, Object target, Int32[] aWrapperTypes, MessageData& msgData)
   at Microsoft.Office.Interop.MSProject.ApplicationClass.ViewApply(Object Name, Object SinglePane, Object Toggle)
   at WebAPI.Controllers.ExportToMPPController.GetFile(Int32 projectId, Int32 trendNumber, String granularity, Int32 phaseId) in C:\Manasi\Live Projects\CPP\CPPv3\WebAPI\CPPWebService\WebAPI\Controllers\ExportToMPPController.cs:line 122
INFO  2020-10-16 17:49:24,080 [9] WebAPI.Controllers.ExportToMPPController GetFile - start of mpp export function
INFO  2020-10-16 17:49:24,211 [9] WebAPI.Controllers.ExportToMPPController GetFile - Before open application
INFO  2020-10-16 17:49:24,212 [9] WebAPI.Controllers.ExportToMPPController GetFile - Before filenew
INFO  2020-10-16 17:49:24,751 [9] WebAPI.Controllers.ExportToMPPController GetFile - After filenew
INFO  2020-10-16 17:49:24,752 [9] WebAPI.Controllers.ExportToMPPController GetFile - C:\Manasi\Live Projects\CPP\CPPv3\WebAPI\CPPWebService\WebAPI\Uploads\APACS Mobile_Real_Baseline_week_10162020_17-49-24.mpp Started parallel checkProcess
INFO  2020-10-16 17:49:26,167 [9] WebAPI.Controllers.ExportToMPPController GetFile - ATTEMPT: 2
INFO  2020-10-16 17:49:26,191 [9] WebAPI.Controllers.ExportToMPPController GetFile - System.Runtime.InteropServices.COMException (0x80010001): Call was rejected by callee. (Exception from HRESULT: 0x80010001 (RPC_E_CALL_REJECTED))
   at System.Runtime.InteropServices.ComTypes.ITypeInfo.GetFuncDesc(Int32 index, IntPtr& ppFuncDesc)
   at System.Dynamic.IDispatchComObject.GetFuncDescForDescIndex(ITypeInfo typeInfo, Int32 funcIndex, FUNCDESC& funcDesc, IntPtr& funcDescHandle)
   at System.Dynamic.IDispatchComObject.EnsureScanDefinedMethods()
   at System.Dynamic.IDispatchComObject.System.Dynamic.IDynamicMetaObjectProvider.GetMetaObject(Expression parameter)
   at System.Dynamic.DynamicMetaObject.Create(Object value, Expression expression)
   at System.Dynamic.DynamicMetaObjectBinder.Bind(Object[] args, ReadOnlyCollection`1 parameters, LabelTarget returnLabel)
   at System.Runtime.CompilerServices.CallSiteBinder.BindCore[T](CallSite`1 site, Object[] args)
   at System.Dynamic.UpdateDelegates.UpdateAndExecute3[T0,T1,T2,TRet](CallSite site, T0 arg0, T1 arg1, T2 arg2)
   at CallSite.Target(Closure , CallSite , Task , PjField , Object )
   at System.Dynamic.UpdateDelegates.UpdateAndExecuteVoid3[T0,T1,T2](CallSite site, T0 arg0, T1 arg1, T2 arg2)
   at WebAPI.Controllers.ExportToMPPController.GetFile(Int32 projectId, Int32 trendNumber, String granularity, Int32 phaseId) in C:\Manasi\Live Projects\CPP\CPPv3\WebAPI\CPPWebService\WebAPI\Controllers\ExportToMPPController.cs:line 260
INFO  2020-10-16 17:52:30,514 [9] WebAPI.Controllers.ExportToMPPController GetFile - ATTEMPT: 3
INFO  2020-10-16 17:52:30,519 [9] WebAPI.Controllers.ExportToMPPController GetFile - System.Runtime.InteropServices.COMException (0x80010001): Retrieving the COM class factory for component with CLSID {36D27C48-A1E8-11D3-BA55-00C04F72F325} failed due to the following error: 80010001 Call was rejected by callee. (Exception from HRESULT: 0x80010001 (RPC_E_CALL_REJECTED)).
   at System.Runtime.Remoting.RemotingServices.AllocateUninitializedObject(RuntimeType objectType)
   at System.Runtime.Remoting.Activation.ActivationServices.CreateInstance(RuntimeType serverType)
   at System.Runtime.Remoting.Activation.ActivationServices.IsCurrentContextOK(RuntimeType serverType, Object[] props, Boolean bNewObj)
   at System.RuntimeTypeHandle.CreateInstance(RuntimeType type, Boolean publicOnly, Boolean noCheck, Boolean& canBeCached, RuntimeMethodHandleInternal& ctor, Boolean& bNeedSecurityCheck)
   at System.RuntimeType.CreateInstanceSlow(Boolean publicOnly, Boolean skipCheckThis, Boolean fillCache, StackCrawlMark& stackMark)
   at System.RuntimeType.CreateInstanceDefaultCtor(Boolean publicOnly, Boolean skipCheckThis, Boolean fillCache, StackCrawlMark& stackMark)
   at System.Activator.CreateInstance(Type type, Boolean nonPublic)
   at System.Activator.CreateInstance(Type type)
   at WebAPI.Controllers.ExportToMPPController.GetFile(Int32 projectId, Int32 trendNumber, String granularity, Int32 phaseId) in C:\Manasi\Live Projects\CPP\CPPv3\WebAPI\CPPWebService\WebAPI\Controllers\ExportToMPPController.cs:line 41
INFO  2020-10-16 17:55:34,664 [9] WebAPI.Controllers.ExportToMPPController GetFile - ATTEMPT: 4
INFO  2020-10-16 17:55:34,665 [9] WebAPI.Controllers.ExportToMPPController GetFile - System.Runtime.InteropServices.COMException (0x80010001): Retrieving the COM class factory for component with CLSID {36D27C48-A1E8-11D3-BA55-00C04F72F325} failed due to the following error: 80010001 Call was rejected by callee. (Exception from HRESULT: 0x80010001 (RPC_E_CALL_REJECTED)).
   at System.Runtime.Remoting.RemotingServices.AllocateUninitializedObject(RuntimeType objectType)
   at System.Runtime.Remoting.Activation.ActivationServices.CreateInstance(RuntimeType serverType)
   at System.Runtime.Remoting.Activation.ActivationServices.IsCurrentContextOK(RuntimeType serverType, Object[] props, Boolean bNewObj)
   at System.RuntimeTypeHandle.CreateInstance(RuntimeType type, Boolean publicOnly, Boolean noCheck, Boolean& canBeCached, RuntimeMethodHandleInternal& ctor, Boolean& bNeedSecurityCheck)
   at System.RuntimeType.CreateInstanceSlow(Boolean publicOnly, Boolean skipCheckThis, Boolean fillCache, StackCrawlMark& stackMark)
   at System.RuntimeType.CreateInstanceDefaultCtor(Boolean publicOnly, Boolean skipCheckThis, Boolean fillCache, StackCrawlMark& stackMark)
   at System.Activator.CreateInstance(Type type, Boolean nonPublic)
   at System.Activator.CreateInstance(Type type)
   at WebAPI.Controllers.ExportToMPPController.GetFile(Int32 projectId, Int32 trendNumber, String granularity, Int32 phaseId) in C:\Manasi\Live Projects\CPP\CPPv3\WebAPI\CPPWebService\WebAPI\Controllers\ExportToMPPController.cs:line 41
