INFO  2022-02-20 23:38:04,946 [1] WebAPI.Startup Configuration - Before scheduler start
INFO  2022-02-20 23:38:05,223 [1] WebAPI.Startup Configuration - After scheduler start
INFO  2022-02-20 23:38:06,015 [DefaultQuartzScheduler_Worker-1] WebAPI.Models.MppNoRespondKillerJob Execute - before attempt process kill - killer job
INFO  2022-02-20 23:38:06,031 [DefaultQuartzScheduler_Worker-1] WebAPI.Models.MppNoRespondKillerJob Execute - after attempt process kill - killer job
INFO  2022-02-20 23:38:09,007 [DefaultQuartzScheduler_Worker-2] WebAPI.Models.MppNoRespondKillerJob Execute - before attempt process kill - killer job
INFO  2022-02-20 23:38:09,009 [DefaultQuartzScheduler_Worker-2] WebAPI.Models.MppNoRespondKillerJob Execute - after attempt process kill - killer job
INFO  2022-02-20 23:38:12,006 [DefaultQuartzScheduler_Worker-3] WebAPI.Models.MppNoRespondKillerJob Execute - before attempt process kill - killer job
INFO  2022-02-20 23:38:12,010 [DefaultQuartzScheduler_Worker-3] WebAPI.Models.MppNoRespondKillerJob Execute - after attempt process kill - killer job
INFO  2022-02-20 23:38:15,012 [DefaultQuartzScheduler_Worker-4] WebAPI.Models.MppNoRespondKillerJob Execute - before attempt process kill - killer job
INFO  2022-02-20 23:38:15,013 [DefaultQuartzScheduler_Worker-4] WebAPI.Models.MppNoRespondKillerJob Execute - after attempt process kill - killer job
INFO  2022-02-20 23:38:18,016 [DefaultQuartzScheduler_Worker-5] WebAPI.Models.MppNoRespondKillerJob Execute - before attempt process kill - killer job
INFO  2022-02-20 23:38:18,018 [DefaultQuartzScheduler_Worker-5] WebAPI.Models.MppNoRespondKillerJob Execute - after attempt process kill - killer job
INFO  2022-02-20 23:38:21,004 [DefaultQuartzScheduler_Worker-6] WebAPI.Models.MppNoRespondKillerJob Execute - before attempt process kill - killer job
INFO  2022-02-20 23:38:21,010 [DefaultQuartzScheduler_Worker-6] WebAPI.Models.MppNoRespondKillerJob Execute - after attempt process kill - killer job
INFO  2022-02-20 23:38:24,016 [DefaultQuartzScheduler_Worker-7] WebAPI.Models.MppNoRespondKillerJob Execute - before attempt process kill - killer job
INFO  2022-02-20 23:38:24,020 [DefaultQuartzScheduler_Worker-7] WebAPI.Models.MppNoRespondKillerJob Execute - after attempt process kill - killer job
INFO  2022-02-20 23:38:27,007 [DefaultQuartzScheduler_Worker-8] WebAPI.Models.MppNoRespondKillerJob Execute - before attempt process kill - killer job
INFO  2022-02-20 23:38:27,011 [DefaultQuartzScheduler_Worker-8] WebAPI.Models.MppNoRespondKillerJob Execute - after attempt process kill - killer job
INFO  2022-02-20 23:38:30,013 [DefaultQuartzScheduler_Worker-9] WebAPI.Models.MppNoRespondKillerJob Execute - before attempt process kill - killer job
INFO  2022-02-20 23:38:30,014 [DefaultQuartzScheduler_Worker-9] WebAPI.Models.MppNoRespondKillerJob Execute - after attempt process kill - killer job
INFO  2022-02-20 23:38:33,012 [DefaultQuartzScheduler_Worker-10] WebAPI.Models.MppNoRespondKillerJob Execute - before attempt process kill - killer job
INFO  2022-02-20 23:38:33,017 [DefaultQuartzScheduler_Worker-10] WebAPI.Models.MppNoRespondKillerJob Execute - after attempt process kill - killer job
INFO  2022-02-20 23:38:36,008 [DefaultQuartzScheduler_Worker-1] WebAPI.Models.MppNoRespondKillerJob Execute - before attempt process kill - killer job
INFO  2022-02-20 23:38:36,009 [DefaultQuartzScheduler_Worker-1] WebAPI.Models.MppNoRespondKillerJob Execute - after attempt process kill - killer job
INFO  2022-02-20 23:38:39,000 [DefaultQuartzScheduler_Worker-2] WebAPI.Models.MppNoRespondKillerJob Execute - before attempt process kill - killer job
INFO  2022-02-20 23:38:39,005 [DefaultQuartzScheduler_Worker-2] WebAPI.Models.MppNoRespondKillerJob Execute - after attempt process kill - killer job
INFO  2022-02-20 23:38:42,021 [DefaultQuartzScheduler_Worker-3] WebAPI.Models.MppNoRespondKillerJob Execute - before attempt process kill - killer job
INFO  2022-02-20 23:38:42,035 [DefaultQuartzScheduler_Worker-3] WebAPI.Models.MppNoRespondKillerJob Execute - after attempt process kill - killer job
INFO  2022-02-20 23:38:45,074 [DefaultQuartzScheduler_Worker-4] WebAPI.Models.MppNoRespondKillerJob Execute - before attempt process kill - killer job
INFO  2022-02-20 23:38:45,087 [DefaultQuartzScheduler_Worker-4] WebAPI.Models.MppNoRespondKillerJob Execute - after attempt process kill - killer job
INFO  2022-02-20 23:38:48,033 [DefaultQuartzScheduler_Worker-5] WebAPI.Models.MppNoRespondKillerJob Execute - before attempt process kill - killer job
INFO  2022-02-20 23:38:48,042 [DefaultQuartzScheduler_Worker-5] WebAPI.Models.MppNoRespondKillerJob Execute - after attempt process kill - killer job
INFO  2022-02-20 23:38:51,012 [DefaultQuartzScheduler_Worker-6] WebAPI.Models.MppNoRespondKillerJob Execute - before attempt process kill - killer job
INFO  2022-02-20 23:38:51,014 [DefaultQuartzScheduler_Worker-6] WebAPI.Models.MppNoRespondKillerJob Execute - after attempt process kill - killer job
INFO  2022-02-20 23:38:54,013 [DefaultQuartzScheduler_Worker-7] WebAPI.Models.MppNoRespondKillerJob Execute - before attempt process kill - killer job
INFO  2022-02-20 23:38:54,021 [DefaultQuartzScheduler_Worker-7] WebAPI.Models.MppNoRespondKillerJob Execute - after attempt process kill - killer job
INFO  2022-02-20 23:38:57,010 [DefaultQuartzScheduler_Worker-8] WebAPI.Models.MppNoRespondKillerJob Execute - before attempt process kill - killer job
INFO  2022-02-20 23:38:57,016 [DefaultQuartzScheduler_Worker-8] WebAPI.Models.MppNoRespondKillerJob Execute - after attempt process kill - killer job
INFO  2022-02-20 23:39:00,024 [DefaultQuartzScheduler_Worker-9] WebAPI.Models.MppNoRespondKillerJob Execute - before attempt process kill - killer job
INFO  2022-02-20 23:39:00,038 [DefaultQuartzScheduler_Worker-9] WebAPI.Models.MppNoRespondKillerJob Execute - after attempt process kill - killer job
INFO  2022-02-20 23:39:03,021 [DefaultQuartzScheduler_Worker-10] WebAPI.Models.MppNoRespondKillerJob Execute - before attempt process kill - killer job
INFO  2022-02-20 23:39:03,024 [DefaultQuartzScheduler_Worker-10] WebAPI.Models.MppNoRespondKillerJob Execute - after attempt process kill - killer job
INFO  2022-02-20 23:39:06,003 [DefaultQuartzScheduler_Worker-1] WebAPI.Models.MppNoRespondKillerJob Execute - before attempt process kill - killer job
INFO  2022-02-20 23:39:06,009 [DefaultQuartzScheduler_Worker-1] WebAPI.Models.MppNoRespondKillerJob Execute - after attempt process kill - killer job
DEBUG 2022-02-20 23:39:08,802 [8] WebAPI.Models.Organization getOrganization - Getting all organizations. {"SessionID":"d2e070d0-4b72-4f63-8d3c-abf6e030f07c","Params":{"OrganizationID":"null","KeyStroke":"null"},"RequestedUser":"admin","Result":""}
DEBUG 2022-02-20 23:39:08,871 [8] WebAPI.Models.Organization getOrganization - Retreived Organization List {"SessionID":"d2e070d0-4b72-4f63-8d3c-abf6e030f07c","Params":{"OrganizationID":"null","KeyStroke":"null"},"RequestedUser":"admin","Result":[{"Operation":0,"OrganizationID":75,"OrganizationName":"Birdi Systems Inc.","ShapeType":"","OrganizationAddress":"723 E. Green Street, Pasadena, CA","GeocodedLocation":"","RGBValue":"","LatLong":"34.144975224064495,-118.13570469617844 34.14497836340614,-118.13549816608429 34.14462675641512,-118.13550218939781 34.144623617060404,-118.1356979906559","Note":"From Solutions to Service.","CreatedDate":"0001-01-01T00:00:00","UpdatedDate":"2019-12-11T19:47:39","CreatedBy":null,"UpdatedBy":"admin"},{"Operation":0,"OrganizationID":79,"OrganizationName":"New Organization","ShapeType":"","OrganizationAddress":"","GeocodedLocation":"","RGBValue":"","LatLong":"","Note":"","CreatedDate":"2020-09-27T12:10:42","UpdatedDate":"2021-02-24T06:32:59","CreatedBy":"admin","UpdatedBy":"admin"},{"Operation":0,"OrganizationID":81,"OrganizationName":"Test Org","ShapeType":"","OrganizationAddress":"1234 main street, La La Land","GeocodedLocation":"","RGBValue":"","LatLong":"","Note":"Testing Feb 2021","CreatedDate":"2021-02-23T23:38:34","UpdatedDate":"2021-02-23T23:38:48","CreatedBy":"admin","UpdatedBy":"admin"},{"Operation":0,"OrganizationID":82,"OrganizationName":"Test","ShapeType":"","OrganizationAddress":"Test","GeocodedLocation":"","RGBValue":"","LatLong":"","Note":"Test","CreatedDate":"2021-11-22T06:44:57","UpdatedDate":"2021-11-22T06:44:57","CreatedBy":"admin","UpdatedBy":"admin"}]}
INFO  2022-02-20 23:39:09,002 [DefaultQuartzScheduler_Worker-2] WebAPI.Models.MppNoRespondKillerJob Execute - before attempt process kill - killer job
INFO  2022-02-20 23:39:09,011 [DefaultQuartzScheduler_Worker-2] WebAPI.Models.MppNoRespondKillerJob Execute - after attempt process kill - killer job
DEBUG 2022-02-20 23:39:09,037 [6] WebAPI.Models.Organization getOrganization - Getting organization details for OrganizationID {"SessionID":"dab47b77-4d26-49af-89ec-21c2ec820bad","Params":{"OrganizationID":"75","KeyStroke":null},"RequestedUser":"admin","Result":""}
DEBUG 2022-02-20 23:39:09,052 [6] WebAPI.Models.Organization getOrganization - Retreived Organization List {"SessionID":"dab47b77-4d26-49af-89ec-21c2ec820bad","Params":{"OrganizationID":"75","KeyStroke":null},"RequestedUser":"admin","Result":[{"Operation":0,"OrganizationID":75,"OrganizationName":"Birdi Systems Inc.","ShapeType":"","OrganizationAddress":"723 E. Green Street, Pasadena, CA","GeocodedLocation":"","RGBValue":"","LatLong":"34.144975224064495,-118.13570469617844 34.14497836340614,-118.13549816608429 34.14462675641512,-118.13550218939781 34.144623617060404,-118.1356979906559","Note":"From Solutions to Service.","CreatedDate":"0001-01-01T00:00:00","UpdatedDate":"2019-12-11T19:47:39","CreatedBy":null,"UpdatedBy":"admin"}]}
INFO  2022-02-20 23:39:12,007 [DefaultQuartzScheduler_Worker-3] WebAPI.Models.MppNoRespondKillerJob Execute - before attempt process kill - killer job
INFO  2022-02-20 23:39:12,008 [DefaultQuartzScheduler_Worker-3] WebAPI.Models.MppNoRespondKillerJob Execute - after attempt process kill - killer job
DEBUG 2022-02-20 23:39:14,629 [6] WebAPI.Controllers.RequestWBSController Get - Time Elapsed for retrieving mindmap - 5575
INFO  2022-02-20 23:39:15,012 [DefaultQuartzScheduler_Worker-4] WebAPI.Models.MppNoRespondKillerJob Execute - before attempt process kill - killer job
INFO  2022-02-20 23:39:15,022 [DefaultQuartzScheduler_Worker-4] WebAPI.Models.MppNoRespondKillerJob Execute - after attempt process kill - killer job
INFO  2022-02-20 23:39:18,014 [DefaultQuartzScheduler_Worker-5] WebAPI.Models.MppNoRespondKillerJob Execute - before attempt process kill - killer job
INFO  2022-02-20 23:39:18,022 [DefaultQuartzScheduler_Worker-5] WebAPI.Models.MppNoRespondKillerJob Execute - after attempt process kill - killer job
INFO  2022-02-20 23:39:21,026 [DefaultQuartzScheduler_Worker-6] WebAPI.Models.MppNoRespondKillerJob Execute - before attempt process kill - killer job
INFO  2022-02-20 23:39:21,041 [DefaultQuartzScheduler_Worker-6] WebAPI.Models.MppNoRespondKillerJob Execute - after attempt process kill - killer job
INFO  2022-02-20 23:39:24,009 [DefaultQuartzScheduler_Worker-7] WebAPI.Models.MppNoRespondKillerJob Execute - before attempt process kill - killer job
INFO  2022-02-20 23:39:24,016 [DefaultQuartzScheduler_Worker-7] WebAPI.Models.MppNoRespondKillerJob Execute - after attempt process kill - killer job
INFO  2022-02-20 23:39:27,050 [DefaultQuartzScheduler_Worker-8] WebAPI.Models.MppNoRespondKillerJob Execute - before attempt process kill - killer job
INFO  2022-02-20 23:39:27,055 [DefaultQuartzScheduler_Worker-8] WebAPI.Models.MppNoRespondKillerJob Execute - after attempt process kill - killer job
INFO  2022-02-20 23:39:30,014 [DefaultQuartzScheduler_Worker-9] WebAPI.Models.MppNoRespondKillerJob Execute - before attempt process kill - killer job
INFO  2022-02-20 23:39:30,019 [DefaultQuartzScheduler_Worker-9] WebAPI.Models.MppNoRespondKillerJob Execute - after attempt process kill - killer job
INFO  2022-02-20 23:39:33,014 [DefaultQuartzScheduler_Worker-10] WebAPI.Models.MppNoRespondKillerJob Execute - before attempt process kill - killer job
INFO  2022-02-20 23:39:33,022 [DefaultQuartzScheduler_Worker-10] WebAPI.Models.MppNoRespondKillerJob Execute - after attempt process kill - killer job
INFO  2022-02-20 23:39:36,002 [DefaultQuartzScheduler_Worker-1] WebAPI.Models.MppNoRespondKillerJob Execute - before attempt process kill - killer job
INFO  2022-02-20 23:39:36,006 [DefaultQuartzScheduler_Worker-1] WebAPI.Models.MppNoRespondKillerJob Execute - after attempt process kill - killer job
INFO  2022-02-20 23:39:39,007 [DefaultQuartzScheduler_Worker-2] WebAPI.Models.MppNoRespondKillerJob Execute - before attempt process kill - killer job
INFO  2022-02-20 23:39:39,011 [DefaultQuartzScheduler_Worker-2] WebAPI.Models.MppNoRespondKillerJob Execute - after attempt process kill - killer job
INFO  2022-02-20 23:39:42,010 [DefaultQuartzScheduler_Worker-3] WebAPI.Models.MppNoRespondKillerJob Execute - before attempt process kill - killer job
INFO  2022-02-20 23:39:42,014 [DefaultQuartzScheduler_Worker-3] WebAPI.Models.MppNoRespondKillerJob Execute - after attempt process kill - killer job
INFO  2022-02-20 23:39:45,002 [DefaultQuartzScheduler_Worker-4] WebAPI.Models.MppNoRespondKillerJob Execute - before attempt process kill - killer job
INFO  2022-02-20 23:39:45,005 [DefaultQuartzScheduler_Worker-4] WebAPI.Models.MppNoRespondKillerJob Execute - after attempt process kill - killer job
INFO  2022-02-20 23:39:48,002 [DefaultQuartzScheduler_Worker-5] WebAPI.Models.MppNoRespondKillerJob Execute - before attempt process kill - killer job
INFO  2022-02-20 23:39:48,008 [DefaultQuartzScheduler_Worker-5] WebAPI.Models.MppNoRespondKillerJob Execute - after attempt process kill - killer job
INFO  2022-02-20 23:39:51,001 [DefaultQuartzScheduler_Worker-6] WebAPI.Models.MppNoRespondKillerJob Execute - before attempt process kill - killer job
INFO  2022-02-20 23:39:51,009 [DefaultQuartzScheduler_Worker-6] WebAPI.Models.MppNoRespondKillerJob Execute - after attempt process kill - killer job
INFO  2022-02-20 23:39:54,017 [DefaultQuartzScheduler_Worker-7] WebAPI.Models.MppNoRespondKillerJob Execute - before attempt process kill - killer job
INFO  2022-02-20 23:39:54,024 [DefaultQuartzScheduler_Worker-7] WebAPI.Models.MppNoRespondKillerJob Execute - after attempt process kill - killer job
INFO  2022-02-20 23:41:42,777 [DefaultQuartzScheduler_Worker-8] WebAPI.Models.MppNoRespondKillerJob Execute - before attempt process kill - killer job
INFO  2022-02-20 23:41:42,782 [DefaultQuartzScheduler_Worker-9] WebAPI.Models.MppNoRespondKillerJob Execute - before attempt process kill - killer job
INFO  2022-02-20 23:41:42,783 [DefaultQuartzScheduler_Worker-8] WebAPI.Models.MppNoRespondKillerJob Execute - after attempt process kill - killer job
INFO  2022-02-20 23:41:42,790 [DefaultQuartzScheduler_Worker-9] WebAPI.Models.MppNoRespondKillerJob Execute - after attempt process kill - killer job
INFO  2022-02-20 23:41:47,150 [DefaultQuartzScheduler_Worker-10] WebAPI.Models.MppNoRespondKillerJob Execute - before attempt process kill - killer job
INFO  2022-02-20 23:41:47,162 [DefaultQuartzScheduler_Worker-10] WebAPI.Models.MppNoRespondKillerJob Execute - after attempt process kill - killer job
INFO  2022-02-20 23:41:48,122 [DefaultQuartzScheduler_Worker-1] WebAPI.Models.MppNoRespondKillerJob Execute - before attempt process kill - killer job
INFO  2022-02-20 23:41:48,156 [DefaultQuartzScheduler_Worker-1] WebAPI.Models.MppNoRespondKillerJob Execute - after attempt process kill - killer job
INFO  2022-02-20 23:41:52,403 [DefaultQuartzScheduler_Worker-2] WebAPI.Models.MppNoRespondKillerJob Execute - before attempt process kill - killer job
INFO  2022-02-20 23:41:55,390 [DefaultQuartzScheduler_Worker-3] WebAPI.Models.MppNoRespondKillerJob Execute - before attempt process kill - killer job
INFO  2022-02-20 23:41:56,348 [DefaultQuartzScheduler_Worker-2] WebAPI.Models.MppNoRespondKillerJob Execute - after attempt process kill - killer job
INFO  2022-02-20 23:41:56,348 [DefaultQuartzScheduler_Worker-3] WebAPI.Models.MppNoRespondKillerJob Execute - after attempt process kill - killer job
INFO  2022-02-20 23:41:57,351 [DefaultQuartzScheduler_Worker-4] WebAPI.Models.MppNoRespondKillerJob Execute - before attempt process kill - killer job
INFO  2022-02-20 23:41:57,373 [DefaultQuartzScheduler_Worker-4] WebAPI.Models.MppNoRespondKillerJob Execute - after attempt process kill - killer job
INFO  2022-02-20 23:42:02,566 [DefaultQuartzScheduler_Worker-5] WebAPI.Models.MppNoRespondKillerJob Execute - before attempt process kill - killer job
INFO  2022-02-20 23:42:02,589 [DefaultQuartzScheduler_Worker-5] WebAPI.Models.MppNoRespondKillerJob Execute - after attempt process kill - killer job
INFO  2022-02-20 23:42:08,629 [DefaultQuartzScheduler_Worker-6] WebAPI.Models.MppNoRespondKillerJob Execute - before attempt process kill - killer job
INFO  2022-02-20 23:42:10,522 [DefaultQuartzScheduler_Worker-7] WebAPI.Models.MppNoRespondKillerJob Execute - before attempt process kill - killer job
INFO  2022-02-20 23:42:10,532 [DefaultQuartzScheduler_Worker-8] WebAPI.Models.MppNoRespondKillerJob Execute - before attempt process kill - killer job
INFO  2022-02-20 23:42:11,098 [DefaultQuartzScheduler_Worker-6] WebAPI.Models.MppNoRespondKillerJob Execute - after attempt process kill - killer job
INFO  2022-02-20 23:42:11,620 [DefaultQuartzScheduler_Worker-7] WebAPI.Models.MppNoRespondKillerJob Execute - after attempt process kill - killer job
INFO  2022-02-20 23:42:12,236 [DefaultQuartzScheduler_Worker-9] WebAPI.Models.MppNoRespondKillerJob Execute - before attempt process kill - killer job
INFO  2022-02-20 23:42:12,255 [DefaultQuartzScheduler_Worker-8] WebAPI.Models.MppNoRespondKillerJob Execute - after attempt process kill - killer job
INFO  2022-02-20 23:42:12,276 [DefaultQuartzScheduler_Worker-9] WebAPI.Models.MppNoRespondKillerJob Execute - after attempt process kill - killer job
INFO  2022-02-20 23:42:15,193 [DefaultQuartzScheduler_Worker-10] WebAPI.Models.MppNoRespondKillerJob Execute - before attempt process kill - killer job
INFO  2022-02-20 23:42:16,832 [DefaultQuartzScheduler_Worker-10] WebAPI.Models.MppNoRespondKillerJob Execute - after attempt process kill - killer job
INFO  2022-02-20 23:47:20,963 [DefaultQuartzScheduler_Worker-1] WebAPI.Models.MppNoRespondKillerJob Execute - before attempt process kill - killer job
INFO  2022-02-20 23:47:20,985 [DefaultQuartzScheduler_Worker-2] WebAPI.Models.MppNoRespondKillerJob Execute - before attempt process kill - killer job
INFO  2022-02-20 23:47:20,989 [DefaultQuartzScheduler_Worker-1] WebAPI.Models.MppNoRespondKillerJob Execute - after attempt process kill - killer job
INFO  2022-02-20 23:47:21,010 [DefaultQuartzScheduler_Worker-2] WebAPI.Models.MppNoRespondKillerJob Execute - after attempt process kill - killer job
INFO  2022-02-20 23:47:21,057 [DefaultQuartzScheduler_Worker-3] WebAPI.Models.MppNoRespondKillerJob Execute - before attempt process kill - killer job
INFO  2022-02-20 23:47:21,085 [DefaultQuartzScheduler_Worker-3] WebAPI.Models.MppNoRespondKillerJob Execute - after attempt process kill - killer job
INFO  2022-02-20 23:47:24,371 [DefaultQuartzScheduler_Worker-4] WebAPI.Models.MppNoRespondKillerJob Execute - before attempt process kill - killer job
INFO  2022-02-20 23:47:26,056 [DefaultQuartzScheduler_Worker-4] WebAPI.Models.MppNoRespondKillerJob Execute - after attempt process kill - killer job
INFO  2022-02-20 23:47:27,407 [DefaultQuartzScheduler_Worker-5] WebAPI.Models.MppNoRespondKillerJob Execute - before attempt process kill - killer job
INFO  2022-02-20 23:47:29,931 [DefaultQuartzScheduler_Worker-5] WebAPI.Models.MppNoRespondKillerJob Execute - after attempt process kill - killer job
INFO  2022-02-20 23:47:30,642 [DefaultQuartzScheduler_Worker-6] WebAPI.Models.MppNoRespondKillerJob Execute - before attempt process kill - killer job
INFO  2022-02-20 23:47:31,431 [DefaultQuartzScheduler_Worker-6] WebAPI.Models.MppNoRespondKillerJob Execute - after attempt process kill - killer job
INFO  2022-02-20 23:47:33,670 [DefaultQuartzScheduler_Worker-7] WebAPI.Models.MppNoRespondKillerJob Execute - before attempt process kill - killer job
INFO  2022-02-20 23:47:34,693 [DefaultQuartzScheduler_Worker-7] WebAPI.Models.MppNoRespondKillerJob Execute - after attempt process kill - killer job
