DEBUG 2020-12-30 16:04:53,823 [7] WebAPI.Models.Organization getOrganization - Getting all organizations. {"SessionID":"2fcc8962-c4d2-450f-9f5b-7590f461145e","Params":{"OrganizationID":"null","KeyStroke":"null"},"RequestedUser":"admin","Result":""}
DEBUG 2020-12-30 16:04:53,952 [7] WebAPI.Models.Organization getOrganization - Retreived Organization List {"SessionID":"2fcc8962-c4d2-450f-9f5b-7590f461145e","Params":{"OrganizationID":"null","KeyStroke":"null"},"RequestedUser":"admin","Result":[{"Operation":0,"OrganizationID":79,"OrganizationName":"New Organisation","ShapeType":"","OrganizationAddress":"","GeocodedLocation":"","RGBValue":"","LatLong":"","Note":"","CreatedDate":"2020-09-27T12:10:42","UpdatedDate":"2020-09-27T12:10:42","CreatedBy":"admin","UpdatedBy":"admin"},{"Operation":0,"OrganizationID":75,"OrganizationName":"Birdi Systems Inc.","ShapeType":"","OrganizationAddress":"723 E. Green Street, Pasadena, CA","GeocodedLocation":"","RGBValue":"","LatLong":"34.144975224064495,-118.13570469617844 34.14497836340614,-118.13549816608429 34.14462675641512,-118.13550218939781 34.144623617060404,-118.1356979906559","Note":"From Solutions to Service.","CreatedDate":"0001-01-01T00:00:00","UpdatedDate":"2019-12-11T19:47:39","CreatedBy":null,"UpdatedBy":"admin"}]}
DEBUG 2020-12-30 16:04:54,051 [12] WebAPI.Models.Organization getOrganization - Getting organization details for OrganizationID {"SessionID":"d6d409ce-0f2e-4be8-b959-cb5bed17b3af","Params":{"OrganizationID":"79","KeyStroke":null},"RequestedUser":"admin","Result":""}
DEBUG 2020-12-30 16:04:54,065 [12] WebAPI.Models.Organization getOrganization - Retreived Organization List {"SessionID":"d6d409ce-0f2e-4be8-b959-cb5bed17b3af","Params":{"OrganizationID":"79","KeyStroke":null},"RequestedUser":"admin","Result":[{"Operation":0,"OrganizationID":79,"OrganizationName":"New Organisation","ShapeType":"","OrganizationAddress":"","GeocodedLocation":"","RGBValue":"","LatLong":"","Note":"","CreatedDate":"2020-09-27T12:10:42","UpdatedDate":"2020-09-27T12:10:42","CreatedBy":"admin","UpdatedBy":"admin"}]}
DEBUG 2020-12-30 16:05:28,862 [8] WebAPI.Models.Organization getOrganization - Getting organization details for OrganizationID {"SessionID":"a60d3e30-895d-4204-902c-6cbc21bb361d","Params":{"OrganizationID":"75","KeyStroke":null},"RequestedUser":"admin","Result":""}
DEBUG 2020-12-30 16:05:28,894 [8] WebAPI.Models.Organization getOrganization - Retreived Organization List {"SessionID":"a60d3e30-895d-4204-902c-6cbc21bb361d","Params":{"OrganizationID":"75","KeyStroke":null},"RequestedUser":"admin","Result":[{"Operation":0,"OrganizationID":75,"OrganizationName":"Birdi Systems Inc.","ShapeType":"","OrganizationAddress":"723 E. Green Street, Pasadena, CA","GeocodedLocation":"","RGBValue":"","LatLong":"34.144975224064495,-118.13570469617844 34.14497836340614,-118.13549816608429 34.14462675641512,-118.13550218939781 34.144623617060404,-118.1356979906559","Note":"From Solutions to Service.","CreatedDate":"0001-01-01T00:00:00","UpdatedDate":"2019-12-11T19:47:39","CreatedBy":null,"UpdatedBy":"admin"}]}
DEBUG 2020-12-30 16:05:40,831 [13] WebAPI.Models.Organization getOrganization - Getting all organizations. {"SessionID":"eef03af1-8a8b-4951-a8ea-11ab454d3d6a","Params":{"OrganizationID":"null","KeyStroke":"null"},"RequestedUser":"admin","Result":""}
DEBUG 2020-12-30 16:05:40,835 [13] WebAPI.Models.Organization getOrganization - Retreived Organization List {"SessionID":"eef03af1-8a8b-4951-a8ea-11ab454d3d6a","Params":{"OrganizationID":"null","KeyStroke":"null"},"RequestedUser":"admin","Result":[{"Operation":0,"OrganizationID":79,"OrganizationName":"New Organisation","ShapeType":"","OrganizationAddress":"","GeocodedLocation":"","RGBValue":"","LatLong":"","Note":"","CreatedDate":"2020-09-27T12:10:42","UpdatedDate":"2020-09-27T12:10:42","CreatedBy":"admin","UpdatedBy":"admin"},{"Operation":0,"OrganizationID":75,"OrganizationName":"Birdi Systems Inc.","ShapeType":"","OrganizationAddress":"723 E. Green Street, Pasadena, CA","GeocodedLocation":"","RGBValue":"","LatLong":"34.144975224064495,-118.13570469617844 34.14497836340614,-118.13549816608429 34.14462675641512,-118.13550218939781 34.144623617060404,-118.1356979906559","Note":"From Solutions to Service.","CreatedDate":"0001-01-01T00:00:00","UpdatedDate":"2019-12-11T19:47:39","CreatedBy":null,"UpdatedBy":"admin"}]}
INFO  2020-12-30 16:06:21,867 [14] WebAPI.Controllers.AdminReports.RequestCostTypeAdminReportController generatePDF - Connect to SSRS Server
INFO  2020-12-30 16:06:21,869 [14] WebAPI.Controllers.AdminReports.RequestCostTypeAdminReportController generatePDF - System.Net.NetworkCredential
INFO  2020-12-30 16:06:21,870 [14] WebAPI.Controllers.AdminReports.RequestCostTypeAdminReportController generatePDF - loading report...
ERROR 2020-12-30 16:06:22,991 [14] WebAPI.Controllers.AdminReports.RequestCostTypeAdminReportController generatePDF - System.Net.WebException: The request failed with HTTP status 404: Not Found.
   at System.Web.Services.Protocols.SoapHttpClientProtocol.ReadResponse(SoapClientMessage message, WebResponse response, Stream responseStream, Boolean asyncCall)
   at System.Web.Services.Protocols.SoapHttpClientProtocol.Invoke(String methodName, Object[] parameters)
   at WebAPI.SsrsReportService.ReportExecutionService.LoadReport(String Report, String HistoryID) in C:\Manasi\Live Projects\Backup\30122020\CPP\CPPv3\WebAPI\CPPWebService\WebAPI\Web References\SsrsReportService\Reference.cs:line 332
   at WebAPI.Controllers.AdminReports.RequestCostTypeAdminReportController.generatePDF(String ProjectID, String FileType, String reportName) in C:\Manasi\Live Projects\Backup\30122020\CPP\CPPv3\WebAPI\CPPWebService\WebAPI\Controllers\AdminReports\RequestCostTypeAdminReportController.cs:line 114
ERROR 2020-12-30 16:06:22,991 [14] WebAPI.Controllers.AdminReports.RequestCostTypeAdminReportController generatePDF -    at System.Web.Services.Protocols.SoapHttpClientProtocol.ReadResponse(SoapClientMessage message, WebResponse response, Stream responseStream, Boolean asyncCall)
   at System.Web.Services.Protocols.SoapHttpClientProtocol.Invoke(String methodName, Object[] parameters)
   at WebAPI.SsrsReportService.ReportExecutionService.LoadReport(String Report, String HistoryID) in C:\Manasi\Live Projects\Backup\30122020\CPP\CPPv3\WebAPI\CPPWebService\WebAPI\Web References\SsrsReportService\Reference.cs:line 332
   at WebAPI.Controllers.AdminReports.RequestCostTypeAdminReportController.generatePDF(String ProjectID, String FileType, String reportName) in C:\Manasi\Live Projects\Backup\30122020\CPP\CPPv3\WebAPI\CPPWebService\WebAPI\Controllers\AdminReports\RequestCostTypeAdminReportController.cs:line 114
INFO  2020-12-30 16:06:22,992 [14] WebAPI.Controllers.AdminReports.RequestCostTypeAdminReportController generatePDF - Session ID 
INFO  2020-12-30 16:06:22,992 [14] WebAPI.Controllers.AdminReports.RequestCostTypeAdminReportController generatePDF - Rendering PDF report
ERROR 2020-12-30 16:14:03,543 [14] WebAPI.Controllers.AdminReports.RequestCostTypeAdminReportController GetReport -    at System.Web.Services.Protocols.SoapHttpClientProtocol.ReadResponse(SoapClientMessage message, WebResponse response, Stream responseStream, Boolean asyncCall)
   at System.Web.Services.Protocols.SoapHttpClientProtocol.Invoke(String methodName, Object[] parameters)
   at WebAPI.SsrsReportService.ReportExecutionService.SetExecutionParameters(ParameterValue[] Parameters, String ParameterLanguage) in C:\Manasi\Live Projects\Backup\30122020\CPP\CPPv3\WebAPI\CPPWebService\WebAPI\Web References\SsrsReportService\Reference.cs:line 647
   at WebAPI.Controllers.AdminReports.RequestCostTypeAdminReportController.generatePDF(String ProjectID, String FileType, String reportName) in C:\Manasi\Live Projects\Backup\30122020\CPP\CPPv3\WebAPI\CPPWebService\WebAPI\Controllers\AdminReports\RequestCostTypeAdminReportController.cs:line 131
   at WebAPI.Controllers.AdminReports.RequestCostTypeAdminReportController.GetReport(String ProjectID, String FileType) in C:\Manasi\Live Projects\Backup\30122020\CPP\CPPv3\WebAPI\CPPWebService\WebAPI\Controllers\AdminReports\RequestCostTypeAdminReportController.cs:line 26
DEBUG 2020-12-30 16:14:44,132 [25] WebAPI.Models.Organization getOrganization - Getting all organizations. {"SessionID":"6d11e194-9213-4d3f-8f0f-f698ab962326","Params":{"OrganizationID":"null","KeyStroke":"null"},"RequestedUser":"admin","Result":""}
DEBUG 2020-12-30 16:14:44,135 [25] WebAPI.Models.Organization getOrganization - Retreived Organization List {"SessionID":"6d11e194-9213-4d3f-8f0f-f698ab962326","Params":{"OrganizationID":"null","KeyStroke":"null"},"RequestedUser":"admin","Result":[{"Operation":0,"OrganizationID":79,"OrganizationName":"New Organisation","ShapeType":"","OrganizationAddress":"","GeocodedLocation":"","RGBValue":"","LatLong":"","Note":"","CreatedDate":"2020-09-27T12:10:42","UpdatedDate":"2020-09-27T12:10:42","CreatedBy":"admin","UpdatedBy":"admin"},{"Operation":0,"OrganizationID":75,"OrganizationName":"Birdi Systems Inc.","ShapeType":"","OrganizationAddress":"723 E. Green Street, Pasadena, CA","GeocodedLocation":"","RGBValue":"","LatLong":"34.144975224064495,-118.13570469617844 34.14497836340614,-118.13549816608429 34.14462675641512,-118.13550218939781 34.144623617060404,-118.1356979906559","Note":"From Solutions to Service.","CreatedDate":"0001-01-01T00:00:00","UpdatedDate":"2019-12-11T19:47:39","CreatedBy":null,"UpdatedBy":"admin"}]}
DEBUG 2020-12-30 16:14:44,292 [21] WebAPI.Models.Organization getOrganization - Getting organization details for OrganizationID {"SessionID":"f0630a81-da70-4331-a1e4-cd9ef1bda574","Params":{"OrganizationID":"75","KeyStroke":null},"RequestedUser":"admin","Result":""}
DEBUG 2020-12-30 16:14:44,478 [21] WebAPI.Models.Organization getOrganization - Retreived Organization List {"SessionID":"f0630a81-da70-4331-a1e4-cd9ef1bda574","Params":{"OrganizationID":"75","KeyStroke":null},"RequestedUser":"admin","Result":[{"Operation":0,"OrganizationID":75,"OrganizationName":"Birdi Systems Inc.","ShapeType":"","OrganizationAddress":"723 E. Green Street, Pasadena, CA","GeocodedLocation":"","RGBValue":"","LatLong":"34.144975224064495,-118.13570469617844 34.14497836340614,-118.13549816608429 34.14462675641512,-118.13550218939781 34.144623617060404,-118.1356979906559","Note":"From Solutions to Service.","CreatedDate":"0001-01-01T00:00:00","UpdatedDate":"2019-12-11T19:47:39","CreatedBy":null,"UpdatedBy":"admin"}]}
INFO  2020-12-30 16:16:15,271 [19] WebAPI.Controllers.RequestSummaryReportController generatePDF - Connect to SSRS Server
INFO  2020-12-30 16:16:15,274 [19] WebAPI.Controllers.RequestSummaryReportController generatePDF - System.Net.NetworkCredential
INFO  2020-12-30 16:16:15,275 [19] WebAPI.Controllers.RequestSummaryReportController generatePDF - loading report...
ERROR 2020-12-30 16:16:15,356 [19] WebAPI.Controllers.RequestSummaryReportController generatePDF - System.Net.WebException: The request failed with HTTP status 404: Not Found.
   at System.Web.Services.Protocols.SoapHttpClientProtocol.ReadResponse(SoapClientMessage message, WebResponse response, Stream responseStream, Boolean asyncCall)
   at System.Web.Services.Protocols.SoapHttpClientProtocol.Invoke(String methodName, Object[] parameters)
   at WebAPI.SsrsReportService.ReportExecutionService.LoadReport(String Report, String HistoryID) in C:\Manasi\Live Projects\Backup\30122020\CPP\CPPv3\WebAPI\CPPWebService\WebAPI\Web References\SsrsReportService\Reference.cs:line 332
   at WebAPI.Controllers.RequestSummaryReportController.generatePDF(String ProjectID, String StartDate, String FileType, String reportName) in C:\Manasi\Live Projects\Backup\30122020\CPP\CPPv3\WebAPI\CPPWebService\WebAPI\Controllers\Reports\RequestSummaryReportController.cs:line 118
ERROR 2020-12-30 16:16:15,357 [19] WebAPI.Controllers.RequestSummaryReportController generatePDF -    at System.Web.Services.Protocols.SoapHttpClientProtocol.ReadResponse(SoapClientMessage message, WebResponse response, Stream responseStream, Boolean asyncCall)
   at System.Web.Services.Protocols.SoapHttpClientProtocol.Invoke(String methodName, Object[] parameters)
   at WebAPI.SsrsReportService.ReportExecutionService.LoadReport(String Report, String HistoryID) in C:\Manasi\Live Projects\Backup\30122020\CPP\CPPv3\WebAPI\CPPWebService\WebAPI\Web References\SsrsReportService\Reference.cs:line 332
   at WebAPI.Controllers.RequestSummaryReportController.generatePDF(String ProjectID, String StartDate, String FileType, String reportName) in C:\Manasi\Live Projects\Backup\30122020\CPP\CPPv3\WebAPI\CPPWebService\WebAPI\Controllers\Reports\RequestSummaryReportController.cs:line 118
INFO  2020-12-30 16:16:15,358 [19] WebAPI.Controllers.RequestSummaryReportController generatePDF - Session ID 
INFO  2020-12-30 16:16:15,358 [19] WebAPI.Controllers.RequestSummaryReportController generatePDF - Rendering PDF report
ERROR 2020-12-30 16:16:15,398 [19] WebAPI.Controllers.RequestSummaryReportController GetReport -    at System.Web.Services.Protocols.SoapHttpClientProtocol.ReadResponse(SoapClientMessage message, WebResponse response, Stream responseStream, Boolean asyncCall)
   at System.Web.Services.Protocols.SoapHttpClientProtocol.Invoke(String methodName, Object[] parameters)
   at WebAPI.SsrsReportService.ReportExecutionService.SetExecutionParameters(ParameterValue[] Parameters, String ParameterLanguage) in C:\Manasi\Live Projects\Backup\30122020\CPP\CPPv3\WebAPI\CPPWebService\WebAPI\Web References\SsrsReportService\Reference.cs:line 647
   at WebAPI.Controllers.RequestSummaryReportController.generatePDF(String ProjectID, String StartDate, String FileType, String reportName) in C:\Manasi\Live Projects\Backup\30122020\CPP\CPPv3\WebAPI\CPPWebService\WebAPI\Controllers\Reports\RequestSummaryReportController.cs:line 135
   at WebAPI.Controllers.RequestSummaryReportController.GetReport(String ProjectID, String StartDate, String FileType) in C:\Manasi\Live Projects\Backup\30122020\CPP\CPPv3\WebAPI\CPPWebService\WebAPI\Controllers\Reports\RequestSummaryReportController.cs:line 25
INFO  2020-12-30 16:16:46,687 [21] WebAPI.Controllers.RequestBudgetSummaryReportController generatePDF - Connect to SSRS Server
INFO  2020-12-30 16:16:46,689 [21] WebAPI.Controllers.RequestBudgetSummaryReportController generatePDF - System.Net.NetworkCredential
INFO  2020-12-30 16:16:46,690 [21] WebAPI.Controllers.RequestBudgetSummaryReportController generatePDF - loading report...
ERROR 2020-12-30 16:16:46,766 [21] WebAPI.Controllers.RequestBudgetSummaryReportController generatePDF - System.Net.WebException: The request failed with HTTP status 404: Not Found.
   at System.Web.Services.Protocols.SoapHttpClientProtocol.ReadResponse(SoapClientMessage message, WebResponse response, Stream responseStream, Boolean asyncCall)
   at System.Web.Services.Protocols.SoapHttpClientProtocol.Invoke(String methodName, Object[] parameters)
   at WebAPI.SsrsReportService.ReportExecutionService.LoadReport(String Report, String HistoryID) in C:\Manasi\Live Projects\Backup\30122020\CPP\CPPv3\WebAPI\CPPWebService\WebAPI\Web References\SsrsReportService\Reference.cs:line 332
   at WebAPI.Controllers.RequestBudgetSummaryReportController.generatePDF(String ProjectID, String Granularity, String FileType, String reportName, String TrendNumber) in C:\Manasi\Live Projects\Backup\30122020\CPP\CPPv3\WebAPI\CPPWebService\WebAPI\Controllers\Reports\RequestBudgetSummaryReportController.cs:line 124
ERROR 2020-12-30 16:16:46,767 [21] WebAPI.Controllers.RequestBudgetSummaryReportController generatePDF -    at System.Web.Services.Protocols.SoapHttpClientProtocol.ReadResponse(SoapClientMessage message, WebResponse response, Stream responseStream, Boolean asyncCall)
   at System.Web.Services.Protocols.SoapHttpClientProtocol.Invoke(String methodName, Object[] parameters)
   at WebAPI.SsrsReportService.ReportExecutionService.LoadReport(String Report, String HistoryID) in C:\Manasi\Live Projects\Backup\30122020\CPP\CPPv3\WebAPI\CPPWebService\WebAPI\Web References\SsrsReportService\Reference.cs:line 332
   at WebAPI.Controllers.RequestBudgetSummaryReportController.generatePDF(String ProjectID, String Granularity, String FileType, String reportName, String TrendNumber) in C:\Manasi\Live Projects\Backup\30122020\CPP\CPPv3\WebAPI\CPPWebService\WebAPI\Controllers\Reports\RequestBudgetSummaryReportController.cs:line 124
INFO  2020-12-30 16:16:46,768 [21] WebAPI.Controllers.RequestBudgetSummaryReportController generatePDF - Session ID 
INFO  2020-12-30 16:16:46,770 [21] WebAPI.Controllers.RequestBudgetSummaryReportController generatePDF - Rendering PDF report
ERROR 2020-12-30 16:17:01,720 [21] WebAPI.Controllers.RequestBudgetSummaryReportController GetReport -    at System.Web.Services.Protocols.SoapHttpClientProtocol.ReadResponse(SoapClientMessage message, WebResponse response, Stream responseStream, Boolean asyncCall)
   at System.Web.Services.Protocols.SoapHttpClientProtocol.Invoke(String methodName, Object[] parameters)
   at WebAPI.SsrsReportService.ReportExecutionService.SetExecutionParameters(ParameterValue[] Parameters, String ParameterLanguage) in C:\Manasi\Live Projects\Backup\30122020\CPP\CPPv3\WebAPI\CPPWebService\WebAPI\Web References\SsrsReportService\Reference.cs:line 647
   at WebAPI.Controllers.RequestBudgetSummaryReportController.generatePDF(String ProjectID, String Granularity, String FileType, String reportName, String TrendNumber) in C:\Manasi\Live Projects\Backup\30122020\CPP\CPPv3\WebAPI\CPPWebService\WebAPI\Controllers\Reports\RequestBudgetSummaryReportController.cs:line 141
   at WebAPI.Controllers.RequestBudgetSummaryReportController.GetReport(String ProjectID, String Granularity, String FileType, String TrendNumber) in C:\Manasi\Live Projects\Backup\30122020\CPP\CPPv3\WebAPI\CPPWebService\WebAPI\Controllers\Reports\RequestBudgetSummaryReportController.cs:line 25
INFO  2020-12-30 16:17:39,289 [21] WebAPI.Controllers.RequestSummaryReportController generatePDF - Connect to SSRS Server
INFO  2020-12-30 16:17:39,294 [21] WebAPI.Controllers.RequestSummaryReportController generatePDF - System.Net.NetworkCredential
INFO  2020-12-30 16:17:39,300 [21] WebAPI.Controllers.RequestSummaryReportController generatePDF - loading report...
ERROR 2020-12-30 16:17:39,333 [21] WebAPI.Controllers.RequestSummaryReportController generatePDF - System.Net.WebException: The request failed with HTTP status 404: Not Found.
   at System.Web.Services.Protocols.SoapHttpClientProtocol.ReadResponse(SoapClientMessage message, WebResponse response, Stream responseStream, Boolean asyncCall)
   at System.Web.Services.Protocols.SoapHttpClientProtocol.Invoke(String methodName, Object[] parameters)
   at WebAPI.SsrsReportService.ReportExecutionService.LoadReport(String Report, String HistoryID) in C:\Manasi\Live Projects\Backup\30122020\CPP\CPPv3\WebAPI\CPPWebService\WebAPI\Web References\SsrsReportService\Reference.cs:line 332
   at WebAPI.Controllers.RequestSummaryReportController.generatePDF(String ProjectID, String StartDate, String FileType, String reportName) in C:\Manasi\Live Projects\Backup\30122020\CPP\CPPv3\WebAPI\CPPWebService\WebAPI\Controllers\Reports\RequestSummaryReportController.cs:line 118
ERROR 2020-12-30 16:17:39,333 [21] WebAPI.Controllers.RequestSummaryReportController generatePDF -    at System.Web.Services.Protocols.SoapHttpClientProtocol.ReadResponse(SoapClientMessage message, WebResponse response, Stream responseStream, Boolean asyncCall)
   at System.Web.Services.Protocols.SoapHttpClientProtocol.Invoke(String methodName, Object[] parameters)
   at WebAPI.SsrsReportService.ReportExecutionService.LoadReport(String Report, String HistoryID) in C:\Manasi\Live Projects\Backup\30122020\CPP\CPPv3\WebAPI\CPPWebService\WebAPI\Web References\SsrsReportService\Reference.cs:line 332
   at WebAPI.Controllers.RequestSummaryReportController.generatePDF(String ProjectID, String StartDate, String FileType, String reportName) in C:\Manasi\Live Projects\Backup\30122020\CPP\CPPv3\WebAPI\CPPWebService\WebAPI\Controllers\Reports\RequestSummaryReportController.cs:line 118
INFO  2020-12-30 16:17:39,334 [21] WebAPI.Controllers.RequestSummaryReportController generatePDF - Session ID 
INFO  2020-12-30 16:17:39,334 [21] WebAPI.Controllers.RequestSummaryReportController generatePDF - Rendering PDF report
ERROR 2020-12-30 16:17:45,644 [21] WebAPI.Controllers.RequestSummaryReportController GetReport -    at System.Web.Services.Protocols.SoapHttpClientProtocol.ReadResponse(SoapClientMessage message, WebResponse response, Stream responseStream, Boolean asyncCall)
   at System.Web.Services.Protocols.SoapHttpClientProtocol.Invoke(String methodName, Object[] parameters)
   at WebAPI.SsrsReportService.ReportExecutionService.SetExecutionParameters(ParameterValue[] Parameters, String ParameterLanguage) in C:\Manasi\Live Projects\Backup\30122020\CPP\CPPv3\WebAPI\CPPWebService\WebAPI\Web References\SsrsReportService\Reference.cs:line 647
   at WebAPI.Controllers.RequestSummaryReportController.generatePDF(String ProjectID, String StartDate, String FileType, String reportName) in C:\Manasi\Live Projects\Backup\30122020\CPP\CPPv3\WebAPI\CPPWebService\WebAPI\Controllers\Reports\RequestSummaryReportController.cs:line 135
   at WebAPI.Controllers.RequestSummaryReportController.GetReport(String ProjectID, String StartDate, String FileType) in C:\Manasi\Live Projects\Backup\30122020\CPP\CPPv3\WebAPI\CPPWebService\WebAPI\Controllers\Reports\RequestSummaryReportController.cs:line 25
DEBUG 2020-12-30 16:24:05,722 [41] WebAPI.Models.Organization getOrganization - Getting all organizations. {"SessionID":"18c29198-140a-4d8c-8292-51c7509c7186","Params":{"OrganizationID":"null","KeyStroke":"null"},"RequestedUser":"admin","Result":""}
DEBUG 2020-12-30 16:24:05,730 [41] WebAPI.Models.Organization getOrganization - Retreived Organization List {"SessionID":"18c29198-140a-4d8c-8292-51c7509c7186","Params":{"OrganizationID":"null","KeyStroke":"null"},"RequestedUser":"admin","Result":[{"Operation":0,"OrganizationID":79,"OrganizationName":"New Organisation","ShapeType":"","OrganizationAddress":"","GeocodedLocation":"","RGBValue":"","LatLong":"","Note":"","CreatedDate":"2020-09-27T12:10:42","UpdatedDate":"2020-09-27T12:10:42","CreatedBy":"admin","UpdatedBy":"admin"},{"Operation":0,"OrganizationID":75,"OrganizationName":"Birdi Systems Inc.","ShapeType":"","OrganizationAddress":"723 E. Green Street, Pasadena, CA","GeocodedLocation":"","RGBValue":"","LatLong":"34.144975224064495,-118.13570469617844 34.14497836340614,-118.13549816608429 34.14462675641512,-118.13550218939781 34.144623617060404,-118.1356979906559","Note":"From Solutions to Service.","CreatedDate":"0001-01-01T00:00:00","UpdatedDate":"2019-12-11T19:47:39","CreatedBy":null,"UpdatedBy":"admin"}]}
DEBUG 2020-12-30 16:24:06,021 [6] WebAPI.Models.Organization getOrganization - Getting organization details for OrganizationID {"SessionID":"60b61f77-071f-4f4e-9fae-264e0a171db3","Params":{"OrganizationID":"75","KeyStroke":null},"RequestedUser":"admin","Result":""}
DEBUG 2020-12-30 16:24:06,033 [6] WebAPI.Models.Organization getOrganization - Retreived Organization List {"SessionID":"60b61f77-071f-4f4e-9fae-264e0a171db3","Params":{"OrganizationID":"75","KeyStroke":null},"RequestedUser":"admin","Result":[{"Operation":0,"OrganizationID":75,"OrganizationName":"Birdi Systems Inc.","ShapeType":"","OrganizationAddress":"723 E. Green Street, Pasadena, CA","GeocodedLocation":"","RGBValue":"","LatLong":"34.144975224064495,-118.13570469617844 34.14497836340614,-118.13549816608429 34.14462675641512,-118.13550218939781 34.144623617060404,-118.1356979906559","Note":"From Solutions to Service.","CreatedDate":"0001-01-01T00:00:00","UpdatedDate":"2019-12-11T19:47:39","CreatedBy":null,"UpdatedBy":"admin"}]}
DEBUG 2020-12-30 16:24:08,467 [35] WebAPI.Models.Organization getOrganization - Getting all organizations. {"SessionID":"b552d4b3-245a-43c5-b4e0-9d98a9b0c7ab","Params":{"OrganizationID":"null","KeyStroke":"null"},"RequestedUser":"admin","Result":""}
DEBUG 2020-12-30 16:24:08,471 [35] WebAPI.Models.Organization getOrganization - Retreived Organization List {"SessionID":"b552d4b3-245a-43c5-b4e0-9d98a9b0c7ab","Params":{"OrganizationID":"null","KeyStroke":"null"},"RequestedUser":"admin","Result":[{"Operation":0,"OrganizationID":79,"OrganizationName":"New Organisation","ShapeType":"","OrganizationAddress":"","GeocodedLocation":"","RGBValue":"","LatLong":"","Note":"","CreatedDate":"2020-09-27T12:10:42","UpdatedDate":"2020-09-27T12:10:42","CreatedBy":"admin","UpdatedBy":"admin"},{"Operation":0,"OrganizationID":75,"OrganizationName":"Birdi Systems Inc.","ShapeType":"","OrganizationAddress":"723 E. Green Street, Pasadena, CA","GeocodedLocation":"","RGBValue":"","LatLong":"34.144975224064495,-118.13570469617844 34.14497836340614,-118.13549816608429 34.14462675641512,-118.13550218939781 34.144623617060404,-118.1356979906559","Note":"From Solutions to Service.","CreatedDate":"0001-01-01T00:00:00","UpdatedDate":"2019-12-11T19:47:39","CreatedBy":null,"UpdatedBy":"admin"}]}
